2021-08-08 13:44:07:WARNING:root:Modules are saved
2021-08-08 13:44:07:WARNING:root:Job Weld: 1/2 - 0002
2021-08-08 13:44:07:WARNING:root:Pos: [-250,-1100,40]
2021-08-08 13:44:07:WARNING:root:Gantry: [-250,-1100,560]
2021-08-08 13:44:36:WARNING:root:Modules are saved
2021-08-08 13:44:36:WARNING:root:Job Weld: 1/2 - 0002
2021-08-08 13:44:36:WARNING:root:Pos: [-250,-1100,40]
2021-08-08 13:44:36:WARNING:root:Gantry: [-250,-1100,560]
2021-08-08 13:47:05:WARNING:root:Modules are saved
2021-08-08 13:47:05:WARNING:root:Job Weld: 1/2 - 0002
2021-08-08 13:47:05:WARNING:root:Pos: [-250,-1100,40]
2021-08-08 13:47:05:WARNING:root:Gantry: [-250,-1100,560]
2021-08-08 13:49:22:WARNING:root:Modules are saved
2021-08-08 13:49:22:WARNING:root:Job Weld: 1/2 - 0002
2021-08-08 13:49:22:WARNING:root:Pos: [-250,-1100,40]
2021-08-08 13:49:22:WARNING:root:Gantry: [-250,-1100,560]
2021-08-08 13:50:16:WARNING:root:Modules are saved
2021-08-08 13:50:16:WARNING:root:Job Weld: 1/2 - 0002
2021-08-08 13:50:16:WARNING:root:Pos: [-250,-1100,40]
2021-08-08 13:50:16:WARNING:root:Gantry: [-250,-1100,560]
2021-08-08 13:56:26:WARNING:root:Modules are saved
2021-08-08 13:56:26:WARNING:root:Job Weld: 1/2 - 0002
2021-08-08 13:56:26:WARNING:root:Pos: [-250,-1100,40]
2021-08-08 13:56:26:WARNING:root:Gantry: [-250,-1100,560]
2021-08-08 13:56:26:WARNING:root:Start to run Part_0002...
2021-08-08 13:58:21:WARNING:root:Modules are saved
2021-08-08 13:58:21:WARNING:root:Job Weld: 1/2 - 0002
2021-08-08 13:58:21:WARNING:root:Pos: [-250,-1100,40]
2021-08-08 13:58:21:WARNING:root:Gantry: [-250,-1100,560]
2021-08-08 13:58:21:WARNING:root:Start to run Part_0002...
2021-08-08 13:59:56:WARNING:root:Modules are saved
2021-08-08 13:59:56:WARNING:root:Job Weld: 1/2 - 0002
2021-08-08 13:59:56:WARNING:root:Pos: [-250,-1100,40]
2021-08-08 13:59:57:WARNING:root:Gantry: [-250,-1100,560]
2021-08-08 13:59:57:WARNING:root:Start to run Part_0002...
2021-08-08 14:00:03:WARNING:root:Scan_1D_Laser for oframe
2021-08-08 14:01:31:WARNING:root:Modules are saved
2021-08-08 14:01:31:WARNING:root:Job Weld: 1/2 - 0002
2021-08-08 14:01:31:WARNING:root:Pos: [-250,-1100,40]
2021-08-08 14:01:31:WARNING:root:Gantry: [-250,-1100,560]
2021-08-08 14:01:31:WARNING:root:Start to run Part_0002...
2021-08-08 14:03:23:WARNING:root:Modules are saved
2021-08-08 14:03:23:WARNING:root:Job Weld: 1/2 - 0002
2021-08-08 14:03:23:WARNING:root:Pos: [-250,-1100,40]
2021-08-08 14:03:23:WARNING:root:Gantry: [-250,-1100,560]
2021-08-08 14:03:23:WARNING:root:Start to run Part_0002...
2021-08-08 14:25:29:WARNING:root:Modules are saved
2021-08-08 14:25:29:WARNING:root:Job Weld: 1/2 - 0002
2021-08-08 14:25:29:WARNING:root:Pos: [-250,-1100,40]
2021-08-08 14:25:29:WARNING:root:Gantry: [-250,-1100,520]
2021-08-08 14:25:29:WARNING:root:Start to run Part_0002...
2021-08-08 14:26:58:WARNING:root:Modules are saved
2021-08-08 14:26:58:WARNING:root:Job Weld: 1/2 - 0002
2021-08-08 14:26:58:WARNING:root:Pos: [-250,-1100,40]
2021-08-08 14:26:58:WARNING:root:Gantry: [-250,-1100,520]
2021-08-08 14:26:58:WARNING:root:Start to run Part_0002...
2021-08-08 14:28:22:WARNING:root:Modules are saved
2021-08-08 14:28:22:WARNING:root:Job Weld: 1/2 - 0002
2021-08-08 14:28:22:WARNING:root:Pos: [-250,-1100,40]
2021-08-08 14:28:22:WARNING:root:Gantry: [-250,-1100,520]
2021-08-08 14:28:22:WARNING:root:Start to run Part_0002...
2021-08-08 14:39:53:WARNING:root:Modules are saved
2021-08-08 14:39:53:WARNING:root:Job Weld: 1/2 - 0002
2021-08-08 14:39:53:WARNING:root:Pos: [-250,-1100,40]
2021-08-08 14:39:53:WARNING:root:Gantry: [-250,-1100,520]
2021-08-08 14:39:53:WARNING:root:Start to run Part_0002...
2021-08-08 14:49:14:WARNING:root:Modules are saved
2021-08-08 14:49:14:WARNING:root:Job Weld: 1/2 - 0002
2021-08-08 14:49:14:WARNING:root:Pos: [-250,-1100,40]
2021-08-08 14:49:14:WARNING:root:Gantry: [-250,-1100,520]
2021-08-08 14:49:14:WARNING:root:Start to run Part_0002...
2021-08-08 14:51:44:WARNING:root:Modules are saved
2021-08-08 14:51:44:WARNING:root:Job Weld: 1/2 - 0002
2021-08-08 14:51:44:WARNING:root:Pos: [-250,-1100,40]
2021-08-08 14:51:44:WARNING:root:Gantry: [-250,-1100,520]
2021-08-08 14:51:44:WARNING:root:Start to run Part_0002...
2021-08-08 14:55:59:WARNING:root:Modules are saved
2021-08-08 14:55:59:WARNING:root:Job Weld: 1/2 - 0002
2021-08-08 14:55:59:WARNING:root:Pos: [-250,-1100,40]
2021-08-08 14:55:59:WARNING:root:Gantry: [-250,-1100,520]
2021-08-08 14:55:59:WARNING:root:Start to run Part_0002...
2021-08-08 15:14:56:WARNING:root:Modules are saved
2021-08-08 15:14:56:WARNING:root:Job Weld: 1/2 - 0002
2021-08-08 15:14:56:WARNING:root:Pos: [-250,-1100,40]
2021-08-08 15:14:56:WARNING:root:Gantry: [-250,-1100,520]
2021-08-08 15:14:56:WARNING:root:Start to run Part_0002...
2021-08-08 15:30:07:WARNING:root:Modules are saved
2021-08-08 15:30:07:WARNING:root:Job Weld: 1/2 - 0002
2021-08-08 15:30:07:WARNING:root:Pos: [-250,-1100,40]
2021-08-08 15:30:07:WARNING:root:Gantry: [-250,-1100,520]
2021-08-08 15:30:07:WARNING:root:Start to run Part_0002...
2021-08-08 15:33:25:WARNING:root:Modules are saved
2021-08-08 15:33:25:WARNING:root:Job Weld: 1/2 - 0002
2021-08-08 15:33:25:WARNING:root:Pos: [-250,-1100,40]
2021-08-08 15:33:25:WARNING:root:Gantry: [-250,-1100,520]
2021-08-08 15:33:25:WARNING:root:Start to run Part_0002...
2021-08-08 15:34:32:WARNING:root:Modules are saved
2021-08-08 15:34:32:WARNING:root:Job Weld: 1/2 - 0002
2021-08-08 15:34:32:WARNING:root:Pos: [-250,-1100,40]
2021-08-08 15:34:32:WARNING:root:Gantry: [-250,-1100,520]
2021-08-08 15:34:32:WARNING:root:Start to run Part_0002...
2021-08-08 15:37:18:WARNING:root:Modules are saved
2021-08-08 15:37:18:WARNING:root:Job Weld: 1/2 - 0002
2021-08-08 15:37:18:WARNING:root:Pos: [-250,-1100,40]
2021-08-08 15:37:18:WARNING:root:Gantry: [-250,-1100,520]
2021-08-08 15:37:18:WARNING:root:Start to run Part_0002...
2021-08-08 15:39:02:WARNING:root:Part_0002 is done
2021-08-08 15:40:56:WARNING:root:Modules are saved
2021-08-08 15:40:56:WARNING:root:Job Weld: 1/2 - 0002
2021-08-08 15:40:56:WARNING:root:Pos: [-250,-1100,40]
2021-08-08 15:40:56:WARNING:root:Gantry: [-250,-1100,520]
2021-08-08 15:40:56:WARNING:root:Start to run Part_0002...
2021-08-08 15:42:22:WARNING:root:Modules are saved
2021-08-08 15:42:22:WARNING:root:Job Weld: 1/2 - 0002
2021-08-08 15:42:22:WARNING:root:Pos: [-250,-1100,40]
2021-08-08 15:42:22:WARNING:root:Gantry: [-250,-1100,520]
2021-08-08 15:42:22:WARNING:root:Start to run Part_0002...
2021-08-08 15:45:44:WARNING:root:Modules are saved
2021-08-08 15:45:44:WARNING:root:Job Weld: 1/2 - 0003
2021-08-08 15:45:44:WARNING:root:Pos: [-1450,-1100,40]
2021-08-08 15:45:44:WARNING:root:Gantry: [-1450,-1100,520]
2021-08-08 15:45:44:WARNING:root:Start to run Part_0003...
2021-08-08 15:46:30:WARNING:root:Modules are saved
2021-08-08 15:46:30:WARNING:root:Job Weld: 1/2 - 0003
2021-08-08 15:46:30:WARNING:root:Pos: [-1450,-1100,40]
2021-08-08 15:46:30:WARNING:root:Gantry: [-1450,-1100,520]
2021-08-08 15:46:30:WARNING:root:Start to run Part_0003...
2021-08-08 15:57:44:WARNING:root:Modules are saved
2021-08-08 15:57:44:WARNING:root:Job Weld: 1/2 - 0003
2021-08-08 15:57:44:WARNING:root:Pos: [-1450,-1100,40]
2021-08-08 15:57:44:WARNING:root:Gantry: [-1450,-1100,520]
2021-08-08 15:57:44:WARNING:root:Start to run Part_0003...
2021-08-08 15:57:59:WARNING:root:Modules are saved
2021-08-08 15:57:59:WARNING:root:Job Weld: 1/2 - 0003
2021-08-08 15:57:59:WARNING:root:Pos: [-1450,-1100,40]
2021-08-08 15:57:59:WARNING:root:Gantry: [-1450,-1100,520]
2021-08-08 15:57:59:WARNING:root:Start to run Part_0003...
2021-08-08 16:29:23:WARNING:root:Modules are saved
2021-08-08 16:29:23:WARNING:root:Job Weld: 1/2 - 0003
2021-08-08 16:29:23:WARNING:root:Pos: [-1450,-1100,40]
2021-08-08 16:29:23:WARNING:root:Gantry: [-1450,-1100,520]
2021-08-08 16:29:23:WARNING:root:Start to run Part_0003...
