2021-08-09 10:43:10:WARNING:root:Modules are saved
2021-08-09 10:43:10:WARNING:root:Job Weld: 1/2 - 0003
2021-08-09 10:43:10:WARNING:root:Pos: [-1450,-1100,40]
2021-08-09 10:43:10:WARNING:root:Gantry: [-1450,-1100,520]
2021-08-09 15:55:58:WARNING:root:Modules are saved
2021-08-09 15:55:58:WARNING:root:Job Weld: 1/2 - 0003
2021-08-09 15:55:58:WARNING:root:Pos: [-1450,-1100,40]
2021-08-09 15:55:58:WARNING:root:Gantry: [-1450,-1100,520]
2021-08-09 16:16:18:WARNING:root:BaseFramePosZ=1680
2021-08-09 16:18:47:WARNING:root:BaseFramePosZ=1680
2021-08-09 16:18:47:WARNING:root:Move Gantry to [-2000,0,556]
2021-08-09 16:38:36:WARNING:root:BaseFramePosZ=1680
2021-08-09 16:38:36:WARNING:root:Move Gantry to [-1500,500,656]
2021-08-09 16:39:59:WARNING:root:BaseFramePosZ=1680
2021-08-09 16:39:59:WARNING:root:Move Gantry to [-1500,500,556]
2021-08-09 16:40:06:WARNING:root:BaseFramePosZ=1680
2021-08-09 16:40:06:WARNING:root:Move Gantry to [-2500,500,556]
2021-08-09 16:42:43:WARNING:root:BaseFramePosZ=1680
2021-08-09 16:42:43:WARNING:root:Move Gantry to [-2500,500,556]
2021-08-09 16:42:52:WARNING:root:BaseFramePosZ=1680
2021-08-09 16:42:52:WARNING:root:Move Gantry to [-2500,-500,556]
2021-08-09 16:43:01:WARNING:root:BaseFramePosZ=1680
2021-08-09 16:43:01:WARNING:root:Move Gantry to [-1500,-500,556]
2021-08-09 16:43:19:WARNING:root:BaseFramePosZ=1680
2021-08-09 16:43:19:WARNING:root:Move Gantry to [-2500,500,556]
2021-08-09 16:46:20:WARNING:root:BaseFramePosZ=1680
2021-08-09 16:46:20:WARNING:root:Move Gantry to [-1000,500,556]
2021-08-09 16:46:32:WARNING:root:BaseFramePosZ=1680
2021-08-09 16:46:32:WARNING:root:Move Gantry to [-2000,500,556]
2021-08-09 16:46:57:WARNING:root:Modules are saved
2021-08-09 16:46:57:WARNING:root:Job Weld: 1/2 - 0003
2021-08-09 16:46:57:WARNING:root:Pos: [-1450,-1100,40]
2021-08-09 16:46:57:WARNING:root:Gantry: [-1450,-1100,520]
2021-08-09 16:47:42:WARNING:root:BaseFramePosZ=1680
2021-08-09 16:47:42:WARNING:root:Move Gantry to [-950,-600,540]
2021-08-09 16:47:57:WARNING:root:BaseFramePosZ=1680
2021-08-09 16:47:57:WARNING:root:Move Gantry to [-950,-600,540]
2021-08-09 16:48:06:WARNING:root:BaseFramePosZ=1680
2021-08-09 16:48:06:WARNING:root:Move Gantry to [-1950,-1600,540]
2021-08-09 16:50:04:WARNING:root:BaseFramePosZ=1680
2021-08-09 16:50:04:WARNING:root:Move Gantry to [-1000,500,556]
