2021-08-14 09:25:41:WARNING:root:Modules are saved
2021-08-14 09:25:41:WARNING:root:Job Weld: 1/1 - 1002
2021-08-14 09:25:41:WARNING:root:Pos: [-513,-36,67]
2021-08-14 09:25:41:WARNING:root:Gantry: [-513,-36,-67]
2021-08-14 09:26:27:WARNING:root:Start to run Template_1002...
2021-08-14 09:26:40:WARNING:root:Search oframe
2021-08-14 09:28:10:WARNING:root:Modules are saved
2021-08-14 09:28:10:WARNING:root:Job Weld: 1/1 - 1002
2021-08-14 09:28:10:WARNING:root:Pos: [-513,-36,67]
2021-08-14 09:28:10:WARNING:root:Gantry: [-513,-36,-67]
2021-08-14 09:28:17:WARNING:root:Start to run Template_1002...
2021-08-14 09:28:17:WARNING:root:Search oframe
2021-08-14 09:28:21:WARNING:root:Scan: pQ2_Y1=[-0.03,74.99,-0.03]
2021-08-14 09:28:34:WARNING:root:Found: pQ2_Y1_Found=[18.87,89.62,-1.06]
2021-08-14 09:28:34:WARNING:root:Scan: pQ2_Y2=[-0.03,200,-0.03]
2021-08-14 09:28:36:WARNING:root:Found: pQ2_Y2_Found=[16.42,214.94,-0.56]
2021-08-14 09:28:41:WARNING:root:Scan: pQ2_Z2=[0,0,250]
2021-08-14 09:28:50:WARNING:root:Found: pQ2_Z2_Found=[17.33,5.93,231.46]
2021-08-14 09:28:50:WARNING:root:poseFrame.trans:=[20.4868,6.92074,-1.38995]
2021-08-14 09:28:50:WARNING:root:poseFrame.rot:=[91.12,-0.228553,89.2187]
2021-08-14 09:28:50:WARNING:root:oframe.trans:=[20.4868,6.92074,-1.38995]
2021-08-14 09:28:50:WARNING:root:oframe.rot:=[0,0,0]
2021-08-14 09:28:56:WARNING:root:Scan: pSearchSeam1_1=[-100,0,0]
2021-08-14 09:29:06:WARNING:root:Found: pSeamFound1_1=[-114.27,-5.85,-0.19]
2021-08-14 09:29:06:WARNING:root:Scan: pSearchSeam1_2=[-25,0,0]
2021-08-14 09:29:08:WARNING:root:Found: pSeamFound1_2=[-39.74,-3.74,0.43]
2021-08-14 09:29:09:DEBUG:root:pos0=[-132,0,0]
2021-08-14 09:29:09:DEBUG:root:pos1=[-114.3,-5.8,-0.2], pos2=[-39.7,-3.7,0.4]
2021-08-14 09:29:09:DEBUG:root:DropFeet=[-131.8,-6.3,-0.3], Advised=[-131.8,-6.3,-0.3]
2021-08-14 09:29:09:DEBUG:root:Offset=[0.2,-6.3,-0.3]
2021-08-14 09:29:09:DEBUG:root:pos0=[-10,0,0]
2021-08-14 09:29:09:DEBUG:root:pos1=[-114.3,-5.8,-0.2], pos2=[-39.7,-3.7,0.4]
2021-08-14 09:29:09:DEBUG:root:DropFeet=[-9.9,-2.9,0.7], Advised=[-9.9,-2.9,0.7]
2021-08-14 09:29:09:DEBUG:root:Offset=[0.1,-2.9,0.7]
2021-08-14 09:29:50:WARNING:root:Scan: pSearchSeam2_1=[0,0,50]
2021-08-14 09:30:05:WARNING:root:Found: pSeamFound2_1=[-0.8,-0.93,65.44]
2021-08-14 09:30:05:WARNING:root:Scan: pSearchSeam2_2=[0,0,250]
2021-08-14 09:30:12:WARNING:root:Found: pSeamFound2_2=[-3.56,-0.76,235.03]
2021-08-14 09:30:12:DEBUG:root:pos0=[0,0,10]
2021-08-14 09:30:12:DEBUG:root:pos1=[-0.8,-0.9,65.4], pos2=[-3.6,-0.8,235]
2021-08-14 09:30:12:DEBUG:root:DropFeet=[0.1,-1,10], Advised=[0.1,-1,10]
2021-08-14 09:30:12:DEBUG:root:Offset=[0.1,-1,0]
2021-08-14 09:30:12:DEBUG:root:pos0=[0,0,100]
2021-08-14 09:30:12:DEBUG:root:pos1=[-0.8,-0.9,65.4], pos2=[-3.6,-0.8,235]
2021-08-14 09:30:12:DEBUG:root:DropFeet=[-1.4,-0.9,100], Advised=[-1.4,-0.9,100]
2021-08-14 09:30:12:DEBUG:root:Offset=[-1.4,-0.9,0]
2021-08-14 09:30:12:DEBUG:root:pos0=[0,0,350]
2021-08-14 09:30:12:DEBUG:root:pos1=[-0.8,-0.9,65.4], pos2=[-3.6,-0.8,235]
2021-08-14 09:30:12:DEBUG:root:DropFeet=[-5.4,-0.6,349.9], Advised=[-5.4,-0.6,349.9]
2021-08-14 09:30:12:DEBUG:root:Offset=[-5.4,-0.6,-0.1]
2021-08-14 09:32:38:WARNING:root:Scan: pSearchSeam3_1=[-100,-11,0]
2021-08-14 09:32:44:WARNING:root:Found: pSeamFound3_1=[-115.03,-12.8,-3.34]
2021-08-14 09:32:44:WARNING:root:Scan: pSearchSeam3_2=[-25,-11,0]
2021-08-14 09:32:46:WARNING:root:Found: pSeamFound3_2=[-39.84,-11.18,-3.17]
2021-08-14 09:32:46:DEBUG:root:pos0=[-132,-11,0]
2021-08-14 09:32:46:DEBUG:root:pos1=[-115,-12.8,-3.3], pos2=[-39.8,-11.2,-3.2]
2021-08-14 09:32:46:DEBUG:root:DropFeet=[-131.9,-13.2,-3.4], Advised=[-131.9,-13.2,-3.4]
2021-08-14 09:32:46:DEBUG:root:Offset=[0.1,-2.2,-3.4]
2021-08-14 09:32:46:DEBUG:root:pos0=[-10,-11,0]
2021-08-14 09:32:46:DEBUG:root:pos1=[-115,-12.8,-3.3], pos2=[-39.8,-11.2,-3.2]
2021-08-14 09:32:46:DEBUG:root:DropFeet=[-10,-10.5,-3.1], Advised=[-10,-10.5,-3.1]
2021-08-14 09:32:46:DEBUG:root:Offset=[0,0.5,-3.1]
2021-08-14 09:33:26:WARNING:root:Scan: pSearchSeam3_2=[-25,-11,0]
2021-08-14 09:33:32:WARNING:root:Found: pSeamFound3_2=[-39.69,-10.58,-3.31]
2021-08-14 09:33:41:DEBUG:root:pos0=[-132,-11,0]
2021-08-14 09:33:41:DEBUG:root:pos1=[-115,-12.8,-3.3], pos2=[-39.7,-10.6,-3.3]
2021-08-14 09:33:41:DEBUG:root:DropFeet=[-131.9,-13.3,-3.3], Advised=[-131.9,-13.3,-3.3]
2021-08-14 09:33:41:DEBUG:root:Offset=[0.1,-2.3,-3.3]
2021-08-14 09:33:42:DEBUG:root:pos0=[-10,-11,0]
2021-08-14 09:33:42:DEBUG:root:pos1=[-115,-12.8,-3.3], pos2=[-39.7,-10.6,-3.3]
2021-08-14 09:33:42:DEBUG:root:DropFeet=[-10,-9.7,-3.3], Advised=[-10,-9.7,-3.3]
2021-08-14 09:33:42:DEBUG:root:Offset=[0,1.3,-3.3]
2021-08-14 09:34:25:WARNING:root:Scan: pSearchSeam4_1=[0,-11,50]
2021-08-14 09:34:35:WARNING:root:Found: pSeamFound4_1=[-5.92,-11.04,67.11]
2021-08-14 09:34:35:WARNING:root:Scan: pSearchSeam4_2=[0,-11,250]
2021-08-14 09:34:44:WARNING:root:Found: pSeamFound4_2=[-8.04,-10.15,235.71]
2021-08-14 09:35:12:WARNING:root:Scan: pSearchSeam4_1=[0,-11,50]
2021-08-14 09:35:18:WARNING:root:Found: pSeamFound4_1=[-5.89,-10.96,67.09]
2021-08-14 09:35:19:WARNING:root:Scan: pSearchSeam4_2=[0,-11,250]
2021-08-14 09:35:26:WARNING:root:Found: pSeamFound4_2=[-7.16,-10.84,235.68]
2021-08-14 09:35:51:DEBUG:root:pos0=[0,-11,10]
2021-08-14 09:35:51:DEBUG:root:pos1=[-5.9,-11,67.1], pos2=[-7.2,-10.8,235.7]
2021-08-14 09:35:51:DEBUG:root:DropFeet=[-5.5,-11,10], Advised=[-5.5,-11,10]
2021-08-14 09:35:51:DEBUG:root:Offset=[-5.5,0,0]
2021-08-14 09:35:51:DEBUG:root:pos0=[0,-11,100]
2021-08-14 09:35:51:DEBUG:root:pos1=[-5.9,-11,67.1], pos2=[-7.2,-10.8,235.7]
2021-08-14 09:35:51:DEBUG:root:DropFeet=[-6.1,-10.9,100], Advised=[-6.1,-10.9,100]
2021-08-14 09:35:51:DEBUG:root:Offset=[-6.1,0.1,0]
2021-08-14 09:35:51:DEBUG:root:pos0=[0,-11,370]
2021-08-14 09:35:51:DEBUG:root:pos1=[-5.9,-11,67.1], pos2=[-7.2,-10.8,235.7]
2021-08-14 09:35:51:DEBUG:root:DropFeet=[-8.2,-10.7,369.9], Advised=[-8.2,-10.7,369.9]
2021-08-14 09:35:51:DEBUG:root:Offset=[-8.2,0.3,-0.1]
2021-08-14 09:37:31:WARNING:root:Scan: pSearchSeam5_1=[-143.5,-25,0]
2021-08-14 09:37:41:WARNING:root:Found: pSeamFound5_1=[-145.67,-39.52,-5.22]
2021-08-14 09:38:37:WARNING:root:Scan: pSearchSeam5_1=[-143.5,-25,0]
2021-08-14 09:38:43:WARNING:root:Found: pSeamFound5_1=[-144.56,-39.58,-4.75]
2021-08-14 09:38:45:WARNING:root:Scan: pSearchSeam5_2=[-143.5,-125,0]
2021-08-14 09:38:47:WARNING:root:Found: pSeamFound5_2=[-142.15,-139.02,-5.25]
2021-08-14 09:39:24:DEBUG:root:pos0=[-143.5,-155.5,0]
2021-08-14 09:39:24:DEBUG:root:pos1=[-144.6,-39.6,-4.8], pos2=[-142.1,-139,-5.3]
2021-08-14 09:39:24:DEBUG:root:DropFeet=[-141.8,-155.4,-5.3], Advised=[-141.8,-155.4,-5.3]
2021-08-14 09:39:24:DEBUG:root:Offset=[1.7,0.1,-5.3]
2021-08-14 09:39:25:DEBUG:root:pos0=[-143.5,-11,0]
2021-08-14 09:39:25:DEBUG:root:pos1=[-144.6,-39.6,-4.8], pos2=[-142.1,-139,-5.3]
2021-08-14 09:39:25:DEBUG:root:DropFeet=[-145.3,-11,-4.6], Advised=[-145.3,-11,-4.6]
2021-08-14 09:39:25:DEBUG:root:Offset=[-1.8,0,-4.6]
2021-08-14 09:40:27:WARNING:root:Scan: pSearchSeam6_1=[0,-116.94,434.86]
2021-08-14 09:40:35:WARNING:root:Found: pSeamFound6_1=[-2.58,-129.45,446.25]
2021-08-14 09:40:35:WARNING:root:Scan: pSearchSeam6_2=[0,125,432.02]
2021-08-14 09:40:37:WARNING:root:Found: pSeamFound6_2=[-7.67,113.51,443.44]
2021-08-14 09:40:37:DEBUG:root:pos0=[0,-144.5,416]
2021-08-14 09:40:37:DEBUG:root:pos1=[-2.6,-129.4,446.3], pos2=[-7.7,113.5,443.4]
2021-08-14 09:40:37:DEBUG:root:DropFeet=[-2.3,-144.2,446.4], Advised=[-2.3,-144.2,446.4]
2021-08-14 09:40:37:DEBUG:root:Offset=[-2.3,0.3,30.4]
2021-08-14 09:40:37:DEBUG:root:pos0=[0,144.5,416]
2021-08-14 09:40:37:DEBUG:root:pos1=[-2.6,-129.4,446.3], pos2=[-7.7,113.5,443.4]
2021-08-14 09:40:37:DEBUG:root:DropFeet=[-8.3,144.6,443.1], Advised=[-8.3,144.6,443.1]
2021-08-14 09:40:37:DEBUG:root:Offset=[-8.3,0.1,27.1]
2021-08-14 09:41:35:WARNING:root:Scan: pSearchSeam7_1=[-156.56,23.99,-0.01]
2021-08-14 09:52:29:WARNING:root:Found: pSeamFound7_1=[-142.19,39.58,-0.7]
2021-08-14 09:52:29:WARNING:root:Scan: pSearchSeam7_2=[-156,100,0]
2021-08-14 09:52:31:WARNING:root:Found: pSeamFound7_2=[-143.71,115.76,-0.48]
2021-08-14 09:52:31:DEBUG:root:pos0=[-143.5,25,0]
2021-08-14 09:52:31:DEBUG:root:pos1=[-142.2,39.6,-0.7], pos2=[-143.7,115.8,-0.5]
2021-08-14 09:52:31:DEBUG:root:DropFeet=[-141.9,25,-0.7], Advised=[-141.9,25,-0.7]
2021-08-14 09:52:31:DEBUG:root:Offset=[1.6,0,-0.7]
2021-08-14 09:52:31:DEBUG:root:pos0=[-143.5,125,0]
2021-08-14 09:52:31:DEBUG:root:pos1=[-142.2,39.6,-0.7], pos2=[-143.7,115.8,-0.5]
2021-08-14 09:52:31:DEBUG:root:DropFeet=[-143.9,125,-0.5], Advised=[-143.9,125,-0.5]
2021-08-14 09:52:31:DEBUG:root:Offset=[-0.4,0,-0.5]
2021-08-14 10:08:31:WARNING:root:Modules are saved
2021-08-14 10:08:31:WARNING:root:Job Weld: 1/1 - 1002
2021-08-14 10:08:31:WARNING:root:Pos: [-513,-36,67]
2021-08-14 10:08:31:WARNING:root:Gantry: [-513,-36,-67]
2021-08-14 10:08:43:WARNING:root:Start to run Template_1002...
2021-08-14 10:08:49:WARNING:root:Search oframe
2021-08-14 10:09:39:WARNING:root:Modules are saved
2021-08-14 10:09:39:WARNING:root:Job Weld: 1/1 - 1002
2021-08-14 10:09:39:WARNING:root:Pos: [-513,-36,67]
2021-08-14 10:09:39:WARNING:root:Gantry: [-513,-36,-67]
2021-08-14 10:09:47:WARNING:root:Start to run Template_1002...
2021-08-14 10:12:00:WARNING:root:Modules are saved
2021-08-14 10:12:00:WARNING:root:Job Weld: 1/1 - 1002
2021-08-14 10:12:00:WARNING:root:Pos: [-513,-36,67]
2021-08-14 10:12:00:WARNING:root:Gantry: [-513,-36,-67]
2021-08-14 10:12:07:WARNING:root:Start to run Template_1002...
2021-08-14 10:12:07:WARNING:root:Search oframe
2021-08-14 10:12:11:WARNING:root:Scan: pQ2_Y1=[-0.03,74.99,-0.03]
2021-08-14 10:12:21:WARNING:root:Found: pQ2_Y1_Found=[18.97,89.63,-1.06]
2021-08-14 10:12:21:WARNING:root:Scan: pQ2_Y2=[-0.03,200,-0.03]
2021-08-14 10:12:23:WARNING:root:Found: pQ2_Y2_Found=[16.19,214.97,-0.49]
2021-08-14 10:12:28:WARNING:root:Scan: pQ2_Z2=[0,0,250]
2021-08-14 10:12:37:WARNING:root:Found: pQ2_Z2_Found=[17.09,5.87,231.51]
2021-08-14 10:12:38:WARNING:root:poseFrame.trans:=[20.8024,7.01169,-1.43572]
2021-08-14 10:12:38:WARNING:root:poseFrame.rot:=[91.2706,-0.260496,89.081]
2021-08-14 10:12:38:WARNING:root:oframe.trans:=[20.8024,7.01169,-1.43572]
2021-08-14 10:12:38:WARNING:root:oframe.rot:=[0,0,0]
2021-08-14 10:19:58:WARNING:root:Modules are saved
2021-08-14 10:19:58:WARNING:root:Job Weld: 1/1 - 1002
2021-08-14 10:19:58:WARNING:root:Pos: [-513,-36,67]
2021-08-14 10:19:58:WARNING:root:Gantry: [-513,-36,-67]
2021-08-14 10:20:06:WARNING:root:Start to run Template_1002...
2021-08-14 10:20:07:WARNING:root:Search oframe
2021-08-14 10:20:10:WARNING:root:Scan: pQ2_Y1=[-0.03,74.99,-0.03]
2021-08-14 10:20:20:WARNING:root:Found: pQ2_Y1_Found=[18.87,89.64,-1.02]
2021-08-14 10:20:20:WARNING:root:Scan: pQ2_Y2=[-0.03,200,-0.03]
2021-08-14 10:20:22:WARNING:root:Found: pQ2_Y2_Found=[16.29,214.94,-0.56]
2021-08-14 10:20:27:WARNING:root:Scan: pQ2_Z2=[0,0,250]
2021-08-14 10:20:37:WARNING:root:Found: pQ2_Z2_Found=[17.2,6.21,231.55]
2021-08-14 10:20:37:WARNING:root:poseFrame.trans:=[20.5688,7.13429,-1.32289]
2021-08-14 10:20:37:WARNING:root:poseFrame.rot:=[91.1796,-0.210301,89.1667]
2021-08-14 10:20:37:WARNING:root:oframe.trans:=[20.5688,7.13429,-1.32289]
2021-08-14 10:20:37:WARNING:root:oframe.rot:=[0,0,0]
2021-08-14 10:24:20:WARNING:root:Modules are saved
2021-08-14 10:24:20:WARNING:root:Job Weld: 1/1 - 1002
2021-08-14 10:24:20:WARNING:root:Pos: [-513,-36,67]
2021-08-14 10:24:20:WARNING:root:Gantry: [-513,-36,-67]
2021-08-14 10:24:29:WARNING:root:Start to run Template_1002...
2021-08-14 10:24:30:WARNING:root:Search oframe
2021-08-14 10:24:33:WARNING:root:Scan: pQ2_Y1=[-0.03,74.99,-0.03]
2021-08-14 10:24:43:WARNING:root:Found: pQ2_Y1_Found=[18.87,89.64,-1.01]
2021-08-14 10:24:43:WARNING:root:Scan: pQ2_Y2=[-0.03,200,-0.03]
2021-08-14 10:24:45:WARNING:root:Found: pQ2_Y2_Found=[16.3,214.99,-0.43]
2021-08-14 10:24:50:WARNING:root:Scan: pQ2_Z2=[0,0,250]
2021-08-14 10:25:00:WARNING:root:Found: pQ2_Z2_Found=[17.1,5.97,231.52]
2021-08-14 10:25:05:WARNING:root:poseFrame.trans:=[20.5619,7.11867,-1.39183]
2021-08-14 10:25:05:WARNING:root:poseFrame.rot:=[91.1746,-0.265052,89.1428]
2021-08-14 10:25:05:WARNING:root:oframe.trans:=[20.5619,7.11867,-1.39183]
2021-08-14 10:25:05:WARNING:root:oframe.rot:=[0,0,0]
2021-08-14 10:48:12:WARNING:root:Modules are saved
2021-08-14 10:48:12:WARNING:root:Job Weld: 1/1 - 1002
2021-08-14 10:48:12:WARNING:root:Pos: [-513,-36,67]
2021-08-14 10:48:12:WARNING:root:Gantry: [-513,-36,-67]
2021-08-14 10:48:18:WARNING:root:Start to run Template_1002...
2021-08-14 10:48:18:WARNING:root:BaseFramePosZ=1680
2021-08-14 10:48:28:WARNING:root:Search oframe
2021-08-14 10:48:28:WARNING:root:Scan: pQ2_Y1=[-0.03,74.99,-0.03]
2021-08-14 10:49:12:WARNING:root:Modules are saved
2021-08-14 10:49:12:WARNING:root:Job Weld: 1/1 - 1002
2021-08-14 10:49:12:WARNING:root:Pos: [-513,-36,67]
2021-08-14 10:49:12:WARNING:root:Gantry: [-513,-36,-67]
2021-08-14 10:49:18:WARNING:root:Start to run Template_1002...
2021-08-14 10:49:18:WARNING:root:BaseFramePosZ=1680
2021-08-14 10:50:00:WARNING:root:BaseFramePosZ=1680
2021-08-14 10:50:18:WARNING:root:Modules are saved
2021-08-14 10:50:18:WARNING:root:Job Weld: 1/1 - 1002
2021-08-14 10:50:18:WARNING:root:Pos: [-513,-36,67]
2021-08-14 10:50:18:WARNING:root:Gantry: [-513,-36,-67]
2021-08-14 10:50:24:WARNING:root:Start to run Template_1002...
2021-08-14 10:50:24:WARNING:root:BaseFramePosZ=1680
2021-08-14 10:50:32:WARNING:root:Search oframe
2021-08-14 10:50:32:WARNING:root:Scan: pQ2_Y1=[-0.03,74.99,-0.03]
2021-08-14 10:50:43:WARNING:root:Found: pQ2_Y1_Found=[19.06,89.65,-0.96]
2021-08-14 10:50:43:WARNING:root:Scan: pQ2_Y2=[-0.03,200,-0.03]
2021-08-14 10:50:45:WARNING:root:Found: pQ2_Y2_Found=[16.36,214.95,-0.51]
2021-08-14 10:50:50:WARNING:root:Scan: pQ2_Z2=[0,0,250]
2021-08-14 10:50:59:WARNING:root:Found: pQ2_Z2_Found=[17.49,5.97,231.43]
2021-08-14 10:50:59:WARNING:root:poseFrame.trans:=[20.8436,6.87793,-1.25727]
2021-08-14 10:50:59:WARNING:root:poseFrame.rot:=[91.2344,-0.205722,89.1697]
2021-08-14 10:50:59:WARNING:root:oframe.trans:=[20.8436,6.87793,-1.25727]
2021-08-14 10:50:59:WARNING:root:oframe.rot:=[0,0,0]
2021-08-14 10:51:05:WARNING:root:Scan: pSearchSeam1_1=[-100,0,0]
2021-08-14 10:51:15:WARNING:root:Found: pSeamFound1_1=[-114.29,-5.75,-0.09]
2021-08-14 10:51:15:WARNING:root:Scan: pSearchSeam1_2=[-25,0,0]
2021-08-14 10:51:16:WARNING:root:Found: pSeamFound1_2=[-39.75,-3.68,0.36]
2021-08-14 10:51:17:DEBUG:root:pos0=[-132,0,0]
2021-08-14 10:51:17:DEBUG:root:pos1=[-114.3,-5.8,-0.1], pos2=[-39.8,-3.7,0.4]
2021-08-14 10:51:17:DEBUG:root:DropFeet=[-131.8,-6.2,-0.2], Advised=[-131.8,-6.2,-0.2]
2021-08-14 10:51:18:DEBUG:root:Offset=[0.2,-6.2,-0.2]
2021-08-14 10:51:18:DEBUG:root:pos0=[-10,0,0]
2021-08-14 10:51:18:DEBUG:root:pos1=[-114.3,-5.8,-0.1], pos2=[-39.8,-3.7,0.4]
2021-08-14 10:51:18:DEBUG:root:DropFeet=[-9.9,-2.9,0.5], Advised=[-9.9,-2.9,0.5]
2021-08-14 10:51:18:DEBUG:root:Offset=[0.1,-2.9,0.5]
2021-08-14 10:51:59:WARNING:root:Scan: pSearchSeam2_1=[0,0,50]
2021-08-14 10:52:14:WARNING:root:Found: pSeamFound2_1=[-1.18,-1.06,65.47]
2021-08-14 10:52:14:WARNING:root:Scan: pSearchSeam2_2=[0,0,250]
2021-08-14 10:52:21:WARNING:root:Found: pSeamFound2_2=[-3.87,-0.72,235.11]
2021-08-14 10:52:21:DEBUG:root:pos0=[0,0,10]
2021-08-14 10:52:21:DEBUG:root:pos1=[-1.2,-1.1,65.5], pos2=[-3.9,-0.7,235.1]
2021-08-14 10:52:21:DEBUG:root:DropFeet=[-0.3,-1.2,10], Advised=[-0.3,-1.2,10]
2021-08-14 10:52:21:DEBUG:root:Offset=[-0.3,-1.2,0]
2021-08-14 10:52:21:DEBUG:root:pos0=[0,0,100]
2021-08-14 10:52:21:DEBUG:root:pos1=[-1.2,-1.1,65.5], pos2=[-3.9,-0.7,235.1]
2021-08-14 10:52:21:DEBUG:root:DropFeet=[-1.7,-1,100], Advised=[-1.7,-1,100]
2021-08-14 10:52:21:DEBUG:root:Offset=[-1.7,-1,0]
2021-08-14 10:52:21:DEBUG:root:pos0=[0,0,380]
2021-08-14 10:52:21:DEBUG:root:pos1=[-1.2,-1.1,65.5], pos2=[-3.9,-0.7,235.1]
2021-08-14 10:52:21:DEBUG:root:DropFeet=[-6.2,-0.4,379.9], Advised=[-6.2,-0.4,379.9]
2021-08-14 10:52:21:DEBUG:root:Offset=[-6.2,-0.4,-0.1]
2021-08-14 10:53:41:WARNING:root:BaseFramePosZ=1680
2021-08-14 10:53:53:WARNING:root:BaseFramePosZ=1680
2021-08-14 10:58:36:WARNING:root:Scan: pSearchSeam3_1=[-100,-11,0]
2021-08-14 10:58:45:WARNING:root:Found: pSeamFound3_1=[-114.98,-12.67,-3.47]
2021-08-14 10:58:45:WARNING:root:Scan: pSearchSeam3_2=[-25,-11,0]
2021-08-14 10:58:47:WARNING:root:Found: pSeamFound3_2=[-39.78,-10.88,-3.22]
2021-08-14 10:58:47:DEBUG:root:pos0=[-132,-11,0]
2021-08-14 10:58:47:DEBUG:root:pos1=[-115,-12.7,-3.5], pos2=[-39.8,-10.9,-3.2]
2021-08-14 10:58:47:DEBUG:root:DropFeet=[-131.9,-13.1,-3.5], Advised=[-131.9,-13.1,-3.5]
2021-08-14 10:58:47:DEBUG:root:Offset=[0.1,-2.1,-3.5]
2021-08-14 10:58:47:DEBUG:root:pos0=[-10,-11,0]
2021-08-14 10:58:47:DEBUG:root:pos1=[-115,-12.7,-3.5], pos2=[-39.8,-10.9,-3.2]
2021-08-14 10:58:47:DEBUG:root:DropFeet=[-10,-10.2,-3.1], Advised=[-10,-10.2,-3.1]
2021-08-14 10:58:47:DEBUG:root:Offset=[0,0.8,-3.1]
2021-08-14 10:59:29:WARNING:root:Scan: pSearchSeam4_1=[0,-11,50]
2021-08-14 10:59:37:WARNING:root:Found: pSeamFound4_1=[-6.13,-10.56,67.05]
2021-08-14 10:59:37:WARNING:root:Scan: pSearchSeam4_2=[0,-11,250]
2021-08-14 10:59:44:WARNING:root:Found: pSeamFound4_2=[-7.52,-10.63,235.72]
2021-08-14 10:59:46:DEBUG:root:pos0=[0,-11,10]
2021-08-14 10:59:46:DEBUG:root:pos1=[-6.1,-10.6,67.1], pos2=[-7.5,-10.6,235.7]
2021-08-14 10:59:46:DEBUG:root:DropFeet=[-5.7,-10.5,10], Advised=[-5.7,-10.5,10]
2021-08-14 10:59:46:DEBUG:root:Offset=[-5.7,0.5,0]
2021-08-14 10:59:46:DEBUG:root:pos0=[0,-11,100]
2021-08-14 10:59:46:DEBUG:root:pos1=[-6.1,-10.6,67.1], pos2=[-7.5,-10.6,235.7]
2021-08-14 10:59:46:DEBUG:root:DropFeet=[-6.4,-10.6,99.9], Advised=[-6.4,-10.6,99.9]
2021-08-14 10:59:46:DEBUG:root:Offset=[-6.4,0.4,-0.1]
2021-08-14 10:59:46:DEBUG:root:pos0=[0,-11,380]
2021-08-14 10:59:46:DEBUG:root:pos1=[-6.1,-10.6,67.1], pos2=[-7.5,-10.6,235.7]
2021-08-14 10:59:46:DEBUG:root:DropFeet=[-8.7,-10.7,379.9], Advised=[-8.7,-10.7,379.9]
2021-08-14 10:59:46:DEBUG:root:Offset=[-8.7,0.3,-0.1]
2021-08-14 11:03:04:WARNING:root:Scan: pSearchSeam5_1=[-143.5,-25,0]
2021-08-14 11:03:13:WARNING:root:Found: pSeamFound5_1=[-144.9,-39.61,-4.77]
2021-08-14 11:03:13:WARNING:root:Scan: pSearchSeam5_2=[-143.5,-125,0]
2021-08-14 11:03:15:WARNING:root:Found: pSeamFound5_2=[-142.48,-139,-5.36]
2021-08-14 11:03:16:DEBUG:root:pos0=[-143.5,-155.5,0]
2021-08-14 11:03:16:DEBUG:root:pos1=[-144.9,-39.6,-4.8], pos2=[-142.5,-139,-5.4]
2021-08-14 11:03:16:DEBUG:root:DropFeet=[-142.1,-155.4,-5.5], Advised=[-142.1,-155.4,-5.5]
2021-08-14 11:03:16:DEBUG:root:Offset=[1.4,0.1,-5.5]
2021-08-14 11:03:16:DEBUG:root:pos0=[-143.5,-11,0]
2021-08-14 11:03:16:DEBUG:root:pos1=[-144.9,-39.6,-4.8], pos2=[-142.5,-139,-5.4]
2021-08-14 11:03:16:DEBUG:root:DropFeet=[-145.6,-11,-4.6], Advised=[-145.6,-11,-4.6]
2021-08-14 11:03:16:DEBUG:root:Offset=[-2.1,0,-4.6]
2021-08-14 11:03:52:WARNING:root:BaseFramePosZ=1680
2021-08-14 11:04:08:WARNING:root:Scan: pSearchSeam6_1=[0,-116.94,434.86]
2021-08-14 11:04:16:WARNING:root:Found: pSeamFound6_1=[-2.87,-129.42,446.14]
2021-08-14 11:04:16:WARNING:root:Scan: pSearchSeam6_2=[0,125,432.02]
2021-08-14 11:04:19:WARNING:root:Found: pSeamFound6_2=[-7.88,113.56,443.42]
2021-08-14 11:04:19:DEBUG:root:pos0=[0,-144.5,416]
2021-08-14 11:04:19:DEBUG:root:pos1=[-2.9,-129.4,446.1], pos2=[-7.9,113.6,443.4]
2021-08-14 11:04:19:DEBUG:root:DropFeet=[-2.6,-144.2,446.3], Advised=[-2.6,-144.2,446.3]
2021-08-14 11:04:19:DEBUG:root:Offset=[-2.6,0.3,30.3]
2021-08-14 11:04:19:DEBUG:root:pos0=[0,144.5,416]
2021-08-14 11:04:19:DEBUG:root:pos1=[-2.9,-129.4,446.1], pos2=[-7.9,113.6,443.4]
2021-08-14 11:04:19:DEBUG:root:DropFeet=[-8.5,144.6,443.1], Advised=[-8.5,144.6,443.1]
2021-08-14 11:04:19:DEBUG:root:Offset=[-8.5,0.1,27.1]
2021-08-14 11:05:15:WARNING:root:BaseFramePosZ=1680
2021-08-14 11:05:24:WARNING:root:Scan: pSearchSeam7_1=[-156.56,23.99,-0.01]
2021-08-14 11:05:34:WARNING:root:Found: pSeamFound7_1=[-142.61,39.55,-0.78]
2021-08-14 11:05:34:WARNING:root:Scan: pSearchSeam7_2=[-156,100,0]
2021-08-14 11:05:35:WARNING:root:Found: pSeamFound7_2=[-144,115.73,-0.59]
2021-08-14 11:05:35:DEBUG:root:pos0=[-143.5,25,0]
2021-08-14 11:05:35:DEBUG:root:pos1=[-142.6,39.5,-0.8], pos2=[-144,115.7,-0.6]
2021-08-14 11:05:35:DEBUG:root:DropFeet=[-142.3,25,-0.8], Advised=[-142.3,25,-0.8]
2021-08-14 11:05:35:DEBUG:root:Offset=[1.2,0,-0.8]
2021-08-14 11:05:35:DEBUG:root:pos0=[-143.5,125,0]
2021-08-14 11:05:35:DEBUG:root:pos1=[-142.6,39.5,-0.8], pos2=[-144,115.7,-0.6]
2021-08-14 11:05:35:DEBUG:root:DropFeet=[-144.2,125,-0.6], Advised=[-144.2,125,-0.6]
2021-08-14 11:05:35:DEBUG:root:Offset=[-0.7,0,-0.6]
2021-08-14 11:06:13:WARNING:root:BaseFramePosZ=1680
2021-08-14 11:06:23:WARNING:root:BaseFramePosZ=1680
2021-08-14 11:09:27:DEBUG:root:pos0=[-143.5,-155.5,0]
2021-08-14 11:09:27:DEBUG:root:pos1=[-144.9,-39.6,-4.8], pos2=[-142.5,-139,-5.4]
2021-08-14 11:09:27:DEBUG:root:DropFeet=[-142.1,-155.4,-5.5], Advised=[-142.1,-155.4,-5.5]
2021-08-14 11:09:27:DEBUG:root:Offset=[1.4,0.1,-5.5]
2021-08-14 11:09:27:DEBUG:root:pos0=[-143.5,-11,0]
2021-08-14 11:09:27:DEBUG:root:pos1=[-144.9,-39.6,-4.8], pos2=[-142.5,-139,-5.4]
2021-08-14 11:09:27:DEBUG:root:DropFeet=[-145.6,-11,-4.6], Advised=[-145.6,-11,-4.6]
2021-08-14 11:09:27:DEBUG:root:Offset=[-2.1,0,-4.6]
2021-08-14 11:10:54:WARNING:root:BaseFramePosZ=1680
2021-08-14 11:11:13:DEBUG:root:pos0=[0,-144.5,416]
2021-08-14 11:11:13:DEBUG:root:pos1=[-2.9,-129.4,446.1], pos2=[-7.9,113.6,443.4]
2021-08-14 11:11:13:DEBUG:root:DropFeet=[-2.6,-144.2,446.3], Advised=[-2.6,-144.2,446.3]
2021-08-14 11:11:13:DEBUG:root:Offset=[-2.6,0.3,30.3]
2021-08-14 11:11:13:DEBUG:root:pos0=[0,144.5,416]
2021-08-14 11:11:13:DEBUG:root:pos1=[-2.9,-129.4,446.1], pos2=[-7.9,113.6,443.4]
2021-08-14 11:11:13:DEBUG:root:DropFeet=[-8.5,144.6,443.1], Advised=[-8.5,144.6,443.1]
2021-08-14 11:11:13:DEBUG:root:Offset=[-8.5,0.1,27.1]
2021-08-14 11:12:09:WARNING:root:BaseFramePosZ=1680
2021-08-14 11:12:18:DEBUG:root:pos0=[-143.5,25,0]
2021-08-14 11:12:18:DEBUG:root:pos1=[-142.6,39.5,-0.8], pos2=[-144,115.7,-0.6]
2021-08-14 11:12:18:DEBUG:root:DropFeet=[-142.3,25,-0.8], Advised=[-142.3,25,-0.8]
2021-08-14 11:12:18:DEBUG:root:Offset=[1.2,0,-0.8]
2021-08-14 11:12:18:DEBUG:root:pos0=[-143.5,125,0]
2021-08-14 11:12:18:DEBUG:root:pos1=[-142.6,39.5,-0.8], pos2=[-144,115.7,-0.6]
2021-08-14 11:12:18:DEBUG:root:DropFeet=[-144.2,125,-0.6], Advised=[-144.2,125,-0.6]
2021-08-14 11:12:18:DEBUG:root:Offset=[-0.7,0,-0.6]
2021-08-14 11:12:55:WARNING:root:BaseFramePosZ=1680
2021-08-14 11:13:05:WARNING:root:Template_1002 is done
2021-08-14 11:39:56:WARNING:root:Modules are saved
2021-08-14 11:39:56:WARNING:root:Job Weld: 1/1 - 1002
2021-08-14 11:39:56:WARNING:root:Pos: [-513,-36,67]
2021-08-14 11:39:56:WARNING:root:Gantry: [-513,-36,-67]
2021-08-14 11:40:06:WARNING:root:Start to run Template_1002...
2021-08-14 11:40:19:WARNING:root:Search oframe
2021-08-14 11:40:19:WARNING:root:Scan: pQ2_Y1=[-0.03,74.99,-0.03]
2021-08-14 11:40:39:WARNING:root:Found: pQ2_Y1_Found=[17.68,89.93,-0.55]
2021-08-14 11:40:39:WARNING:root:Scan: pQ2_Y2=[-0.03,200,-0.03]
2021-08-14 11:40:41:WARNING:root:Found: pQ2_Y2_Found=[15.04,215.14,-0.38]
2021-08-14 11:40:50:WARNING:root:Scan: pQ2_Z2=[0,0,250]
2021-08-14 11:41:02:WARNING:root:Found: pQ2_Z2_Found=[15.74,5.87,231.72]
2021-08-14 11:41:02:WARNING:root:poseFrame.trans:=[19.4441,6.26361,-0.663595]
2021-08-14 11:41:02:WARNING:root:poseFrame.rot:=[91.2079,-0.0777748,89.085]
2021-08-14 11:41:02:WARNING:root:oframe.trans:=[19.4441,6.26361,-0.663595]
2021-08-14 11:41:02:WARNING:root:oframe.rot:=[0,0,0]
2021-08-14 11:41:10:WARNING:root:Scan: pSearchSeam1_1=[-100,0,0]
2021-08-14 11:41:48:WARNING:root:Modules are saved
2021-08-14 11:41:48:WARNING:root:Job Weld: 1/1 - 1002
2021-08-14 11:41:48:WARNING:root:Pos: [-513,-36,67]
2021-08-14 11:41:48:WARNING:root:Gantry: [-513,-36,-67]
2021-08-14 11:41:58:WARNING:root:Modules are saved
2021-08-14 11:41:58:WARNING:root:Job Weld: 1/1 - 1002
2021-08-14 11:41:58:WARNING:root:Pos: [-513,-36,67]
2021-08-14 11:41:58:WARNING:root:Gantry: [-513,-36,-67]
2021-08-14 11:42:12:WARNING:root:Start to run Template_1002...
2021-08-14 11:42:24:WARNING:root:Search oframe
2021-08-14 11:42:24:WARNING:root:Scan: pQ2_Y1=[-0.03,74.99,-0.03]
2021-08-14 11:42:38:WARNING:root:Found: pQ2_Y1_Found=[17.79,89.93,-0.55]
2021-08-14 11:42:38:WARNING:root:Scan: pQ2_Y2=[-0.03,200,-0.03]
2021-08-14 11:42:40:WARNING:root:Found: pQ2_Y2_Found=[15.21,215.24,-0.08]
2021-08-14 11:42:49:WARNING:root:Scan: pQ2_Z2=[0,0,250]
2021-08-14 11:43:00:WARNING:root:Found: pQ2_Z2_Found=[16.2,6.21,231.68]
2021-08-14 11:43:01:WARNING:root:poseFrame.trans:=[19.4944,7.15002,-0.860483]
2021-08-14 11:43:01:WARNING:root:poseFrame.rot:=[91.1795,-0.214852,89.1838]
2021-08-14 11:43:01:WARNING:root:oframe.trans:=[19.4944,7.15002,-0.860483]
2021-08-14 11:43:01:WARNING:root:oframe.rot:=[0,0,0]
2021-08-14 11:43:09:WARNING:root:Scan: pSearchSeam1_1=[-100,0,0]
2021-08-14 11:43:21:WARNING:root:Found: pSeamFound1_1=[-114.55,-5.61,0.49]
2021-08-14 11:43:21:WARNING:root:Scan: pSearchSeam1_2=[-25,0,0]
2021-08-14 11:43:23:WARNING:root:Found: pSeamFound1_2=[-39.98,-3.84,1.11]
2021-08-14 11:43:25:DEBUG:root:pos0=[-132,0,0]
2021-08-14 11:43:25:DEBUG:root:pos1=[-114.6,-5.6,0.5], pos2=[-40,-3.8,1.1]
2021-08-14 11:43:25:DEBUG:root:DropFeet=[-131.9,-6,0.3], Advised=[-131.9,-6,0.3]
2021-08-14 11:43:25:DEBUG:root:Offset=[0.1,-6,0.3]
2021-08-14 11:43:25:DEBUG:root:pos0=[-10,0,0]
2021-08-14 11:43:25:DEBUG:root:pos1=[-114.6,-5.6,0.5], pos2=[-40,-3.8,1.1]
2021-08-14 11:43:25:DEBUG:root:DropFeet=[-9.9,-3.1,1.4], Advised=[-9.9,-3.1,1.4]
2021-08-14 11:43:25:DEBUG:root:Offset=[0.1,-3.1,1.4]
2021-08-14 11:44:12:WARNING:root:Scan: pSearchSeam2_1=[0,0,50]
2021-08-14 11:44:26:WARNING:root:Found: pSeamFound2_1=[0.07,-0.09,65.53]
2021-08-14 11:44:26:WARNING:root:Scan: pSearchSeam2_2=[0,0,250]
2021-08-14 11:44:34:WARNING:root:Found: pSeamFound2_2=[-3.81,-1.09,234.88]
2021-08-14 11:44:34:DEBUG:root:pos0=[0,0,10]
2021-08-14 11:44:34:DEBUG:root:pos1=[0.1,-0.1,65.5], pos2=[-3.8,-1.1,234.9]
2021-08-14 11:44:34:DEBUG:root:DropFeet=[1.3,0.2,10], Advised=[1.3,0.2,10]
2021-08-14 11:44:34:DEBUG:root:Offset=[1.3,0.2,0]
2021-08-14 11:44:34:DEBUG:root:pos0=[0,0,100]
2021-08-14 11:44:34:DEBUG:root:pos1=[0.1,-0.1,65.5], pos2=[-3.8,-1.1,234.9]
2021-08-14 11:44:34:DEBUG:root:DropFeet=[-0.7,-0.3,100], Advised=[-0.7,-0.3,100]
2021-08-14 11:44:34:DEBUG:root:Offset=[-0.7,-0.3,0]
2021-08-14 11:44:34:DEBUG:root:pos0=[0,0,380]
2021-08-14 11:44:34:DEBUG:root:pos1=[0.1,-0.1,65.5], pos2=[-3.8,-1.1,234.9]
2021-08-14 11:44:34:DEBUG:root:DropFeet=[-7.1,-1.9,379.8], Advised=[-7.1,-1.9,379.8]
2021-08-14 11:44:34:DEBUG:root:Offset=[-7.1,-1.9,-0.2]
2021-08-14 11:46:34:WARNING:root:Scan: pSearchSeam3_1=[-100,-11,0]
2021-08-14 11:46:47:WARNING:root:Found: pSeamFound3_1=[-115.21,-13.86,-3.9]
2021-08-14 11:46:47:WARNING:root:Scan: pSearchSeam3_2=[-25,-11,0]
2021-08-14 11:46:49:WARNING:root:Found: pSeamFound3_2=[-39.87,-11.56,-4.01]
2021-08-14 11:46:49:DEBUG:root:pos0=[-132,-11,0]
2021-08-14 11:46:49:DEBUG:root:pos1=[-115.2,-13.9,-3.9], pos2=[-39.9,-11.6,-4]
2021-08-14 11:46:49:DEBUG:root:DropFeet=[-131.9,-14.4,-3.9], Advised=[-131.9,-14.4,-3.9]
2021-08-14 11:46:49:DEBUG:root:Offset=[0.1,-3.4,-3.9]
2021-08-14 11:46:49:DEBUG:root:pos0=[-10,-11,0]
2021-08-14 11:46:49:DEBUG:root:pos1=[-115.2,-13.9,-3.9], pos2=[-39.9,-11.6,-4]
2021-08-14 11:46:49:DEBUG:root:DropFeet=[-10,-10.6,-4.1], Advised=[-10,-10.6,-4.1]
2021-08-14 11:46:49:DEBUG:root:Offset=[0,0.4,-4.1]
2021-08-14 11:47:34:WARNING:root:Scan: pSearchSeam4_1=[0,-11,50]
2021-08-14 11:47:46:WARNING:root:Found: pSeamFound4_1=[-5.77,-11.54,67.37]
2021-08-14 11:47:46:WARNING:root:Scan: pSearchSeam4_2=[0,-11,250]
2021-08-14 11:47:53:WARNING:root:Found: pSeamFound4_2=[-6.34,-12.23,235.72]
2021-08-14 11:47:56:DEBUG:root:pos0=[0,-11,10]
2021-08-14 11:47:56:DEBUG:root:pos1=[-5.8,-11.5,67.4], pos2=[-6.3,-12.2,235.7]
2021-08-14 11:47:56:DEBUG:root:DropFeet=[-5.6,-11.3,10], Advised=[-5.6,-11.3,10]
2021-08-14 11:47:56:DEBUG:root:Offset=[-5.6,-0.3,0]
2021-08-14 11:47:56:DEBUG:root:pos0=[0,-11,100]
2021-08-14 11:47:56:DEBUG:root:pos1=[-5.8,-11.5,67.4], pos2=[-6.3,-12.2,235.7]
2021-08-14 11:47:56:DEBUG:root:DropFeet=[-5.9,-11.7,100], Advised=[-5.9,-11.7,100]
2021-08-14 11:47:56:DEBUG:root:Offset=[-5.9,-0.7,0]
2021-08-14 11:47:56:DEBUG:root:pos0=[0,-11,380]
2021-08-14 11:47:56:DEBUG:root:pos1=[-5.8,-11.5,67.4], pos2=[-6.3,-12.2,235.7]
2021-08-14 11:47:56:DEBUG:root:DropFeet=[-6.8,-12.8,380], Advised=[-6.8,-12.8,380]
2021-08-14 11:47:56:DEBUG:root:Offset=[-6.8,-1.8,0]
2021-08-14 11:49:25:WARNING:root:Scan: pSearchSeam5_1=[-143.5,-25,0]
2021-08-14 11:49:40:WARNING:root:Found: pSeamFound5_1=[-143.49,-39.78,-4.29]
2021-08-14 11:49:40:WARNING:root:Scan: pSearchSeam5_2=[-143.5,-125,0]
2021-08-14 11:49:42:WARNING:root:Found: pSeamFound5_2=[-141.06,-139.27,-4.73]
2021-08-14 11:49:44:DEBUG:root:pos0=[-143.5,-155.5,0]
2021-08-14 11:49:44:DEBUG:root:pos1=[-143.5,-39.8,-4.3], pos2=[-141.1,-139.3,-4.7]
2021-08-14 11:49:44:DEBUG:root:DropFeet=[-140.7,-155.4,-4.8], Advised=[-140.7,-155.4,-4.8]
2021-08-14 11:49:44:DEBUG:root:Offset=[2.8,0.1,-4.8]
2021-08-14 11:49:44:DEBUG:root:pos0=[-143.5,-11,0]
2021-08-14 11:49:44:DEBUG:root:pos1=[-143.5,-39.8,-4.3], pos2=[-141.1,-139.3,-4.7]
2021-08-14 11:49:44:DEBUG:root:DropFeet=[-144.2,-11,-4.2], Advised=[-144.2,-11,-4.2]
2021-08-14 11:49:44:DEBUG:root:Offset=[-0.7,0,-4.2]
2021-08-14 11:52:06:WARNING:root:Scan: pSearchSeam6_1=[0,-116.94,434.86]
2021-08-14 11:52:20:WARNING:root:Found: pSeamFound6_1=[-1.74,-129.61,446.86]
2021-08-14 11:52:20:WARNING:root:Scan: pSearchSeam6_2=[0,125,432.02]
2021-08-14 11:52:23:WARNING:root:Found: pSeamFound6_2=[-6.75,113.4,444.24]
2021-08-14 11:52:23:DEBUG:root:pos0=[0,-144.5,416]
2021-08-14 11:52:23:DEBUG:root:pos1=[-1.7,-129.6,446.9], pos2=[-6.8,113.4,444.2]
2021-08-14 11:52:23:DEBUG:root:DropFeet=[-1.4,-144.2,447], Advised=[-1.4,-144.2,447]
2021-08-14 11:52:23:DEBUG:root:Offset=[-1.4,0.3,31]
2021-08-14 11:52:23:DEBUG:root:pos0=[0,144.5,416]
2021-08-14 11:52:23:DEBUG:root:pos1=[-1.7,-129.6,446.9], pos2=[-6.8,113.4,444.2]
2021-08-14 11:52:23:DEBUG:root:DropFeet=[-7.4,144.6,443.9], Advised=[-7.4,144.6,443.9]
2021-08-14 11:52:23:DEBUG:root:Offset=[-7.4,0.1,27.9]
2021-08-14 11:54:08:WARNING:root:Scan: pSearchSeam7_1=[-156.56,23.99,-0.01]
2021-08-14 11:54:20:WARNING:root:Found: pSeamFound7_1=[-142.14,39.75,-0.49]
2021-08-14 11:54:20:WARNING:root:Scan: pSearchSeam7_2=[-156,100,0]
2021-08-14 11:54:22:WARNING:root:Found: pSeamFound7_2=[-143.75,115.91,-0.39]
2021-08-14 11:54:22:DEBUG:root:pos0=[-143.5,25,0]
2021-08-14 11:54:22:DEBUG:root:pos1=[-142.1,39.8,-0.5], pos2=[-143.8,115.9,-0.4]
2021-08-14 11:54:22:DEBUG:root:DropFeet=[-141.8,25,-0.5], Advised=[-141.8,25,-0.5]
2021-08-14 11:54:22:DEBUG:root:Offset=[1.7,0,-0.5]
2021-08-14 11:54:22:DEBUG:root:pos0=[-143.5,125,0]
2021-08-14 11:54:22:DEBUG:root:pos1=[-142.1,39.8,-0.5], pos2=[-143.8,115.9,-0.4]
2021-08-14 11:54:22:DEBUG:root:DropFeet=[-143.9,125,-0.4], Advised=[-143.9,125,-0.4]
2021-08-14 11:54:22:DEBUG:root:Offset=[-0.4,0,-0.4]
2021-08-14 11:55:29:DEBUG:root:pos0=[-143.5,-155.5,0]
2021-08-14 11:55:29:DEBUG:root:pos1=[-143.5,-39.8,-4.3], pos2=[-141.1,-139.3,-4.7]
2021-08-14 11:55:29:DEBUG:root:DropFeet=[-140.7,-155.4,-4.8], Advised=[-140.7,-155.4,-4.8]
2021-08-14 11:55:29:DEBUG:root:Offset=[2.8,0.1,-4.8]
2021-08-14 11:55:29:DEBUG:root:pos0=[-143.5,-11,0]
2021-08-14 11:55:29:DEBUG:root:pos1=[-143.5,-39.8,-4.3], pos2=[-141.1,-139.3,-4.7]
2021-08-14 11:55:30:DEBUG:root:DropFeet=[-144.2,-11,-4.2], Advised=[-144.2,-11,-4.2]
2021-08-14 11:55:30:DEBUG:root:Offset=[-0.7,0,-4.2]
2021-08-14 11:58:24:WARNING:root:Modules are saved
2021-08-14 11:58:24:WARNING:root:Job Weld: 1/1 - 1002
2021-08-14 11:58:24:WARNING:root:Pos: [-513,-36,67]
2021-08-14 11:58:24:WARNING:root:Gantry: [-513,-36,-67]
2021-08-14 11:58:37:WARNING:root:Start to run Template_1002...
2021-08-14 11:58:51:WARNING:root:Search oframe
2021-08-14 11:58:51:WARNING:root:Scan: pQ2_Y1=[-0.03,74.99,-0.03]
2021-08-14 11:59:03:WARNING:root:Found: pQ2_Y1_Found=[17.91,89.99,-0.34]
2021-08-14 11:59:03:WARNING:root:Scan: pQ2_Y2=[-0.03,200,-0.03]
2021-08-14 11:59:05:WARNING:root:Found: pQ2_Y2_Found=[15.39,215.27,0.06]
2021-08-14 11:59:14:WARNING:root:Scan: pQ2_Z2=[0,0,250]
2021-08-14 11:59:26:WARNING:root:Found: pQ2_Z2_Found=[16.4,6.41,231.67]
2021-08-14 11:59:26:WARNING:root:poseFrame.trans:=[19.575,7.21548,-0.604286]
2021-08-14 11:59:26:WARNING:root:poseFrame.rot:=[91.1524,-0.182898,89.213]
2021-08-14 11:59:26:WARNING:root:oframe.trans:=[19.575,7.21548,-0.604286]
2021-08-14 11:59:26:WARNING:root:oframe.rot:=[0,0,0]
2021-08-14 11:59:35:WARNING:root:Scan: pSearchSeam1_1=[-100,0,0]
2021-08-14 11:59:47:WARNING:root:Found: pSeamFound1_1=[-114.54,-5.45,0.36]
2021-08-14 11:59:47:WARNING:root:Scan: pSearchSeam1_2=[-25,0,0]
2021-08-14 11:59:49:WARNING:root:Found: pSeamFound1_2=[-39.97,-3.72,0.9]
2021-08-14 11:59:51:DEBUG:root:pos0=[-132,0,0]
2021-08-14 11:59:51:DEBUG:root:pos1=[-114.5,-5.4,0.4], pos2=[-40,-3.7,0.9]
2021-08-14 11:59:51:DEBUG:root:DropFeet=[-131.9,-5.9,0.2], Advised=[-131.9,-5.9,0.2]
2021-08-14 11:59:51:DEBUG:root:Offset=[0.1,-5.9,0.2]
2021-08-14 11:59:51:DEBUG:root:pos0=[-10,0,0]
2021-08-14 11:59:51:DEBUG:root:pos1=[-114.5,-5.4,0.4], pos2=[-40,-3.7,0.9]
2021-08-14 11:59:51:DEBUG:root:DropFeet=[-9.9,-3,1.1], Advised=[-9.9,-3,1.1]
2021-08-14 11:59:51:DEBUG:root:Offset=[0.1,-3,1.1]
2021-08-14 13:38:29:WARNING:root:Modules are saved
2021-08-14 13:38:29:WARNING:root:Job Weld: 1/1 - 1002
2021-08-14 13:38:29:WARNING:root:Pos: [-513,-36,67]
2021-08-14 13:38:29:WARNING:root:Gantry: [-513,-36,-67]
2021-08-14 13:38:47:WARNING:root:Start to run Template_1002...
2021-08-14 13:38:55:WARNING:root:Search oframe
2021-08-14 13:38:55:WARNING:root:Scan: pQ2_Y1=[-0.03,74.99,-0.03]
2021-08-14 13:39:04:WARNING:root:Found: pQ2_Y1_Found=[17.94,90,-0.38]
2021-08-14 13:39:04:WARNING:root:Scan: pQ2_Y2=[-0.03,200,-0.03]
2021-08-14 13:39:06:WARNING:root:Found: pQ2_Y2_Found=[15.37,215.24,-0.06]
2021-08-14 13:39:11:WARNING:root:Scan: pQ2_Z2=[0,0,250]
2021-08-14 13:39:21:WARNING:root:Found: pQ2_Z2_Found=[16.48,6.21,231.61]
2021-08-14 13:39:21:WARNING:root:poseFrame.trans:=[19.6459,6.86827,-0.592409]
2021-08-14 13:39:21:WARNING:root:poseFrame.rot:=[91.1756,-0.146363,89.2157]
2021-08-14 13:39:21:WARNING:root:oframe.trans:=[19.6459,6.86827,-0.592409]
2021-08-14 13:39:21:WARNING:root:oframe.rot:=[0,0,0]
2021-08-14 13:39:27:WARNING:root:Scan: pSearchSeam1_1=[-100,0,0]
2021-08-14 13:39:36:WARNING:root:Found: pSeamFound1_1=[-114.64,-5.11,0.54]
2021-08-14 13:39:36:WARNING:root:Scan: pSearchSeam1_2=[-25,0,0]
2021-08-14 13:39:38:WARNING:root:Found: pSeamFound1_2=[-40.02,-3.39,0.93]
2021-08-14 13:39:39:DEBUG:root:pos0=[-132,0,0]
2021-08-14 13:39:39:DEBUG:root:pos1=[-114.6,-5.1,0.5], pos2=[-40,-3.4,0.9]
2021-08-14 13:39:39:DEBUG:root:DropFeet=[-131.9,-5.5,0.4], Advised=[-131.9,-5.5,0.4]
2021-08-14 13:39:39:DEBUG:root:Offset=[0.1,-5.5,0.4]
2021-08-14 13:39:39:DEBUG:root:pos0=[-10,0,0]
2021-08-14 13:39:39:DEBUG:root:pos1=[-114.6,-5.1,0.5], pos2=[-40,-3.4,0.9]
2021-08-14 13:39:39:DEBUG:root:DropFeet=[-9.9,-2.7,1.1], Advised=[-9.9,-2.7,1.1]
2021-08-14 13:39:39:DEBUG:root:Offset=[0.1,-2.7,1.1]
2021-08-14 13:41:02:WARNING:root:Scan: pSearchSeam2_1=[0,0,50]
2021-08-14 13:41:16:WARNING:root:Found: pSeamFound2_1=[-0.09,0.03,65.57]
2021-08-14 13:41:16:WARNING:root:Scan: pSearchSeam2_2=[0,0,250]
2021-08-14 13:41:24:WARNING:root:Found: pSeamFound2_2=[-3.52,-0.87,234.85]
2021-08-14 13:41:24:DEBUG:root:pos0=[0,0,10]
2021-08-14 13:41:24:DEBUG:root:pos1=[-0.1,0,65.6], pos2=[-3.5,-0.9,234.9]
2021-08-14 13:41:24:DEBUG:root:DropFeet=[1,0.3,10], Advised=[1,0.3,10]
2021-08-14 13:41:24:DEBUG:root:Offset=[1,0.3,0]
2021-08-14 13:41:24:DEBUG:root:pos0=[0,0,100]
2021-08-14 13:41:24:DEBUG:root:pos1=[-0.1,0,65.6], pos2=[-3.5,-0.9,234.9]
2021-08-14 13:41:24:DEBUG:root:DropFeet=[-0.8,-0.2,100], Advised=[-0.8,-0.2,100]
2021-08-14 13:41:24:DEBUG:root:Offset=[-0.8,-0.2,0]
2021-08-14 13:41:24:DEBUG:root:pos0=[0,0,380]
2021-08-14 13:41:24:DEBUG:root:pos1=[-0.1,0,65.6], pos2=[-3.5,-0.9,234.9]
2021-08-14 13:41:24:DEBUG:root:DropFeet=[-6.5,-1.6,379.9], Advised=[-6.5,-1.6,379.9]
2021-08-14 13:41:24:DEBUG:root:Offset=[-6.5,-1.6,-0.1]
2021-08-14 14:42:38:WARNING:root:Modules are saved
2021-08-14 14:42:38:WARNING:root:Job Weld: 1/1 - 1002
2021-08-14 14:42:38:WARNING:root:Pos: [-513,-36,67]
2021-08-14 14:42:38:WARNING:root:Gantry: [-513,-36,-67]
2021-08-14 14:42:45:WARNING:root:Start to run Template_1002...
2021-08-14 14:42:52:WARNING:root:Search oframe
2021-08-14 14:42:52:WARNING:root:Scan: pQ2_Y1=[-0.03,74.99,-0.03]
2021-08-14 14:43:02:WARNING:root:Found: pQ2_Y1_Found=[17.92,89.97,-0.45]
2021-08-14 14:43:02:WARNING:root:Scan: pQ2_Y2=[-0.03,200,-0.03]
2021-08-14 14:43:03:WARNING:root:Found: pQ2_Y2_Found=[15.53,215.24,-0.03]
2021-08-14 14:43:09:WARNING:root:Scan: pQ2_Z2=[0,0,250]
2021-08-14 14:43:18:WARNING:root:Found: pQ2_Z2_Found=[16.33,6.23,231.65]
2021-08-14 14:43:18:WARNING:root:poseFrame.trans:=[19.5016,7.06962,-0.727945]
2021-08-14 14:43:18:WARNING:root:poseFrame.rot:=[91.093,-0.192063,89.2142]
2021-08-14 14:43:18:WARNING:root:oframe.trans:=[19.5016,7.06962,-0.727945]
2021-08-14 14:43:18:WARNING:root:oframe.rot:=[0,0,0]
2021-08-14 14:43:24:WARNING:root:Scan: pSearchSeam1_1=[-100,0,0]
2021-08-14 14:43:34:WARNING:root:Found: pSeamFound1_1=[-114.57,-5.32,0.41]
2021-08-14 14:43:34:WARNING:root:Scan: pSearchSeam1_2=[-25,0,0]
2021-08-14 14:43:35:WARNING:root:Found: pSeamFound1_2=[-40,-3.51,0.85]
2021-08-14 14:43:36:DEBUG:root:pos0=[-132,0,0]
2021-08-14 14:43:36:DEBUG:root:pos1=[-114.6,-5.3,0.4], pos2=[-40,-3.5,0.9]
2021-08-14 14:43:36:DEBUG:root:DropFeet=[-131.9,-5.7,0.3], Advised=[-131.9,-5.7,0.3]
2021-08-14 14:43:36:DEBUG:root:Offset=[0.1,-5.7,0.3]
2021-08-14 14:43:36:DEBUG:root:pos0=[-10,0,0]
2021-08-14 14:43:36:DEBUG:root:pos1=[-114.6,-5.3,0.4], pos2=[-40,-3.5,0.9]
2021-08-14 14:43:36:DEBUG:root:DropFeet=[-9.9,-2.8,1], Advised=[-9.9,-2.8,1]
2021-08-14 14:43:36:DEBUG:root:Offset=[0.1,-2.8,1]
2021-08-14 14:44:40:WARNING:root:Scan: pSearchSeam2_1=[0,0,50]
2021-08-14 14:44:54:WARNING:root:Found: pSeamFound2_1=[0.13,-0.13,65.5]
2021-08-14 14:44:54:WARNING:root:Scan: pSearchSeam2_2=[0,0,250]
2021-08-14 14:45:02:WARNING:root:Found: pSeamFound2_2=[-3.28,-0.88,234.79]
2021-08-14 14:45:02:DEBUG:root:pos0=[0,0,10]
2021-08-14 14:45:02:DEBUG:root:pos1=[0.1,-0.1,65.5], pos2=[-3.3,-0.9,234.8]
2021-08-14 14:45:02:DEBUG:root:DropFeet=[1.2,0.1,10], Advised=[1.2,0.1,10]
2021-08-14 14:45:02:DEBUG:root:Offset=[1.2,0.1,0]
2021-08-14 14:45:02:DEBUG:root:pos0=[0,0,100]
2021-08-14 14:45:02:DEBUG:root:pos1=[0.1,-0.1,65.5], pos2=[-3.3,-0.9,234.8]
2021-08-14 14:45:02:DEBUG:root:DropFeet=[-0.6,-0.3,100], Advised=[-0.6,-0.3,100]
2021-08-14 14:45:02:DEBUG:root:Offset=[-0.6,-0.3,0]
2021-08-14 14:45:02:DEBUG:root:pos0=[0,0,380]
2021-08-14 14:45:02:DEBUG:root:pos1=[0.1,-0.1,65.5], pos2=[-3.3,-0.9,234.8]
2021-08-14 14:45:02:DEBUG:root:DropFeet=[-6.2,-1.5,379.9], Advised=[-6.2,-1.5,379.9]
2021-08-14 14:45:02:DEBUG:root:Offset=[-6.2,-1.5,-0.1]
2021-08-14 14:46:45:DEBUG:root:pos0=[0,0,10]
2021-08-14 14:46:45:DEBUG:root:pos1=[0.1,-0.1,65.5], pos2=[-3.3,-0.9,234.8]
2021-08-14 14:46:45:DEBUG:root:DropFeet=[1.2,0.1,10], Advised=[1.2,0.1,10]
2021-08-14 14:46:45:DEBUG:root:Offset=[1.2,0.1,0]
2021-08-14 14:47:53:DEBUG:root:pos0=[0,0,100]
2021-08-14 14:47:53:DEBUG:root:pos1=[0.1,-0.1,65.5], pos2=[-3.3,-0.9,234.8]
2021-08-14 14:47:53:DEBUG:root:DropFeet=[-0.6,-0.3,100], Advised=[-0.6,-0.3,100]
2021-08-14 14:47:53:DEBUG:root:Offset=[-0.6,-0.3,0]
2021-08-14 14:54:33:DEBUG:root:pos0=[0,0,395]
2021-08-14 14:54:33:DEBUG:root:pos1=[0.1,-0.1,65.5], pos2=[-3.3,-0.9,234.8]
2021-08-14 14:54:33:DEBUG:root:DropFeet=[-6.5,-1.6,394.9], Advised=[-6.5,-1.6,394.9]
2021-08-14 14:54:33:DEBUG:root:Offset=[-6.5,-1.6,-0.1]
2021-08-14 14:55:03:DEBUG:root:pos0=[0,0,395]
2021-08-14 14:55:03:DEBUG:root:pos1=[0.1,-0.1,65.5], pos2=[-3.3,-0.9,234.8]
2021-08-14 14:55:03:DEBUG:root:DropFeet=[-6.5,-1.6,394.9], Advised=[-6.5,-1.6,394.9]
2021-08-14 14:55:03:DEBUG:root:Offset=[-6.5,-1.6,-0.1]
2021-08-14 14:56:19:DEBUG:root:pos0=[0,0,395]
2021-08-14 14:56:19:DEBUG:root:pos1=[0.1,-0.1,65.5], pos2=[-3.3,-0.9,234.8]
2021-08-14 14:56:19:DEBUG:root:DropFeet=[-6.5,-1.6,394.9], Advised=[-6.5,-1.6,394.9]
2021-08-14 14:56:19:DEBUG:root:Offset=[-6.5,-1.6,-0.1]
2021-08-14 14:58:05:DEBUG:root:pos0=[0,0,385]
2021-08-14 14:58:05:DEBUG:root:pos1=[0.1,-0.1,65.5], pos2=[-3.3,-0.9,234.8]
2021-08-14 14:58:05:DEBUG:root:DropFeet=[-6.3,-1.5,384.9], Advised=[-6.3,-1.5,384.9]
2021-08-14 14:58:05:DEBUG:root:Offset=[-6.3,-1.5,-0.1]
2021-08-14 15:02:36:WARNING:root:Modules are saved
2021-08-14 15:02:37:WARNING:root:Job Weld: 1/1 - 1002
2021-08-14 15:02:37:WARNING:root:Pos: [-513,-36,67]
2021-08-14 15:02:37:WARNING:root:Gantry: [-513,-36,-67]
2021-08-14 15:02:47:WARNING:root:Start to run Template_1002...
2021-08-14 15:02:54:WARNING:root:Search oframe
2021-08-14 15:02:54:WARNING:root:Scan: pQ2_Y1=[-0.03,74.99,-0.03]
2021-08-14 15:03:04:WARNING:root:Found: pQ2_Y1_Found=[17.65,89.99,-0.47]
2021-08-14 15:03:04:WARNING:root:Scan: pQ2_Y2=[-0.03,200,-0.03]
2021-08-14 15:03:06:WARNING:root:Found: pQ2_Y2_Found=[15.32,215.26,0]
2021-08-14 15:03:11:WARNING:root:Scan: pQ2_Z2=[0,0,250]
2021-08-14 15:03:20:WARNING:root:Found: pQ2_Z2_Found=[16.11,6.26,231.71]
2021-08-14 15:03:20:WARNING:root:poseFrame.trans:=[19.1901,7.18957,-0.780659]
2021-08-14 15:03:20:WARNING:root:poseFrame.rot:=[91.0656,-0.214927,89.2369]
2021-08-14 15:03:20:WARNING:root:oframe.trans:=[19.1901,7.18957,-0.780659]
2021-08-14 15:03:20:WARNING:root:oframe.rot:=[0,0,0]
2021-08-14 15:03:26:WARNING:root:Scan: pSearchSeam1_1=[-100,0,0]
2021-08-14 15:03:36:WARNING:root:Found: pSeamFound1_1=[-114.58,-5.6,0.75]
2021-08-14 15:03:36:WARNING:root:Scan: pSearchSeam1_2=[-25,0,0]
2021-08-14 15:03:38:WARNING:root:Found: pSeamFound1_2=[-39.96,-3.85,1]
2021-08-14 15:03:38:DEBUG:root:pos0=[-132,0,0]
2021-08-14 15:03:38:DEBUG:root:pos1=[-114.6,-5.6,0.8], pos2=[-40,-3.8,1]
2021-08-14 15:03:38:DEBUG:root:DropFeet=[-131.9,-6,0.7], Advised=[-131.9,-6,0.7]
2021-08-14 15:03:38:DEBUG:root:Offset=[0.1,-6,0.7]
2021-08-14 15:03:38:DEBUG:root:pos0=[-10,0,0]
2021-08-14 15:03:39:DEBUG:root:pos1=[-114.6,-5.6,0.8], pos2=[-40,-3.8,1]
2021-08-14 15:03:39:DEBUG:root:DropFeet=[-9.9,-3.1,1.1], Advised=[-9.9,-3.1,1.1]
2021-08-14 15:03:39:DEBUG:root:Offset=[0.1,-3.1,1.1]
2021-08-14 15:05:11:WARNING:root:Scan: pSearchSeam2_1=[0,0,50]
2021-08-14 15:05:26:WARNING:root:Found: pSeamFound2_1=[0.4,-0.16,65.46]
2021-08-14 15:05:26:WARNING:root:Scan: pSearchSeam2_2=[0,0,250]
2021-08-14 15:05:34:WARNING:root:Found: pSeamFound2_2=[-3.02,-1.04,234.7]
2021-08-14 15:05:34:DEBUG:root:pos0=[0,0,10]
2021-08-14 15:05:34:DEBUG:root:pos1=[0.4,-0.2,65.5], pos2=[-3,-1,234.7]
2021-08-14 15:05:34:DEBUG:root:DropFeet=[1.5,0.1,10], Advised=[1.5,0.1,10]
2021-08-14 15:05:34:DEBUG:root:Offset=[1.5,0.1,0]
2021-08-14 15:05:34:DEBUG:root:pos0=[0,0,100]
2021-08-14 15:05:34:DEBUG:root:pos1=[0.4,-0.2,65.5], pos2=[-3,-1,234.7]
2021-08-14 15:05:34:DEBUG:root:DropFeet=[-0.3,-0.3,100], Advised=[-0.3,-0.3,100]
2021-08-14 15:05:34:DEBUG:root:Offset=[-0.3,-0.3,0]
2021-08-14 15:05:34:DEBUG:root:pos0=[0,0,385]
2021-08-14 15:05:34:DEBUG:root:pos1=[0.4,-0.2,65.5], pos2=[-3,-1,234.7]
2021-08-14 15:05:34:DEBUG:root:DropFeet=[-6.1,-1.8,384.9], Advised=[-6.1,-1.8,384.9]
2021-08-14 15:05:34:DEBUG:root:Offset=[-6.1,-1.8,-0.1]
2021-08-14 15:09:12:WARNING:root:Modules are saved
2021-08-14 15:09:12:WARNING:root:Job Weld: 1/1 - 1002
2021-08-14 15:09:12:WARNING:root:Pos: [-513,-36,67]
2021-08-14 15:09:12:WARNING:root:Gantry: [-513,-36,-67]
2021-08-14 15:09:57:WARNING:root:Start to run Template_1002...
2021-08-14 15:10:05:WARNING:root:Search oframe
2021-08-14 15:10:05:WARNING:root:Scan: pQ2_Y1=[-0.03,74.99,-0.03]
2021-08-14 15:10:14:WARNING:root:Found: pQ2_Y1_Found=[17.67,89.98,-0.5]
2021-08-14 15:10:14:WARNING:root:Scan: pQ2_Y2=[-0.03,200,-0.03]
2021-08-14 15:10:16:WARNING:root:Found: pQ2_Y2_Found=[15.48,215.25,-0.02]
2021-08-14 15:10:22:WARNING:root:Scan: pQ2_Z2=[0,0,250]
2021-08-14 15:10:31:WARNING:root:Found: pQ2_Z2_Found=[16.26,6.16,231.65]
2021-08-14 15:10:31:WARNING:root:poseFrame.trans:=[19.1189,7.10073,-0.817571]
2021-08-14 15:10:31:WARNING:root:poseFrame.rot:=[91.0016,-0.219508,89.2915]
2021-08-14 15:10:31:WARNING:root:oframe.trans:=[19.1189,7.10073,-0.817571]
2021-08-14 15:10:31:WARNING:root:oframe.rot:=[0,0,0]
2021-08-14 15:10:37:WARNING:root:Scan: pSearchSeam1_1=[-100,0,0]
2021-08-14 15:10:46:WARNING:root:Found: pSeamFound1_1=[-114.61,-5.47,0.71]
2021-08-14 15:10:46:WARNING:root:Scan: pSearchSeam1_2=[-25,0,0]
2021-08-14 15:10:48:WARNING:root:Found: pSeamFound1_2=[-40,-3.64,0.97]
2021-08-14 15:10:49:DEBUG:root:pos0=[-132,0,0]
2021-08-14 15:10:49:DEBUG:root:pos1=[-114.6,-5.5,0.7], pos2=[-40,-3.6,1]
2021-08-14 15:10:49:DEBUG:root:DropFeet=[-131.9,-5.9,0.6], Advised=[-131.9,-5.9,0.6]
2021-08-14 15:10:49:DEBUG:root:Offset=[0.1,-5.9,0.6]
2021-08-14 15:10:49:DEBUG:root:pos0=[-10,0,0]
2021-08-14 15:10:49:DEBUG:root:pos1=[-114.6,-5.5,0.7], pos2=[-40,-3.6,1]
2021-08-14 15:10:49:DEBUG:root:DropFeet=[-9.9,-2.9,1.1], Advised=[-9.9,-2.9,1.1]
2021-08-14 15:10:49:DEBUG:root:Offset=[0.1,-2.9,1.1]
2021-08-14 15:16:46:WARNING:root:Modules are saved
2021-08-14 15:16:46:WARNING:root:Job Weld: 1/1 - 1002
2021-08-14 15:16:46:WARNING:root:Pos: [-513,-36,67]
2021-08-14 15:16:46:WARNING:root:Gantry: [-513,-36,-67]
2021-08-14 15:16:53:WARNING:root:Start to run Template_1002...
2021-08-14 15:17:00:WARNING:root:Search oframe
2021-08-14 15:17:00:WARNING:root:Scan: pQ2_Y1=[-0.03,74.99,-0.03]
2021-08-14 15:17:10:WARNING:root:Found: pQ2_Y1_Found=[17.68,89.99,-0.45]
2021-08-14 15:17:10:WARNING:root:Scan: pQ2_Y2=[-0.03,200,-0.03]
2021-08-14 15:17:12:WARNING:root:Found: pQ2_Y2_Found=[15.34,215.25,-0.03]
2021-08-14 15:17:17:WARNING:root:Scan: pQ2_Z2=[0,0,250]
2021-08-14 15:17:26:WARNING:root:Found: pQ2_Z2_Found=[16.36,6.11,231.62]
2021-08-14 15:17:27:WARNING:root:poseFrame.trans:=[19.2314,6.94271,-0.72846]
2021-08-14 15:17:27:WARNING:root:poseFrame.rot:=[91.0702,-0.192077,89.2883]
2021-08-14 15:17:27:WARNING:root:oframe.trans:=[19.2314,6.94271,-0.72846]
2021-08-14 15:17:27:WARNING:root:oframe.rot:=[0,0,0]
2021-08-14 15:17:33:WARNING:root:Scan: pSearchSeam1_1=[-100,0,0]
2021-08-14 15:17:42:WARNING:root:Found: pSeamFound1_1=[-114.67,-5.18,0.86]
2021-08-14 15:17:42:WARNING:root:Scan: pSearchSeam1_2=[-25,0,0]
2021-08-14 15:17:44:WARNING:root:Found: pSeamFound1_2=[-40.07,-3.25,1.05]
2021-08-14 15:17:45:DEBUG:root:pos0=[-132,0,0]
2021-08-14 15:17:45:DEBUG:root:pos1=[-114.7,-5.2,0.9], pos2=[-40.1,-3.3,1]
2021-08-14 15:17:45:DEBUG:root:DropFeet=[-131.9,-5.6,0.8], Advised=[-131.9,-5.6,0.8]
2021-08-14 15:17:45:DEBUG:root:Offset=[0.1,-5.6,0.8]
2021-08-14 15:17:45:DEBUG:root:pos0=[-10,0,0]
2021-08-14 15:17:45:DEBUG:root:pos1=[-114.7,-5.2,0.9], pos2=[-40.1,-3.3,1]
2021-08-14 15:17:45:DEBUG:root:DropFeet=[-9.9,-2.5,1.1], Advised=[-9.9,-2.5,1.1]
2021-08-14 15:17:45:DEBUG:root:Offset=[0.1,-2.5,1.1]
2021-08-14 15:19:18:WARNING:root:Scan: pSearchSeam2_1=[0,0,50]
2021-08-14 15:19:32:WARNING:root:Found: pSeamFound2_1=[0.31,0.59,65.57]
2021-08-14 15:19:32:WARNING:root:Scan: pSearchSeam2_2=[0,0,250]
2021-08-14 15:19:40:WARNING:root:Found: pSeamFound2_2=[-3.03,-0.83,234.74]
2021-08-14 15:19:40:DEBUG:root:pos0=[0,0,10]
2021-08-14 15:19:40:DEBUG:root:pos1=[0.3,0.6,65.6], pos2=[-3,-0.8,234.7]
2021-08-14 15:19:40:DEBUG:root:DropFeet=[1.4,1.1,10], Advised=[1.4,1.1,10]
2021-08-14 15:19:40:DEBUG:root:Offset=[1.4,1.1,0]
2021-08-14 15:19:40:DEBUG:root:pos0=[0,0,100]
2021-08-14 15:19:40:DEBUG:root:pos1=[0.3,0.6,65.6], pos2=[-3,-0.8,234.7]
2021-08-14 15:19:40:DEBUG:root:DropFeet=[-0.4,0.3,100], Advised=[-0.4,0.3,100]
2021-08-14 15:19:40:DEBUG:root:Offset=[-0.4,0.3,0]
2021-08-14 15:19:40:DEBUG:root:pos0=[0,0,385]
2021-08-14 15:19:40:DEBUG:root:pos1=[0.3,0.6,65.6], pos2=[-3,-0.8,234.7]
2021-08-14 15:19:40:DEBUG:root:DropFeet=[-6,-2.1,384.9], Advised=[-6,-2.1,384.9]
2021-08-14 15:19:40:DEBUG:root:Offset=[-6,-2.1,-0.1]
2021-08-14 15:23:48:WARNING:root:Modules are saved
2021-08-14 15:23:48:WARNING:root:Job Weld: 1/1 - 1002
2021-08-14 15:23:48:WARNING:root:Pos: [-513,-36,67]
2021-08-14 15:23:48:WARNING:root:Gantry: [-513,-36,-67]
2021-08-14 15:42:45:WARNING:root:Start to run Template_1002...
2021-08-14 15:42:52:WARNING:root:Search oframe
2021-08-14 15:42:52:WARNING:root:Scan: pQ2_Y1=[-0.03,74.99,-0.03]
2021-08-14 15:43:01:WARNING:root:Found: pQ2_Y1_Found=[17.61,89.93,-0.65]
2021-08-14 15:43:01:WARNING:root:Scan: pQ2_Y2=[-0.03,200,-0.03]
2021-08-14 15:43:03:WARNING:root:Found: pQ2_Y2_Found=[15.08,215.29,0.05]
2021-08-14 15:43:09:WARNING:root:Scan: pQ2_Z2=[0,0,250]
2021-08-14 15:43:18:WARNING:root:Found: pQ2_Z2_Found=[16.18,6.99,231.83]
2021-08-14 15:43:18:WARNING:root:poseFrame.trans:=[19.2564,8.35278,-1.10552]
2021-08-14 15:43:18:WARNING:root:poseFrame.rot:=[91.1562,-0.319868,89.2367]
2021-08-14 15:43:18:WARNING:root:oframe.trans:=[19.2564,8.35278,-1.10552]
2021-08-14 15:43:18:WARNING:root:oframe.rot:=[0,0,0]
2021-08-14 15:43:33:WARNING:root:Scan: pSearchSeam1_1=[-100,0,0]
2021-08-14 15:43:42:WARNING:root:Found: pSeamFound1_1=[-114.43,-6.79,1.2]
2021-08-14 15:43:42:WARNING:root:Scan: pSearchSeam1_2=[-25,0,0]
2021-08-14 15:43:44:WARNING:root:Found: pSeamFound1_2=[-39.9,-4.46,1.41]
2021-08-14 15:43:45:DEBUG:root:pos0=[-132,0,0]
2021-08-14 15:43:45:DEBUG:root:pos1=[-114.4,-6.8,1.2], pos2=[-39.9,-4.5,1.4]
2021-08-14 15:43:45:DEBUG:root:DropFeet=[-131.8,-7.3,1.2], Advised=[-131.8,-7.3,1.2]
2021-08-14 15:43:45:DEBUG:root:Offset=[0.2,-7.3,1.2]
2021-08-14 15:43:45:DEBUG:root:pos0=[-10,0,0]
2021-08-14 15:43:45:DEBUG:root:pos1=[-114.4,-6.8,1.2], pos2=[-39.9,-4.5,1.4]
2021-08-14 15:43:45:DEBUG:root:DropFeet=[-9.9,-3.5,1.5], Advised=[-9.9,-3.5,1.5]
2021-08-14 15:43:45:DEBUG:root:Offset=[0.1,-3.5,1.5]
2021-08-14 15:44:27:WARNING:root:Scan: pSearchSeam2_1=[0,0,50]
2021-08-14 15:44:41:WARNING:root:Found: pSeamFound2_1=[0.04,-0.62,65.45]
2021-08-14 15:44:41:WARNING:root:Scan: pSearchSeam2_2=[0,0,250]
2021-08-14 15:44:49:WARNING:root:Found: pSeamFound2_2=[-3.6,-1.8,234.68]
2021-08-14 15:44:49:DEBUG:root:pos0=[0,0,10]
2021-08-14 15:44:49:DEBUG:root:pos1=[0,-0.6,65.4], pos2=[-3.6,-1.8,234.7]
2021-08-14 15:44:49:DEBUG:root:DropFeet=[1.2,-0.2,10], Advised=[1.2,-0.2,10]
2021-08-14 15:44:49:DEBUG:root:Offset=[1.2,-0.2,0]
2021-08-14 15:44:49:DEBUG:root:pos0=[0,0,100]
2021-08-14 15:44:49:DEBUG:root:pos1=[0,-0.6,65.4], pos2=[-3.6,-1.8,234.7]
2021-08-14 15:44:49:DEBUG:root:DropFeet=[-0.7,-0.9,100], Advised=[-0.7,-0.9,100]
2021-08-14 15:44:49:DEBUG:root:Offset=[-0.7,-0.9,0]
2021-08-14 15:44:49:DEBUG:root:pos0=[0,0,385]
2021-08-14 15:44:49:DEBUG:root:pos1=[0,-0.6,65.4], pos2=[-3.6,-1.8,234.7]
2021-08-14 15:44:49:DEBUG:root:DropFeet=[-6.8,-2.8,384.8], Advised=[-6.8,-2.8,384.8]
2021-08-14 15:44:49:DEBUG:root:Offset=[-6.8,-2.8,-0.2]
2021-08-14 15:47:16:WARNING:root:Scan: pSearchSeam3_1=[-100,-11,0]
2021-08-14 15:47:33:WARNING:root:Found: pSeamFound3_1=[-115.48,-15.21,-3.54]
2021-08-14 15:47:34:WARNING:root:Scan: pSearchSeam3_2=[-25,-11,0]
2021-08-14 15:47:36:WARNING:root:Found: pSeamFound3_2=[-40.07,-12.48,-3.66]
2021-08-14 15:47:36:DEBUG:root:pos0=[-132,-11,0]
2021-08-14 15:47:36:DEBUG:root:pos1=[-115.5,-15.2,-3.5], pos2=[-40.1,-12.5,-3.7]
2021-08-14 15:47:36:DEBUG:root:DropFeet=[-131.8,-15.8,-3.5], Advised=[-131.8,-15.8,-3.5]
2021-08-14 15:47:36:DEBUG:root:Offset=[0.2,-4.8,-3.5]
2021-08-14 15:47:36:DEBUG:root:pos0=[-10,-11,0]
2021-08-14 15:47:36:DEBUG:root:pos1=[-115.5,-15.2,-3.5], pos2=[-40.1,-12.5,-3.7]
2021-08-14 15:47:36:DEBUG:root:DropFeet=[-10,-11.4,-3.7], Advised=[-10,-11.4,-3.7]
2021-08-14 15:47:36:DEBUG:root:Offset=[0,-0.4,-3.7]
2021-08-14 15:50:13:DEBUG:root:pos0=[-132,-11,0]
2021-08-14 15:50:13:DEBUG:root:pos1=[-115.5,-15.2,-3.5], pos2=[-40.1,-12.5,-3.7]
2021-08-14 15:50:13:DEBUG:root:DropFeet=[-131.8,-15.8,-3.5], Advised=[-131.8,-15.8,-3.5]
2021-08-14 15:50:13:DEBUG:root:Offset=[0.2,-4.8,-3.5]
2021-08-14 15:51:11:DEBUG:root:pos0=[-132,-11,0]
2021-08-14 15:51:11:DEBUG:root:pos1=[-115.5,-15.2,-3.5], pos2=[-40.1,-12.5,-3.7]
2021-08-14 15:51:11:DEBUG:root:DropFeet=[-131.8,-15.8,-3.5], Advised=[-131.8,-15.8,-3.5]
2021-08-14 15:51:11:DEBUG:root:Offset=[0.2,-4.8,-3.5]
2021-08-14 15:52:24:DEBUG:root:pos0=[-132,-11,0]
2021-08-14 15:52:24:DEBUG:root:pos1=[-115.5,-15.2,-3.5], pos2=[-40.1,-12.5,-3.7]
2021-08-14 15:52:24:DEBUG:root:DropFeet=[-131.8,-15.8,-3.5], Advised=[-131.8,-15.8,-3.5]
2021-08-14 15:52:24:DEBUG:root:Offset=[0.2,-4.8,-3.5]
2021-08-14 15:52:47:DEBUG:root:pos0=[-132,-11,0]
2021-08-14 15:52:47:DEBUG:root:pos1=[-115.5,-15.2,-3.5], pos2=[-40.1,-12.5,-3.7]
2021-08-14 15:52:47:DEBUG:root:DropFeet=[-131.8,-15.8,-3.5], Advised=[-131.8,-15.8,-3.5]
2021-08-14 15:52:47:DEBUG:root:Offset=[0.2,-4.8,-3.5]
2021-08-14 15:54:47:DEBUG:root:pos0=[-10,-11,0]
2021-08-14 15:54:47:DEBUG:root:pos1=[-115.5,-15.2,-3.5], pos2=[-40.1,-12.5,-3.7]
2021-08-14 15:54:47:DEBUG:root:DropFeet=[-10,-11.4,-3.7], Advised=[-10,-11.4,-3.7]
2021-08-14 15:54:47:DEBUG:root:Offset=[0,-0.4,-3.7]
2021-08-14 15:55:20:DEBUG:root:pos0=[-10,-11,0]
2021-08-14 15:55:20:DEBUG:root:pos1=[-115.5,-15.2,-3.5], pos2=[-40.1,-12.5,-3.7]
2021-08-14 15:55:20:DEBUG:root:DropFeet=[-10,-11.4,-3.7], Advised=[-10,-11.4,-3.7]
2021-08-14 15:55:20:DEBUG:root:Offset=[0,-0.4,-3.7]
2021-08-14 15:56:23:DEBUG:root:pos0=[-10,-11,0]
2021-08-14 15:56:23:DEBUG:root:pos1=[-115.5,-15.2,-3.5], pos2=[-40.1,-12.5,-3.7]
2021-08-14 15:56:23:DEBUG:root:DropFeet=[-10,-11.4,-3.7], Advised=[-10,-11.4,-3.7]
2021-08-14 15:56:23:DEBUG:root:Offset=[0,-0.4,-3.7]
2021-08-14 15:56:44:WARNING:root:Scan: pSearchSeam4_1=[0,-11,50]
2021-08-14 15:56:52:WARNING:root:Found: pSeamFound4_1=[-6.04,-11.63,67.44]
2021-08-14 15:56:52:WARNING:root:Scan: pSearchSeam4_2=[0,-11,250]
2021-08-14 15:56:59:WARNING:root:Found: pSeamFound4_2=[-7.27,-12.74,236.03]
2021-08-14 15:57:01:DEBUG:root:pos0=[0,-11,10]
2021-08-14 15:57:01:DEBUG:root:pos1=[-6,-11.6,67.4], pos2=[-7.3,-12.7,236]
2021-08-14 15:57:01:DEBUG:root:DropFeet=[-5.6,-11.3,10], Advised=[-5.6,-11.3,10]
2021-08-14 15:57:01:DEBUG:root:Offset=[-5.6,-0.3,0]
2021-08-14 15:57:01:DEBUG:root:pos0=[0,-11,100]
2021-08-14 15:57:01:DEBUG:root:pos1=[-6,-11.6,67.4], pos2=[-7.3,-12.7,236]
2021-08-14 15:57:01:DEBUG:root:DropFeet=[-6.3,-11.8,99.9], Advised=[-6.3,-11.8,99.9]
2021-08-14 15:57:01:DEBUG:root:Offset=[-6.3,-0.8,-0.1]
2021-08-14 15:57:01:DEBUG:root:pos0=[0,-11,380]
2021-08-14 15:57:01:DEBUG:root:pos1=[-6,-11.6,67.4], pos2=[-7.3,-12.7,236]
2021-08-14 15:57:01:DEBUG:root:DropFeet=[-8.3,-13.7,379.9], Advised=[-8.3,-13.7,379.9]
2021-08-14 15:57:01:DEBUG:root:Offset=[-8.3,-2.7,-0.1]
2021-08-14 15:57:53:DEBUG:root:pos0=[0,-11,10]
2021-08-14 15:57:53:DEBUG:root:pos1=[-6,-11.6,67.4], pos2=[-7.3,-12.7,236]
2021-08-14 15:57:53:DEBUG:root:DropFeet=[-5.6,-11.3,10], Advised=[-5.6,-11.3,10]
2021-08-14 15:57:53:DEBUG:root:Offset=[-5.6,-0.3,0]
2021-08-14 16:01:10:DEBUG:root:pos0=[0,-11,10]
2021-08-14 16:01:10:DEBUG:root:pos1=[-6,-11.6,67.4], pos2=[-7.3,-12.7,236]
2021-08-14 16:01:10:DEBUG:root:DropFeet=[-5.6,-11.3,10], Advised=[-5.6,-11.3,10]
2021-08-14 16:01:10:DEBUG:root:Offset=[-5.6,-0.3,0]
2021-08-14 16:01:44:DEBUG:root:pos0=[0,-11,10]
2021-08-14 16:01:44:DEBUG:root:pos1=[-6,-11.6,67.4], pos2=[-7.3,-12.7,236]
2021-08-14 16:01:44:DEBUG:root:DropFeet=[-5.6,-11.3,10], Advised=[-5.6,-11.3,10]
2021-08-14 16:01:44:DEBUG:root:Offset=[-5.6,-0.3,0]
2021-08-14 16:04:21:DEBUG:root:pos0=[0,-11,100]
2021-08-14 16:04:21:DEBUG:root:pos1=[-6,-11.6,67.4], pos2=[-7.3,-12.7,236]
2021-08-14 16:04:21:DEBUG:root:DropFeet=[-6.3,-11.8,99.9], Advised=[-6.3,-11.8,99.9]
2021-08-14 16:04:21:DEBUG:root:Offset=[-6.3,-0.8,-0.1]
2021-08-14 16:07:12:DEBUG:root:pos0=[0,-11,99.9]
2021-08-14 16:07:12:DEBUG:root:pos1=[-6,-11.6,67.4], pos2=[-7.3,-12.7,236]
2021-08-14 16:07:12:DEBUG:root:DropFeet=[-6.3,-11.8,99.9], Advised=[-6.3,-11.8,99.9]
2021-08-14 16:07:12:DEBUG:root:Offset=[-6.3,-0.8,-0.1]
2021-08-14 16:08:07:DEBUG:root:pos0=[0,-11,99.9]
2021-08-14 16:08:07:DEBUG:root:pos1=[-6,-11.6,67.4], pos2=[-7.3,-12.7,236]
2021-08-14 16:08:07:DEBUG:root:DropFeet=[-6.3,-11.8,99.9], Advised=[-6.3,-11.8,99.9]
2021-08-14 16:08:07:DEBUG:root:Offset=[-6.3,-0.8,-0.1]
2021-08-14 16:09:32:DEBUG:root:pos0=[0,-11,99.9]
2021-08-14 16:09:32:DEBUG:root:pos1=[-6,-11.6,67.4], pos2=[-7.3,-12.7,236]
2021-08-14 16:09:32:DEBUG:root:DropFeet=[-6.3,-11.8,99.9], Advised=[-6.3,-11.8,99.9]
2021-08-14 16:09:32:DEBUG:root:Offset=[-6.3,-0.8,-0.1]
2021-08-14 16:10:34:DEBUG:root:pos0=[0,-11,380]
2021-08-14 16:10:34:DEBUG:root:pos1=[-6,-11.6,67.4], pos2=[-7.3,-12.7,236]
2021-08-14 16:10:34:DEBUG:root:DropFeet=[-8.3,-13.7,379.9], Advised=[-8.3,-13.7,379.9]
2021-08-14 16:10:34:DEBUG:root:Offset=[-8.3,-2.7,-0.1]
2021-08-14 16:11:05:DEBUG:root:pos0=[0,-11,380]
2021-08-14 16:11:05:DEBUG:root:pos1=[-6,-11.6,67.4], pos2=[-7.3,-12.7,236]
2021-08-14 16:11:05:DEBUG:root:DropFeet=[-8.3,-13.7,379.9], Advised=[-8.3,-13.7,379.9]
2021-08-14 16:11:05:DEBUG:root:Offset=[-8.3,-2.7,-0.1]
2021-08-14 16:11:34:DEBUG:root:pos0=[0,-11,380]
2021-08-14 16:11:34:DEBUG:root:pos1=[-6,-11.6,67.4], pos2=[-7.3,-12.7,236]
2021-08-14 16:11:34:DEBUG:root:DropFeet=[-8.3,-13.7,379.9], Advised=[-8.3,-13.7,379.9]
2021-08-14 16:11:34:DEBUG:root:Offset=[-8.3,-2.7,-0.1]
2021-08-14 16:11:57:DEBUG:root:pos0=[0,-11,380]
2021-08-14 16:11:57:DEBUG:root:pos1=[-6,-11.6,67.4], pos2=[-7.3,-12.7,236]
2021-08-14 16:11:57:DEBUG:root:DropFeet=[-8.3,-13.7,379.9], Advised=[-8.3,-13.7,379.9]
2021-08-14 16:11:57:DEBUG:root:Offset=[-8.3,-2.7,-0.1]
2021-08-14 16:12:40:DEBUG:root:pos0=[0,-11,380]
2021-08-14 16:12:40:DEBUG:root:pos1=[-6,-11.6,67.4], pos2=[-7.3,-12.7,236]
2021-08-14 16:12:40:DEBUG:root:DropFeet=[-8.3,-13.7,379.9], Advised=[-8.3,-13.7,379.9]
2021-08-14 16:12:40:DEBUG:root:Offset=[-8.3,-2.7,-0.1]
2021-08-14 16:13:26:WARNING:root:Scan: pSearchSeam5_1=[-143.5,-25,0]
2021-08-14 16:14:26:WARNING:root:Modules are saved
2021-08-14 16:14:26:WARNING:root:Job Weld: 1/1 - 1002
2021-08-14 16:14:26:WARNING:root:Pos: [-513,-36,67]
2021-08-14 16:14:26:WARNING:root:Gantry: [-513,-36,-67]
2021-08-14 16:14:33:WARNING:root:Start to run Template_1002...
2021-08-14 16:14:40:WARNING:root:Search oframe
2021-08-14 16:14:40:WARNING:root:Scan: pQ2_Y1=[-0.03,74.99,-0.03]
2021-08-14 16:14:49:WARNING:root:Found: pQ2_Y1_Found=[17.79,89.98,-0.47]
2021-08-14 16:14:49:WARNING:root:Scan: pQ2_Y2=[-0.03,200,-0.03]
2021-08-14 16:14:51:WARNING:root:Found: pQ2_Y2_Found=[15.3,215.35,0.25]
2021-08-14 16:14:57:WARNING:root:Scan: pQ2_Z2=[0,0,250]
2021-08-14 16:15:06:WARNING:root:Found: pQ2_Z2_Found=[16.09,6.94,231.85]
2021-08-14 16:15:06:WARNING:root:poseFrame.trans:=[19.4114,8.34287,-0.938842]
2021-08-14 16:15:06:WARNING:root:poseFrame.rot:=[91.1378,-0.328981,89.1759]
2021-08-14 16:15:06:WARNING:root:oframe.trans:=[19.4114,8.34287,-0.938842]
2021-08-14 16:15:06:WARNING:root:oframe.rot:=[0,0,0]
2021-08-14 16:15:12:WARNING:root:Scan: pSearchSeam1_1=[-100,0,0]
2021-08-14 16:15:22:WARNING:root:Found: pSeamFound1_1=[-114.41,-6.74,1]
2021-08-14 16:15:22:WARNING:root:Scan: pSearchSeam1_2=[-25,0,0]
2021-08-14 16:15:23:WARNING:root:Found: pSeamFound1_2=[-39.93,-4.21,1.3]
2021-08-14 16:15:24:DEBUG:root:pos0=[-132,0,0]
2021-08-14 16:15:24:DEBUG:root:pos1=[-114.4,-6.7,1], pos2=[-39.9,-4.2,1.3]
2021-08-14 16:15:24:DEBUG:root:DropFeet=[-131.8,-7.3,0.9], Advised=[-131.8,-7.3,0.9]
2021-08-14 16:15:24:DEBUG:root:Offset=[0.2,-7.3,0.9]
2021-08-14 16:15:24:DEBUG:root:pos0=[-10,0,0]
2021-08-14 16:15:24:DEBUG:root:pos1=[-114.4,-6.7,1], pos2=[-39.9,-4.2,1.3]
2021-08-14 16:15:24:DEBUG:root:DropFeet=[-9.9,-3.2,1.4], Advised=[-9.9,-3.2,1.4]
2021-08-14 16:15:24:DEBUG:root:Offset=[0.1,-3.2,1.4]
2021-08-14 16:15:51:WARNING:root:Scan: pSearchSeam2_1=[0,0,50]
2021-08-14 16:16:06:WARNING:root:Found: pSeamFound2_1=[-0.26,-0.53,65.51]
2021-08-14 16:16:06:WARNING:root:Scan: pSearchSeam2_2=[0,0,250]
2021-08-14 16:16:13:WARNING:root:Found: pSeamFound2_2=[-4.04,-1.71,234.81]
2021-08-14 16:16:14:DEBUG:root:pos0=[0,0,10]
2021-08-14 16:16:14:DEBUG:root:pos1=[-0.3,-0.5,65.5], pos2=[-4,-1.7,234.8]
2021-08-14 16:16:14:DEBUG:root:DropFeet=[1,-0.1,10], Advised=[1,-0.1,10]
2021-08-14 16:16:14:DEBUG:root:Offset=[1,-0.1,0]
2021-08-14 16:16:14:DEBUG:root:pos0=[0,0,100]
2021-08-14 16:16:14:DEBUG:root:pos1=[-0.3,-0.5,65.5], pos2=[-4,-1.7,234.8]
2021-08-14 16:16:14:DEBUG:root:DropFeet=[-1,-0.8,100], Advised=[-1,-0.8,100]
2021-08-14 16:16:14:DEBUG:root:Offset=[-1,-0.8,0]
2021-08-14 16:16:14:DEBUG:root:pos0=[0,0,385]
2021-08-14 16:16:14:DEBUG:root:pos1=[-0.3,-0.5,65.5], pos2=[-4,-1.7,234.8]
2021-08-14 16:16:14:DEBUG:root:DropFeet=[-7.4,-2.8,384.8], Advised=[-7.4,-2.8,384.8]
2021-08-14 16:16:14:DEBUG:root:Offset=[-7.4,-2.8,-0.2]
2021-08-14 16:18:14:WARNING:root:Scan: pSearchSeam3_1=[-100,-11,0]
2021-08-14 16:18:26:WARNING:root:Found: pSeamFound3_1=[-115.49,-15.34,-3.62]
2021-08-14 16:18:26:WARNING:root:Scan: pSearchSeam3_2=[-25,-11,0]
2021-08-14 16:18:28:WARNING:root:Found: pSeamFound3_2=[-40.04,-12.45,-3.77]
2021-08-14 16:18:28:DEBUG:root:pos0=[-132,-11,0]
2021-08-14 16:18:28:DEBUG:root:pos1=[-115.5,-15.3,-3.6], pos2=[-40,-12.4,-3.8]
2021-08-14 16:18:28:DEBUG:root:DropFeet=[-131.8,-16,-3.6], Advised=[-131.8,-16,-3.6]
2021-08-14 16:18:28:DEBUG:root:Offset=[0.2,-5,-3.6]
2021-08-14 16:18:28:DEBUG:root:pos0=[-10,-11,0]
2021-08-14 16:18:28:DEBUG:root:pos1=[-115.5,-15.3,-3.6], pos2=[-40,-12.4,-3.8]
2021-08-14 16:18:28:DEBUG:root:DropFeet=[-10,-11.3,-3.8], Advised=[-10,-11.3,-3.8]
2021-08-14 16:18:28:DEBUG:root:Offset=[0,-0.3,-3.8]
2021-08-14 16:20:22:WARNING:root:Scan: pSearchSeam4_1=[0,-11,50]
2021-08-14 16:20:38:WARNING:root:Found: pSeamFound4_1=[-6.11,-11.75,67.47]
2021-08-14 16:20:38:WARNING:root:Scan: pSearchSeam4_2=[0,-11,250]
2021-08-14 16:20:45:WARNING:root:Found: pSeamFound4_2=[-7.61,-12.49,236.05]
2021-08-14 16:20:47:DEBUG:root:pos0=[0,-11,10]
2021-08-14 16:20:47:DEBUG:root:pos1=[-6.1,-11.8,67.5], pos2=[-7.6,-12.5,236.1]
2021-08-14 16:20:47:DEBUG:root:DropFeet=[-5.6,-11.5,9.9], Advised=[-5.6,-11.5,9.9]
2021-08-14 16:20:47:DEBUG:root:Offset=[-5.6,-0.5,-0.1]
2021-08-14 16:20:47:DEBUG:root:pos0=[0,-11,99.9]
2021-08-14 16:20:47:DEBUG:root:pos1=[-6.1,-11.8,67.5], pos2=[-7.6,-12.5,236.1]
2021-08-14 16:20:47:DEBUG:root:DropFeet=[-6.4,-11.9,99.9], Advised=[-6.4,-11.9,99.9]
2021-08-14 16:20:47:DEBUG:root:Offset=[-6.4,-0.9,-0.1]
2021-08-14 16:20:47:DEBUG:root:pos0=[0,-11,390]
2021-08-14 16:20:47:DEBUG:root:pos1=[-6.1,-11.8,67.5], pos2=[-7.6,-12.5,236.1]
2021-08-14 16:20:47:DEBUG:root:DropFeet=[-9,-13.2,389.9], Advised=[-9,-13.2,389.9]
2021-08-14 16:20:47:DEBUG:root:Offset=[-9,-2.2,-0.1]
2021-08-14 16:22:30:DEBUG:root:pos0=[0,-11,390]
2021-08-14 16:22:30:DEBUG:root:pos1=[-6.1,-11.8,67.5], pos2=[-7.6,-12.5,236.1]
2021-08-14 16:22:30:DEBUG:root:DropFeet=[-9,-13.2,389.9], Advised=[-9,-13.2,389.9]
2021-08-14 16:22:30:DEBUG:root:Offset=[-9,-2.2,-0.1]
2021-08-14 16:22:48:WARNING:root:Scan: pSearchSeam5_1=[-143.5,-25,0]
2021-08-14 16:23:36:WARNING:root:Modules are saved
2021-08-14 16:23:36:WARNING:root:Job Weld: 1/1 - 1002
2021-08-14 16:23:36:WARNING:root:Pos: [-513,-36,67]
2021-08-14 16:23:36:WARNING:root:Gantry: [-513,-36,-67]
2021-08-14 16:24:01:WARNING:root:Start to run Template_1002...
2021-08-14 16:24:09:WARNING:root:Search oframe
2021-08-14 16:24:09:WARNING:root:Scan: pQ2_Y1=[-0.03,74.99,-0.03]
2021-08-14 16:24:18:WARNING:root:Found: pQ2_Y1_Found=[17.72,90.01,-0.38]
2021-08-14 16:24:18:WARNING:root:Scan: pQ2_Y2=[-0.03,200,-0.03]
2021-08-14 16:24:20:WARNING:root:Found: pQ2_Y2_Found=[15.32,215.36,0.3]
2021-08-14 16:24:25:WARNING:root:Scan: pQ2_Z2=[0,0,250]
2021-08-14 16:24:35:WARNING:root:Found: pQ2_Z2_Found=[16.14,7.09,231.86]
2021-08-14 16:24:35:WARNING:root:poseFrame.trans:=[19.2823,8.41242,-0.822651]
2021-08-14 16:24:35:WARNING:root:poseFrame.rot:=[91.0969,-0.310759,89.2202]
2021-08-14 16:24:35:WARNING:root:oframe.trans:=[19.2823,8.41242,-0.822651]
2021-08-14 16:24:35:WARNING:root:oframe.rot:=[0,0,0]
2021-08-14 16:24:41:WARNING:root:Scan: pSearchSeam1_1=[-100,0,0]
2021-08-14 16:24:50:WARNING:root:Found: pSeamFound1_1=[-114.33,-6.86,0.57]
2021-08-14 16:24:50:WARNING:root:Scan: pSearchSeam1_2=[-25,0,0]
2021-08-14 16:24:52:WARNING:root:Found: pSeamFound1_2=[-39.89,-4.25,1.05]
2021-08-14 16:24:53:DEBUG:root:pos0=[-132,0,0]
2021-08-14 16:24:53:DEBUG:root:pos1=[-114.3,-6.9,0.6], pos2=[-39.9,-4.3,1]
2021-08-14 16:24:53:DEBUG:root:DropFeet=[-131.7,-7.5,0.5], Advised=[-131.7,-7.5,0.5]
2021-08-14 16:24:53:DEBUG:root:Offset=[0.3,-7.5,0.5]
2021-08-14 16:24:53:DEBUG:root:pos0=[-10,0,0]
2021-08-14 16:24:53:DEBUG:root:pos1=[-114.3,-6.9,0.6], pos2=[-39.9,-4.3,1]
2021-08-14 16:24:53:DEBUG:root:DropFeet=[-9.9,-3.2,1.2], Advised=[-9.9,-3.2,1.2]
2021-08-14 16:24:53:DEBUG:root:Offset=[0.1,-3.2,1.2]
2021-08-14 16:25:14:WARNING:root:Scan: pSearchSeam2_1=[0,0,50]
2021-08-14 16:25:29:WARNING:root:Found: pSeamFound2_1=[-0.14,-0.59,65.5]
2021-08-14 16:25:29:WARNING:root:Scan: pSearchSeam2_2=[0,0,250]
2021-08-14 16:25:37:WARNING:root:Found: pSeamFound2_2=[-4.04,-1.67,234.81]
2021-08-14 16:25:37:DEBUG:root:pos0=[0,0,10]
2021-08-14 16:25:37:DEBUG:root:pos1=[-0.1,-0.6,65.5], pos2=[-4,-1.7,234.8]
2021-08-14 16:25:37:DEBUG:root:DropFeet=[1.1,-0.2,10], Advised=[1.1,-0.2,10]
2021-08-14 16:25:37:DEBUG:root:Offset=[1.1,-0.2,0]
2021-08-14 16:25:37:DEBUG:root:pos0=[0,0,100]
2021-08-14 16:25:37:DEBUG:root:pos1=[-0.1,-0.6,65.5], pos2=[-4,-1.7,234.8]
2021-08-14 16:25:37:DEBUG:root:DropFeet=[-0.9,-0.8,100], Advised=[-0.9,-0.8,100]
2021-08-14 16:25:37:DEBUG:root:Offset=[-0.9,-0.8,0]
2021-08-14 16:25:37:DEBUG:root:pos0=[0,0,385]
2021-08-14 16:25:37:DEBUG:root:pos1=[-0.1,-0.6,65.5], pos2=[-4,-1.7,234.8]
2021-08-14 16:25:37:DEBUG:root:DropFeet=[-7.5,-2.6,384.8], Advised=[-7.5,-2.6,384.8]
2021-08-14 16:25:37:DEBUG:root:Offset=[-7.5,-2.6,-0.2]
2021-08-14 16:26:35:WARNING:root:Scan: pSearchSeam3_1=[-100,-11,0]
2021-08-14 16:26:44:WARNING:root:Found: pSeamFound3_1=[-115.46,-15.21,-3.62]
2021-08-14 16:26:44:WARNING:root:Scan: pSearchSeam3_2=[-25,-11,0]
2021-08-14 16:26:46:WARNING:root:Found: pSeamFound3_2=[-40.06,-12.52,-3.76]
2021-08-14 16:26:46:DEBUG:root:pos0=[-132,-11,0]
2021-08-14 16:26:46:DEBUG:root:pos1=[-115.5,-15.2,-3.6], pos2=[-40.1,-12.5,-3.8]
2021-08-14 16:26:46:DEBUG:root:DropFeet=[-131.8,-15.8,-3.6], Advised=[-131.8,-15.8,-3.6]
2021-08-14 16:26:46:DEBUG:root:Offset=[0.2,-4.8,-3.6]
2021-08-14 16:26:46:DEBUG:root:pos0=[-10,-11,0]
2021-08-14 16:26:46:DEBUG:root:pos1=[-115.5,-15.2,-3.6], pos2=[-40.1,-12.5,-3.8]
2021-08-14 16:26:46:DEBUG:root:DropFeet=[-10,-11.4,-3.8], Advised=[-10,-11.4,-3.8]
2021-08-14 16:26:46:DEBUG:root:Offset=[0,-0.4,-3.8]
2021-08-14 16:28:05:WARNING:root:Scan: pSearchSeam4_1=[0,-11,50]
2021-08-14 16:28:13:WARNING:root:Found: pSeamFound4_1=[-5.97,-11.74,67.44]
2021-08-14 16:28:13:WARNING:root:Scan: pSearchSeam4_2=[0,-11,250]
2021-08-14 16:28:20:WARNING:root:Found: pSeamFound4_2=[-7.27,-13.01,236.1]
2021-08-14 16:28:22:DEBUG:root:pos0=[0,-11,10]
2021-08-14 16:28:22:DEBUG:root:pos1=[-6,-11.7,67.4], pos2=[-7.3,-13,236.1]
2021-08-14 16:28:22:DEBUG:root:DropFeet=[-5.5,-11.3,10], Advised=[-5.5,-11.3,10]
2021-08-14 16:28:22:DEBUG:root:Offset=[-5.5,-0.3,0]
2021-08-14 16:28:22:DEBUG:root:pos0=[0,-11,99.9]
2021-08-14 16:28:22:DEBUG:root:pos1=[-6,-11.7,67.4], pos2=[-7.3,-13,236.1]
2021-08-14 16:28:22:DEBUG:root:DropFeet=[-6.2,-12,99.9], Advised=[-6.2,-12,99.9]
2021-08-14 16:28:22:DEBUG:root:Offset=[-6.2,-1,-0.1]
2021-08-14 16:28:22:DEBUG:root:pos0=[0,-11,390]
2021-08-14 16:28:22:DEBUG:root:pos1=[-6,-11.7,67.4], pos2=[-7.3,-13,236.1]
2021-08-14 16:28:22:DEBUG:root:DropFeet=[-8.5,-14.2,389.9], Advised=[-8.5,-14.2,389.9]
2021-08-14 16:28:22:DEBUG:root:Offset=[-8.5,-3.2,-0.1]
2021-08-14 16:32:33:WARNING:root:Scan: pSearchSeam5_1=[-143.5,-25,0]
2021-08-14 16:32:49:WARNING:root:Modules are saved
2021-08-14 16:32:49:WARNING:root:Job Weld: 1/1 - 1002
2021-08-14 16:32:49:WARNING:root:Pos: [-513,-36,67]
2021-08-14 16:32:49:WARNING:root:Gantry: [-513,-36,-67]
