2021-08-12 09:02:38:WARNING:root:Scan: pZ2=[0,0,250]
2021-08-12 09:05:24:WARNING:root:Scan: pSearchSeam2_1=[0,0,250]
2021-08-12 09:05:34:WARNING:root:Found: pSeamFound2_1=[0,0,250]
2021-08-12 09:05:34:WARNING:root:Scan: pSearchSeam2_2=[0,0,250]
2021-08-12 09:05:35:WARNING:root:Found: pSeamFound2_2=[0,0,250]
2021-08-12 09:10:22:WARNING:root:Select Quadrant2
2021-08-12 09:10:25:WARNING:root:Use Gantry Offset: [-800,500,-1200]
2021-08-12 09:10:25:WARNING:root:BaseFramePosZ=1680
2021-08-12 09:10:25:WARNING:root:Move Gantry to [-800,500,480]
2021-08-12 09:14:05:WARNING:root:Scan: pSearchSeam2_1=[0,0,250]
2021-08-12 09:14:16:WARNING:root:Found: pSeamFound2_1=[0,0,250]
2021-08-12 09:14:16:WARNING:root:Scan: pSearchSeam2_2=[0,0,250]
2021-08-12 09:14:18:WARNING:root:Found: pSeamFound2_2=[0,0,250]
2021-08-12 09:21:10:WARNING:root:Modules are saved
2021-08-12 09:21:10:WARNING:root:Job Weld: 1/1 - 1002
2021-08-12 09:21:10:WARNING:root:Pos: [0,0,24]
2021-08-12 09:21:10:WARNING:root:Gantry: [0,0,-24]
2021-08-12 09:21:10:WARNING:root:Start to run Template_1002...
2021-08-12 09:21:10:WARNING:root:Search oframe
2021-08-12 09:21:10:WARNING:root:Scan: pY1=[0,75,0]
2021-08-12 09:22:11:WARNING:root:Modules are saved
2021-08-12 09:22:11:WARNING:root:Job Weld: 1/1 - 1002
2021-08-12 09:22:11:WARNING:root:Pos: [0,0,24]
2021-08-12 09:22:11:WARNING:root:Gantry: [0,0,-24]
2021-08-12 09:22:11:WARNING:root:Start to run Template_1002...
2021-08-12 09:22:11:WARNING:root:Search oframe
2021-08-12 09:22:11:WARNING:root:Scan: pY1=[0,75,0]
2021-08-12 09:22:22:WARNING:root:Found: pY1_Found=[0,75,0]
2021-08-12 09:22:22:WARNING:root:Scan: pY2=[0,200,0]
2021-08-12 09:22:25:WARNING:root:Found: pY2_Found=[0,200,0]
2021-08-12 09:22:30:WARNING:root:Scan: pX1=[-75,0,0]
2021-08-12 09:22:59:WARNING:root:Found: pX1_Found=[-75,0,0]
2021-08-12 09:23:03:WARNING:root:Scan: pZ1=[0,0,50]
2021-08-12 09:23:14:WARNING:root:Found: pZ1_Found=[0,0,50]
2021-08-12 09:23:16:WARNING:root:Scan: pZ2=[0,0,250]
2021-08-12 09:23:25:WARNING:root:Found: pZ2_Found=[0,0,250]
2021-08-12 09:23:25:WARNING:root:poseFrame.trans:=[0,0,0]
2021-08-12 09:23:25:WARNING:root:poseFrame.rot:=[90,0,0]
2021-08-12 09:23:25:WARNING:root:oframe.trans:=[0,0,0]
2021-08-12 09:23:25:WARNING:root:oframe.rot:=[0,0,0]
2021-08-12 09:23:30:WARNING:root:Scan: pSearchSeam1_1=[-75,0,0]
2021-08-12 09:23:40:WARNING:root:Found: pSeamFound1_1=[-75,0,0]
2021-08-12 09:23:40:WARNING:root:Scan: pSearchSeam1_2=[-75,0,0]
2021-08-12 09:23:42:WARNING:root:Found: pSeamFound1_2=[-75,0,0]
2021-08-12 09:28:25:WARNING:root:Modules are saved
2021-08-12 09:28:25:WARNING:root:Job Weld: 1/1 - 1002
2021-08-12 09:28:25:WARNING:root:Pos: [0,0,24]
2021-08-12 09:28:25:WARNING:root:Gantry: [0,0,-24]
2021-08-12 09:28:25:WARNING:root:Start to run Template_1002...
2021-08-12 09:28:25:WARNING:root:Search oframe
2021-08-12 09:28:28:WARNING:root:Scan: pY1=[0,75,0]
2021-08-12 09:28:41:WARNING:root:Found: pY1_Found=[0,75,0]
2021-08-12 09:28:41:WARNING:root:Scan: pY2=[0,200,0]
2021-08-12 09:28:44:WARNING:root:Found: pY2_Found=[0,200,0]
2021-08-12 09:28:50:WARNING:root:Scan: pX1=[-75,0,0]
2021-08-12 09:29:00:WARNING:root:Found: pX1_Found=[-75,0,0]
2021-08-12 09:29:04:WARNING:root:Scan: pZ1=[0,0,50]
2021-08-12 09:29:14:WARNING:root:Found: pZ1_Found=[0,0,50]
2021-08-12 09:29:16:WARNING:root:Scan: pZ2=[0,0,250]
2021-08-12 09:29:25:WARNING:root:Found: pZ2_Found=[0,0,250]
2021-08-12 09:29:25:WARNING:root:poseFrame.trans:=[0,0,0]
2021-08-12 09:29:25:WARNING:root:poseFrame.rot:=[90,0,0]
2021-08-12 09:29:25:WARNING:root:oframe.trans:=[0,0,0]
2021-08-12 09:29:25:WARNING:root:oframe.rot:=[0,0,0]
2021-08-12 09:29:30:WARNING:root:Scan: pSearchSeam1_1=[-75,0,0]
2021-08-12 09:29:39:WARNING:root:Found: pSeamFound1_1=[-75,0,0]
2021-08-12 09:29:39:WARNING:root:Scan: pSearchSeam1_2=[-75,0,0]
2021-08-12 09:29:40:WARNING:root:Found: pSeamFound1_2=[-75,0,0]
2021-08-12 09:30:26:WARNING:root:Scan: pSearchSeam2_1=[0,0,250]
2021-08-12 09:30:38:WARNING:root:Found: pSeamFound2_1=[0,0,250]
2021-08-12 09:30:38:WARNING:root:Scan: pSearchSeam2_2=[0,0,250]
2021-08-12 09:30:40:WARNING:root:Found: pSeamFound2_2=[0,0,250]
2021-08-12 09:32:46:WARNING:root:Select Quadrant3
2021-08-12 09:32:50:WARNING:root:Use Gantry Offset: [-800,-500,-1200]
2021-08-12 09:32:50:WARNING:root:BaseFramePosZ=1680
2021-08-12 09:32:50:WARNING:root:Move Gantry to [-800,-500,456]
2021-08-12 10:01:40:WARNING:root:Modules are saved
2021-08-12 10:01:40:WARNING:root:Job Weld: 1/1 - 1002
2021-08-12 10:01:40:WARNING:root:Pos: [0,0,24]
2021-08-12 10:01:40:WARNING:root:Gantry: [0,0,-24]
2021-08-12 10:01:40:WARNING:root:Start to run Template_1002...
2021-08-12 10:01:40:WARNING:root:Search oframe
2021-08-12 10:01:42:WARNING:root:Scan: pY1=[0,75,0]
2021-08-12 10:01:53:WARNING:root:Found: pY1_Found=[0,75,0]
2021-08-12 10:01:53:WARNING:root:Scan: pY2=[0,200,0]
2021-08-12 10:01:56:WARNING:root:Found: pY2_Found=[0,200,0]
2021-08-12 10:02:01:WARNING:root:Scan: pZ2=[0,0,250]
2021-08-12 10:02:13:WARNING:root:Found: pZ2_Found=[0,0,250]
2021-08-12 10:02:13:WARNING:root:poseFrame.trans:=[0,0,0]
2021-08-12 10:02:13:WARNING:root:poseFrame.rot:=[90,0,90]
2021-08-12 10:02:13:WARNING:root:oframe.trans:=[0,0,0]
2021-08-12 10:02:13:WARNING:root:oframe.rot:=[0,0,0]
2021-08-12 10:02:18:WARNING:root:Scan: pSearchSeam1_1=[-75,0,0]
2021-08-12 10:02:27:WARNING:root:Found: pSeamFound1_1=[-75,0,0]
2021-08-12 10:02:27:WARNING:root:Scan: pSearchSeam1_2=[-75,0,0]
2021-08-12 10:02:28:WARNING:root:Found: pSeamFound1_2=[-75,0,0]
2021-08-12 10:03:13:WARNING:root:Scan: pSearchSeam2_1=[0,0,250]
2021-08-12 10:26:22:WARNING:root:Found: pSeamFound2_1=[0,0,250]
2021-08-12 10:26:22:WARNING:root:Scan: pSearchSeam2_2=[0,0,250]
2021-08-12 10:26:25:WARNING:root:Found: pSeamFound2_2=[0,0,250]
2021-08-12 10:27:44:WARNING:root:Scan: pSearchSeam3_1=[-75,0,0]
2021-08-12 10:28:59:WARNING:root:Found: pSeamFound3_1=[-75,0,0]
2021-08-12 10:28:59:WARNING:root:Scan: pSearchSeam3_2=[-75,0,0]
2021-08-12 10:29:02:WARNING:root:Found: pSeamFound3_2=[-75,0,0]
2021-08-12 10:29:47:WARNING:root:Scan: pSearchSeam4_1=[0,0,250]
2021-08-12 11:47:44:WARNING:root:Select Quadrant3
2021-08-12 11:47:46:WARNING:root:Use Gantry Offset: [-800,-500,-1200]
2021-08-12 11:47:46:WARNING:root:BaseFramePosZ=1680
2021-08-12 11:47:46:WARNING:root:Move Gantry to [-800,-500,456]
2021-08-12 12:41:38:WARNING:root:Scan: pSearchSeam3_1=[-75,0,0]
2021-08-12 12:43:31:WARNING:root:Scan: pSearchSeam3_1=[-75,0,0]
2021-08-12 12:44:49:WARNING:root:Scan: pSearchSeam3_1=[-75,0,0]
2021-08-12 12:44:57:WARNING:root:Found: pSeamFound3_1=[-75,0,0]
2021-08-12 12:45:03:WARNING:root:Scan: pSearchSeam3_2=[-75,0,0]
2021-08-12 12:45:06:WARNING:root:Found: pSeamFound3_2=[-75,0,0]
2021-08-12 12:48:17:WARNING:root:Scan: pSearchSeam4_1=[0,-11,100]
2021-08-12 12:48:34:WARNING:root:Found: pSeamFound4_1=[0,-11,100]
2021-08-12 12:48:36:WARNING:root:Scan: pSearchSeam4_2=[0,-11,300]
2021-08-12 12:48:40:WARNING:root:Found: pSeamFound4_2=[0,-11,300]
2021-08-12 12:50:18:WARNING:root:Scan: pSearchSeam4_1=[0,-11,100]
2021-08-12 12:50:26:WARNING:root:Found: pSeamFound4_1=[0,-11,100]
2021-08-12 12:50:27:WARNING:root:Scan: pSearchSeam4_2=[0,-11,300]
2021-08-12 12:50:30:WARNING:root:Found: pSeamFound4_2=[0,-11,300]
2021-08-12 12:51:54:WARNING:root:Modules are saved
2021-08-12 12:51:54:WARNING:root:Job Weld: 1/1 - 1002
2021-08-12 12:51:54:WARNING:root:Pos: [0,0,24]
2021-08-12 12:51:54:WARNING:root:Gantry: [0,0,-24]
2021-08-12 12:51:54:WARNING:root:Start to run Template_1002...
2021-08-12 12:51:54:WARNING:root:Search oframe
2021-08-12 12:51:56:WARNING:root:Scan: pQ2_Y1=[0,75,0]
2021-08-12 12:52:07:WARNING:root:Found: pQ2_Y1_Found=[0,75,0]
2021-08-12 12:52:07:WARNING:root:Scan: pQ2_Y2=[0,200,0]
2021-08-12 12:52:10:WARNING:root:Found: pQ2_Y2_Found=[0,200,0]
2021-08-12 12:52:15:WARNING:root:Scan: pQ2_Z2=[0,0,250]
2021-08-12 12:52:25:WARNING:root:Found: pQ2_Z2_Found=[0,0,250]
2021-08-12 12:52:25:WARNING:root:poseFrame.trans:=[0,0,0]
2021-08-12 12:52:25:WARNING:root:poseFrame.rot:=[90,0,90]
2021-08-12 12:52:25:WARNING:root:oframe.trans:=[0,0,0]
2021-08-12 12:52:25:WARNING:root:oframe.rot:=[0,0,0]
2021-08-12 12:52:30:WARNING:root:Scan: pSearchSeam1_1=[-75,0,0]
2021-08-12 12:52:40:WARNING:root:Found: pSeamFound1_1=[-75,0,0]
2021-08-12 12:52:40:WARNING:root:Scan: pSearchSeam1_2=[-75,0,0]
2021-08-12 12:52:42:WARNING:root:Found: pSeamFound1_2=[-75,0,0]
2021-08-12 12:53:27:WARNING:root:Scan: pSearchSeam2_1=[0,0,250]
2021-08-12 12:53:40:WARNING:root:Found: pSeamFound2_1=[0,0,250]
2021-08-12 12:53:40:WARNING:root:Scan: pSearchSeam2_2=[0,0,250]
2021-08-12 12:53:42:WARNING:root:Found: pSeamFound2_2=[0,0,250]
2021-08-12 12:55:02:WARNING:root:Scan: pSearchSeam3_1=[-75,-11,0]
2021-08-12 12:55:16:WARNING:root:Found: pSeamFound3_1=[-75,-11,0]
2021-08-12 12:55:16:WARNING:root:Scan: pSearchSeam3_2=[-75,-11,0]
2021-08-12 12:55:18:WARNING:root:Found: pSeamFound3_2=[-75,-11,0]
2021-08-12 12:56:01:WARNING:root:Scan: pSearchSeam4_1=[0,-11,100]
2021-08-12 12:56:13:WARNING:root:Found: pSeamFound4_1=[0,-11,100]
2021-08-12 12:56:13:WARNING:root:Scan: pSearchSeam4_2=[0,-11,300]
2021-08-12 12:56:16:WARNING:root:Found: pSeamFound4_2=[0,-11,300]
2021-08-12 13:06:35:WARNING:root:Scan: pSearchSeam5_1=[-161.5,-155.5,-6]
2021-08-12 13:06:41:WARNING:root:Found: pSeamFound5_1=[-161.5,-155.5,-6]
2021-08-12 13:07:44:WARNING:root:Scan: pSearchSeam5_1=[-161.5,-155.5,-6]
2021-08-12 13:07:51:WARNING:root:Found: pSeamFound5_1=[-161.5,-155.5,-6]
2021-08-12 13:07:55:WARNING:root:Scan: pSearchSeam5_2=[-161.5,-155.5,-6]
2021-08-12 13:07:57:WARNING:root:Found: pSeamFound5_2=[-161.5,-155.5,-6]
2021-08-12 13:10:43:WARNING:root:Scan: pSearchSeam5_1=[-161.5,-155.5,-6]
2021-08-12 13:10:53:WARNING:root:Found: pSeamFound5_1=[-161.5,-155.5,-6]
2021-08-12 13:10:53:WARNING:root:Scan: pSearchSeam5_2=[-161.5,-155.5,-6]
2021-08-12 13:10:54:WARNING:root:Found: pSeamFound5_2=[-161.5,-155.5,-6]
2021-08-12 13:21:42:WARNING:root:Select Quadrant23
2021-08-12 13:21:47:WARNING:root:Use Gantry Offset: [-800,0,-1200]
2021-08-12 13:21:47:WARNING:root:BaseFramePosZ=1680
2021-08-12 13:21:47:WARNING:root:Move Gantry to [-800,0,456]
2021-08-12 13:23:03:WARNING:root:Select Quadrant23
2021-08-12 13:23:05:WARNING:root:Use Gantry Offset: [-800,0,-1600]
2021-08-12 13:23:05:WARNING:root:BaseFramePosZ=1680
2021-08-12 13:23:05:WARNING:root:Move Gantry to [-800,0,56]
2021-08-12 13:26:35:WARNING:root:Select Quadrant2
2021-08-12 13:26:37:WARNING:root:Use Gantry Offset: [-800,500,-1200]
2021-08-12 13:26:37:WARNING:root:BaseFramePosZ=1680
2021-08-12 13:26:37:WARNING:root:Move Gantry to [-800,500,456]
2021-08-12 13:27:07:WARNING:root:Select Quadrant2
2021-08-12 13:27:09:WARNING:root:Use Gantry Offset: [-800,500,-1200]
2021-08-12 13:27:09:WARNING:root:BaseFramePosZ=1680
2021-08-12 13:27:09:WARNING:root:Move Gantry to [-800,500,456]
2021-08-12 13:29:03:WARNING:root:Select Quadrant23
2021-08-12 13:29:05:WARNING:root:Use Gantry Offset: [-800,500,-1500]
2021-08-12 13:29:05:WARNING:root:BaseFramePosZ=1680
2021-08-12 13:29:05:WARNING:root:Move Gantry to [-800,500,156]
2021-08-12 13:39:05:WARNING:root:Scan: pSearchSeam6_1=[0,-11,100]
2021-08-12 13:40:22:WARNING:root:Scan: pSearchSeam6_1=[0,-155.5,416]
2021-08-12 13:40:30:WARNING:root:Found: pSeamFound6_1=[0,-155.5,416]
2021-08-12 13:40:32:WARNING:root:Scan: pSearchSeam6_2=[0,155.5,416]
2021-08-12 13:40:39:WARNING:root:Found: pSeamFound6_2=[0,155.5,416]
2021-08-12 13:41:33:WARNING:root:Scan: pSearchSeam6_1=[0,-155.5,416]
2021-08-12 13:41:39:WARNING:root:Found: pSeamFound6_1=[0,-155.5,416]
2021-08-12 13:41:39:WARNING:root:Scan: pSearchSeam6_2=[0,155.5,416]
2021-08-12 13:41:43:WARNING:root:Found: pSeamFound6_2=[0,155.5,416]
2021-08-12 13:43:19:WARNING:root:Select Quadrant2
2021-08-12 13:43:20:WARNING:root:Use Gantry Offset: [-800,500,-1200]
2021-08-12 13:43:20:WARNING:root:BaseFramePosZ=1680
2021-08-12 13:43:20:WARNING:root:Move Gantry to [-800,500,456]
2021-08-12 13:49:36:WARNING:root:Scan: pSearchSeam7_1=[-172.5,144.5,-6]
2021-08-12 13:49:42:WARNING:root:Found: pSeamFound7_1=[-172.5,144.5,-6]
2021-08-12 13:50:44:WARNING:root:Scan: pSearchSeam7_1=[-172.5,144.5,-6]
2021-08-12 13:50:52:WARNING:root:Found: pSeamFound7_1=[-172.5,144.5,-6]
2021-08-12 13:50:54:WARNING:root:Scan: pSearchSeam7_2=[-172.5,144.5,-6]
2021-08-12 13:51:00:WARNING:root:Found: pSeamFound7_2=[-172.5,144.5,-6]
2021-08-12 13:53:08:WARNING:root:Scan: pSearchSeam7_1=[-172.5,144.5,-6]
2021-08-12 13:53:17:WARNING:root:Found: pSeamFound7_1=[-172.5,144.5,-6]
2021-08-12 13:53:17:WARNING:root:Scan: pSearchSeam7_2=[-172.5,144.5,-6]
2021-08-12 13:53:18:WARNING:root:Found: pSeamFound7_2=[-172.5,144.5,-6]
2021-08-12 13:55:15:WARNING:root:Modules are saved
2021-08-12 13:55:15:WARNING:root:Job Weld: 1/1 - 1002
2021-08-12 13:55:15:WARNING:root:Pos: [0,0,24]
2021-08-12 13:55:15:WARNING:root:Gantry: [0,0,-24]
2021-08-12 13:55:15:WARNING:root:Start to run Template_1002...
2021-08-12 13:55:15:WARNING:root:Search oframe
2021-08-12 13:55:15:WARNING:root:Scan: pQ2_Y1=[0,75,0]
2021-08-12 13:55:24:WARNING:root:Found: pQ2_Y1_Found=[0,75,0]
2021-08-12 13:55:24:WARNING:root:Scan: pQ2_Y2=[0,200,0]
2021-08-12 13:55:26:WARNING:root:Found: pQ2_Y2_Found=[0,200,0]
2021-08-12 13:55:32:WARNING:root:Scan: pQ2_Z2=[0,0,250]
2021-08-12 13:55:41:WARNING:root:Found: pQ2_Z2_Found=[0,0,250]
2021-08-12 13:55:41:WARNING:root:poseFrame.trans:=[0,0,0]
2021-08-12 13:55:41:WARNING:root:poseFrame.rot:=[90,0,90]
2021-08-12 13:55:41:WARNING:root:oframe.trans:=[0,0,0]
2021-08-12 13:55:41:WARNING:root:oframe.rot:=[0,0,0]
2021-08-12 13:55:46:WARNING:root:Scan: pSearchSeam1_1=[-75,0,0]
2021-08-12 13:55:55:WARNING:root:Found: pSeamFound1_1=[-75,0,0]
2021-08-12 13:55:55:WARNING:root:Scan: pSearchSeam1_2=[-75,0,0]
2021-08-12 13:55:58:WARNING:root:Found: pSeamFound1_2=[-75,0,0]
2021-08-12 13:56:43:WARNING:root:Scan: pSearchSeam2_1=[0,0,250]
2021-08-12 13:56:56:WARNING:root:Found: pSeamFound2_1=[0,0,250]
2021-08-12 13:56:56:WARNING:root:Scan: pSearchSeam2_2=[0,0,250]
2021-08-12 13:56:58:WARNING:root:Found: pSeamFound2_2=[0,0,250]
2021-08-12 13:58:18:WARNING:root:Scan: pSearchSeam3_1=[-75,-11,0]
2021-08-12 14:05:10:WARNING:root:Modules are saved
2021-08-12 14:05:10:WARNING:root:Job Weld: 1/1 - 1002
2021-08-12 14:05:10:WARNING:root:Pos: [0,0,24]
2021-08-12 14:05:10:WARNING:root:Gantry: [0,0,-24]
2021-08-12 14:05:10:WARNING:root:Start to run Template_1002...
2021-08-12 14:05:10:WARNING:root:Search oframe
2021-08-12 14:05:13:WARNING:root:Scan: pQ2_Y1=[0,75,0]
2021-08-12 14:06:11:WARNING:root:Modules are saved
2021-08-12 14:06:11:WARNING:root:Job Weld: 1/1 - 1002
2021-08-12 14:06:11:WARNING:root:Pos: [0,0,24]
2021-08-12 14:06:11:WARNING:root:Gantry: [0,0,-24]
2021-08-12 14:06:11:WARNING:root:Start to run Template_1002...
2021-08-12 14:06:11:WARNING:root:Search oframe
2021-08-12 14:06:11:WARNING:root:Scan: pQ2_Y1=[0,75,0]
2021-08-12 14:06:24:WARNING:root:Found: pQ2_Y1_Found=[0,75,0]
2021-08-12 14:06:24:WARNING:root:Scan: pQ2_Y2=[0,200,0]
2021-08-12 14:06:27:WARNING:root:Found: pQ2_Y2_Found=[0,200,0]
2021-08-12 14:06:32:WARNING:root:Scan: pQ2_Z2=[0,0,250]
2021-08-12 14:06:42:WARNING:root:Found: pQ2_Z2_Found=[0,0,250]
2021-08-12 14:06:43:WARNING:root:poseFrame.trans:=[0,0,0]
2021-08-12 14:06:43:WARNING:root:poseFrame.rot:=[90,0,90]
2021-08-12 14:06:43:WARNING:root:oframe.trans:=[0,0,0]
2021-08-12 14:06:43:WARNING:root:oframe.rot:=[0,0,0]
2021-08-12 14:06:47:WARNING:root:Scan: pSearchSeam1_1=[-75,0,0]
2021-08-12 14:06:56:WARNING:root:Found: pSeamFound1_1=[-75,0,0]
2021-08-12 14:06:56:WARNING:root:Scan: pSearchSeam1_2=[-75,0,0]
2021-08-12 14:06:58:WARNING:root:Found: pSeamFound1_2=[-75,0,0]
2021-08-12 14:07:43:WARNING:root:Scan: pSearchSeam2_1=[0,0,250]
2021-08-12 14:07:56:WARNING:root:Found: pSeamFound2_1=[0,0,250]
2021-08-12 14:07:56:WARNING:root:Scan: pSearchSeam2_2=[0,0,250]
2021-08-12 14:07:57:WARNING:root:Found: pSeamFound2_2=[0,0,250]
2021-08-12 14:14:50:WARNING:root:Modules are saved
2021-08-12 14:14:50:WARNING:root:Job Weld: 1/1 - 1002
2021-08-12 14:14:50:WARNING:root:Pos: [0,0,24]
2021-08-12 14:14:50:WARNING:root:Gantry: [0,0,-24]
2021-08-12 14:14:50:WARNING:root:Start to run Template_1002...
2021-08-12 14:14:50:WARNING:root:Search oframe
2021-08-12 14:14:54:WARNING:root:Scan: pQ2_Y1=[0,75,0]
2021-08-12 14:15:09:WARNING:root:Found: pQ2_Y1_Found=[0,75,0]
2021-08-12 14:15:09:WARNING:root:Scan: pQ2_Y2=[0,200,0]
2021-08-12 14:15:12:WARNING:root:Found: pQ2_Y2_Found=[0,200,0]
2021-08-12 14:15:17:WARNING:root:Scan: pQ2_Z2=[0,0,250]
2021-08-12 14:15:27:WARNING:root:Found: pQ2_Z2_Found=[0,0,250]
2021-08-12 14:15:28:WARNING:root:poseFrame.trans:=[0,0,0]
2021-08-12 14:15:28:WARNING:root:poseFrame.rot:=[90,0,90]
2021-08-12 14:15:28:WARNING:root:oframe.trans:=[0,0,0]
2021-08-12 14:15:28:WARNING:root:oframe.rot:=[0,0,0]
2021-08-12 14:15:33:WARNING:root:Scan: pSearchSeam1_1=[-75,0,0]
2021-08-12 14:15:41:WARNING:root:Found: pSeamFound1_1=[-75,0,0]
2021-08-12 14:15:41:WARNING:root:Scan: pSearchSeam1_2=[-75,0,0]
2021-08-12 14:15:42:WARNING:root:Found: pSeamFound1_2=[-75,0,0]
2021-08-12 14:16:28:WARNING:root:Scan: pSearchSeam2_1=[0,0,250]
2021-08-12 14:16:41:WARNING:root:Found: pSeamFound2_1=[0,0,250]
2021-08-12 14:16:41:WARNING:root:Scan: pSearchSeam2_2=[0,0,250]
2021-08-12 14:16:43:WARNING:root:Found: pSeamFound2_2=[0,0,250]
2021-08-12 14:29:00:WARNING:root:Modules are saved
2021-08-12 14:29:00:WARNING:root:Job Weld: 1/1 - 1002
2021-08-12 14:29:00:WARNING:root:Pos: [0,0,24]
2021-08-12 14:29:00:WARNING:root:Gantry: [0,0,-24]
2021-08-12 14:29:00:WARNING:root:Start to run Template_1002...
2021-08-12 14:29:00:WARNING:root:Search oframe
2021-08-12 14:29:04:WARNING:root:Scan: pQ2_Y1=[0,75,0]
2021-08-12 14:29:17:WARNING:root:Found: pQ2_Y1_Found=[0,75,0]
2021-08-12 14:29:17:WARNING:root:Scan: pQ2_Y2=[0,200,0]
2021-08-12 14:29:20:WARNING:root:Found: pQ2_Y2_Found=[0,200,0]
2021-08-12 14:29:25:WARNING:root:Scan: pQ2_Z2=[0,0,250]
2021-08-12 14:29:35:WARNING:root:Found: pQ2_Z2_Found=[0,0,250]
2021-08-12 14:29:35:WARNING:root:poseFrame.trans:=[0,0,0]
2021-08-12 14:29:35:WARNING:root:poseFrame.rot:=[90,0,90]
2021-08-12 14:29:35:WARNING:root:oframe.trans:=[0,0,0]
2021-08-12 14:29:35:WARNING:root:oframe.rot:=[0,0,0]
2021-08-12 14:29:40:WARNING:root:Scan: pSearchSeam1_1=[-75,0,0]
2021-08-12 14:29:49:WARNING:root:Found: pSeamFound1_1=[-75,0,0]
2021-08-12 14:29:49:WARNING:root:Scan: pSearchSeam1_2=[-75,0,0]
2021-08-12 14:29:50:WARNING:root:Found: pSeamFound1_2=[-75,0,0]
2021-08-12 14:30:35:WARNING:root:Scan: pSearchSeam2_1=[0,0,250]
2021-08-12 14:31:22:WARNING:root:Found: pSeamFound2_1=[0,0,250]
2021-08-12 14:31:22:WARNING:root:Scan: pSearchSeam2_2=[0,0,250]
2021-08-12 14:31:24:WARNING:root:Found: pSeamFound2_2=[0,0,250]
2021-08-12 14:36:54:WARNING:root:Scan: pSearchSeam3_1=[-75,-11,0]
2021-08-12 14:37:28:WARNING:root:Scan: pSearchSeam3_1=[-75,-11,0]
2021-08-12 14:37:35:WARNING:root:Found: pSeamFound3_1=[-75,-11,0]
2021-08-12 14:37:40:WARNING:root:Scan: pSearchSeam3_2=[-75,-11,0]
2021-08-12 14:37:42:WARNING:root:Found: pSeamFound3_2=[-75,-11,0]
2021-08-12 14:38:24:WARNING:root:Scan: pSearchSeam4_1=[0,-11,100]
2021-08-12 14:39:18:WARNING:root:Scan: pSearchSeam4_1=[0,-11,100]
2021-08-12 14:39:33:WARNING:root:Found: pSeamFound4_1=[0,-11,100]
2021-08-12 14:39:33:WARNING:root:Scan: pSearchSeam4_2=[0,-11,300]
2021-08-12 14:39:36:WARNING:root:Found: pSeamFound4_2=[0,-11,300]
2021-08-12 14:40:55:WARNING:root:Scan: pSearchSeam5_1=[-161.5,-155.5,-6]
2021-08-12 14:41:07:WARNING:root:Found: pSeamFound5_1=[-161.5,-155.5,-6]
2021-08-12 14:41:07:WARNING:root:Scan: pSearchSeam5_2=[-161.5,-155.5,-6]
2021-08-12 14:41:13:WARNING:root:Found: pSeamFound5_2=[-161.5,-155.5,-6]
2021-08-12 14:41:56:WARNING:root:Scan: pSearchSeam6_1=[0,-155.5,416]
2021-08-12 14:42:05:WARNING:root:Found: pSeamFound6_1=[0,-155.5,416]
2021-08-12 14:42:05:WARNING:root:Scan: pSearchSeam6_2=[0,155.5,416]
2021-08-12 14:42:08:WARNING:root:Found: pSeamFound6_2=[0,155.5,416]
2021-08-12 14:43:05:WARNING:root:Scan: pSearchSeam7_1=[-172.5,144.5,-6]
2021-08-12 14:43:17:WARNING:root:Found: pSeamFound7_1=[-172.5,144.5,-6]
2021-08-12 14:43:17:WARNING:root:Scan: pSearchSeam7_2=[-172.5,144.5,-6]
2021-08-12 14:43:18:WARNING:root:Found: pSeamFound7_2=[-172.5,144.5,-6]
2021-08-12 14:43:54:WARNING:root:Template_1002 is done
2021-08-12 14:46:13:WARNING:root:Modules are saved
2021-08-12 14:46:13:WARNING:root:Job Weld: 1/1 - 1002
2021-08-12 14:46:13:WARNING:root:Pos: [487,0,0]
2021-08-12 14:46:13:WARNING:root:Gantry: [487,0,0]
2021-08-12 14:46:13:WARNING:root:Start to run Template_1002...
2021-08-12 14:46:13:WARNING:root:Search oframe
2021-08-12 14:46:19:WARNING:root:Scan: pQ2_Y1=[0,75,0]
2021-08-12 14:46:32:WARNING:root:Found: pQ2_Y1_Found=[0,75,0]
2021-08-12 14:46:32:WARNING:root:Scan: pQ2_Y2=[0,200,0]
2021-08-12 14:46:35:WARNING:root:Found: pQ2_Y2_Found=[0,200,0]
2021-08-12 14:46:40:WARNING:root:Scan: pQ2_Z2=[0,0,250]
2021-08-12 14:46:50:WARNING:root:Found: pQ2_Z2_Found=[0,0,250]
2021-08-12 14:46:50:WARNING:root:poseFrame.trans:=[0,0,0]
2021-08-12 14:46:50:WARNING:root:poseFrame.rot:=[90,0,90]
2021-08-12 14:46:50:WARNING:root:oframe.trans:=[0,0,0]
2021-08-12 14:46:50:WARNING:root:oframe.rot:=[0,0,0]
2021-08-12 14:46:55:WARNING:root:Scan: pSearchSeam1_1=[-75,0,0]
2021-08-12 14:47:04:WARNING:root:Found: pSeamFound1_1=[-75,0,0]
2021-08-12 14:47:04:WARNING:root:Scan: pSearchSeam1_2=[-75,0,0]
2021-08-12 14:47:05:WARNING:root:Found: pSeamFound1_2=[-75,0,0]
2021-08-12 14:49:36:WARNING:root:Modules are saved
2021-08-12 14:49:36:WARNING:root:Job Weld: 1/1 - 1002
2021-08-12 14:49:36:WARNING:root:Pos: [487,0,24]
2021-08-12 14:49:36:WARNING:root:Gantry: [487,0,-24]
2021-08-12 14:49:36:WARNING:root:Start to run Template_1002...
2021-08-12 14:49:36:WARNING:root:Search oframe
