2021-08-16 18:06:29:WARNING:root:Modules are saved
2021-08-16 18:06:29:WARNING:root:Job Weld: 1/1 - 1001
2021-08-16 18:06:29:WARNING:root:Pos: [-2165,-61,59]
2021-08-16 18:06:29:WARNING:root:Gantry: [-2165,-61,-59]
2021-08-16 18:06:29:WARNING:root:Start to run Template_1001...
2021-08-16 18:06:29:WARNING:root:Scan_1D_Laser for oframe
2021-08-16 18:08:29:WARNING:root:Modules are saved
2021-08-16 18:08:29:WARNING:root:Job Weld: 1/1 - 1001
2021-08-16 18:08:29:WARNING:root:Pos: [-2165,-61,59]
2021-08-16 18:08:29:WARNING:root:Gantry: [-2165,-61,-59]
2021-08-16 18:08:29:WARNING:root:Start to run Template_1001...
2021-08-16 18:08:29:WARNING:root:Scan_1D_Laser for oframe
2021-08-16 18:09:20:WARNING:root:Modules are saved
2021-08-16 18:09:20:WARNING:root:Job Weld: 1/1 - 1001
2021-08-16 18:09:20:WARNING:root:Pos: [-2165,-61,59]
2021-08-16 18:09:20:WARNING:root:Gantry: [-2165,-61,-59]
2021-08-16 18:09:20:WARNING:root:Start to run Template_1001...
2021-08-16 18:10:44:WARNING:root:Search oframe
2021-08-16 18:11:07:WARNING:root:Scan: pQ1_Y1=[0,75,0]
2021-08-16 18:11:26:WARNING:root:Found: pQ1_Y1_Found=[-25.08,85.43,-3.53]
2021-08-16 18:11:29:WARNING:root:Scan: pQ1_Y2=[0,200,0]
2021-08-16 18:11:32:WARNING:root:Found: pQ1_Y2_Found=[-29.28,209.6,-4.05]
2021-08-16 18:12:20:WARNING:root:Scan: pQ1_Z2=[0,0,250]
2021-08-16 18:12:40:WARNING:root:Found: pQ1_Z2_Found=[-22.68,-2.27,229.22]
2021-08-16 18:13:46:WARNING:root:poseFrame.trans:=[-22.0814,-3.22291,-3.15874]
2021-08-16 18:13:46:WARNING:root:poseFrame.rot:=[91.9373,0.239808,89.8604]
2021-08-16 18:13:46:WARNING:root:oframe.trans:=[-22.0814,-3.22291,-3.15874]
2021-08-16 18:13:46:WARNING:root:oframe.rot:=[0,0,0]
2021-08-16 18:13:48:WARNING:root:Scan: pSearchSeam1_1=[100,0,0]
2021-08-16 18:14:13:WARNING:root:Modules are saved
2021-08-16 18:14:13:WARNING:root:Job Weld: 1/1 - 1001
2021-08-16 18:14:13:WARNING:root:Pos: [-2165,-61,59]
2021-08-16 18:14:13:WARNING:root:Gantry: [-2165,-61,-59]
2021-08-16 18:14:13:WARNING:root:Start to run Template_1001...
2021-08-16 18:14:25:WARNING:root:Modules are saved
2021-08-16 18:14:25:WARNING:root:Job Weld: 1/1 - 1001
2021-08-16 18:14:25:WARNING:root:Pos: [-2165,-61,59]
2021-08-16 18:14:25:WARNING:root:Gantry: [-2165,-61,-59]
2021-08-16 18:14:25:WARNING:root:Start to run Template_1001...
2021-08-16 18:14:46:WARNING:root:tframe1=[[-48.7261,7.99775,570.266],[0.981627,0,0.190809,0]]
2021-08-16 18:14:46:WARNING:root:tframe2=[[-48.7261,7.99775,570.266],[0.981627,0,0.190809,0]]
2021-08-16 18:14:52:WARNING:root:Modules are saved
2021-08-16 18:14:52:WARNING:root:Job Weld: 1/1 - 1001
2021-08-16 18:14:52:WARNING:root:Pos: [-2165,-61,59]
2021-08-16 18:14:52:WARNING:root:Gantry: [-2165,-61,-59]
2021-08-16 18:14:52:WARNING:root:Start to run Template_1001...
2021-08-16 18:14:55:WARNING:root:Search oframe
2021-08-16 18:15:00:WARNING:root:Scan: pQ1_Y1=[0,75,0]
2021-08-16 18:15:09:WARNING:root:Found: pQ1_Y1_Found=[-24.09,85.61,-3.53]
2021-08-16 18:15:09:WARNING:root:Scan: pQ1_Y2=[0,200,0]
2021-08-16 18:15:11:WARNING:root:Found: pQ1_Y2_Found=[-29.35,209.6,-3.92]
2021-08-16 18:15:16:WARNING:root:Scan: pQ1_Z2=[0,0,250]
2021-08-16 18:15:23:WARNING:root:Found: pQ1_Z2_Found=[-22.71,-2.39,229.15]
2021-08-16 18:15:24:WARNING:root:poseFrame.trans:=[-20.3301,-3.02004,-3.25122]
2021-08-16 18:15:24:WARNING:root:poseFrame.rot:=[92.4292,0.180054,89.4204]
2021-08-16 18:15:24:WARNING:root:oframe.trans:=[-20.3301,-3.02004,-3.25122]
2021-08-16 18:15:24:WARNING:root:oframe.rot:=[0,0,0]
2021-08-16 18:15:28:WARNING:root:Scan: pSearchSeam1_1=[100,0,0]
2021-08-16 18:15:42:WARNING:root:Found: pSeamFound1_1=[114.54,-0.25,-5.18]
2021-08-16 18:15:42:WARNING:root:Scan: pSearchSeam1_2=[25,0,0]
2021-08-16 18:15:44:WARNING:root:Found: pSeamFound1_2=[39.44,-0.97,-5.2]
2021-08-16 18:15:44:DEBUG:root:pos0=[133,0,0]
2021-08-16 18:15:44:DEBUG:root:pos1=[114.5,-0.3,-5.2], pos2=[39.4,-1,-5.2]
2021-08-16 18:15:44:DEBUG:root:DropFeet=[133,-0.1,-5.2], Advised=[133,-0.1,-5.2]
2021-08-16 18:15:44:DEBUG:root:Offset=[0,-0.1,-5.2]
2021-08-16 18:15:44:DEBUG:root:pos0=[0,0,0]
2021-08-16 18:15:44:DEBUG:root:pos1=[114.5,-0.3,-5.2], pos2=[39.4,-1,-5.2]
2021-08-16 18:15:44:DEBUG:root:DropFeet=[0,-1.3,-5.2], Advised=[0,-1.3,-5.2]
2021-08-16 18:15:44:DEBUG:root:Offset=[0,-1.3,-5.2]
2021-08-16 18:16:48:WARNING:root:Scan: pSearchSeam2_1=[0,0,50]
2021-08-16 18:17:05:WARNING:root:Found: pSeamFound2_1=[-1.17,-2.54,64.86]
2021-08-16 18:17:05:WARNING:root:Scan: pSearchSeam2_2=[0,0,250]
2021-08-16 18:17:11:WARNING:root:Found: pSeamFound2_2=[-2.12,0.07,233.8]
2021-08-16 18:17:11:DEBUG:root:pos0=[0,0,10]
2021-08-16 18:17:11:DEBUG:root:pos1=[-1.2,-2.5,64.9], pos2=[-2.1,0.1,233.8]
2021-08-16 18:17:11:DEBUG:root:DropFeet=[-0.9,-3.4,10], Advised=[-0.9,-3.4,10]
2021-08-16 18:17:11:DEBUG:root:Offset=[-0.9,-3.4,0]
2021-08-16 18:17:11:DEBUG:root:pos0=[0,0,100]
2021-08-16 18:17:11:DEBUG:root:pos1=[-1.2,-2.5,64.9], pos2=[-2.1,0.1,233.8]
2021-08-16 18:17:11:DEBUG:root:DropFeet=[-1.4,-2,100], Advised=[-1.4,-2,100]
2021-08-16 18:17:11:DEBUG:root:Offset=[-1.4,-2,0]
2021-08-16 18:17:11:DEBUG:root:pos0=[0,0,385]
2021-08-16 18:17:11:DEBUG:root:pos1=[-1.2,-2.5,64.9], pos2=[-2.1,0.1,233.8]
2021-08-16 18:17:11:DEBUG:root:DropFeet=[-3,2.4,384.9], Advised=[-3,2.4,384.9]
2021-08-16 18:17:11:DEBUG:root:Offset=[-3,2.4,-0.1]
2021-08-16 18:20:09:WARNING:root:Scan: pSearchSeam3_1=[100,-20,0]
2021-08-16 18:20:39:WARNING:root:Found: pSeamFound3_1=[112.22,-7.97,-7.62]
2021-08-16 18:20:39:WARNING:root:Scan: pSearchSeam3_2=[25,-20,0]
2021-08-16 18:20:41:WARNING:root:Found: pSeamFound3_2=[37.57,-9.5,-7.02]
2021-08-16 18:20:41:DEBUG:root:pos0=[133,-20,7]
2021-08-16 18:20:41:DEBUG:root:pos1=[112.2,-8,-7.6], pos2=[37.6,-9.5,-7]
2021-08-16 18:20:41:DEBUG:root:DropFeet=[132.6,-7.6,-7.8], Advised=[132.6,-7.6,-7.8]
2021-08-16 18:20:41:DEBUG:root:Offset=[-0.4,12.4,-14.8]
2021-08-16 18:20:41:DEBUG:root:pos0=[0,-20,7]
2021-08-16 18:20:41:DEBUG:root:pos1=[112.2,-8,-7.6], pos2=[37.6,-9.5,-7]
2021-08-16 18:20:41:DEBUG:root:DropFeet=[-0.3,-10.3,-6.7], Advised=[-0.3,-10.3,-6.7]
2021-08-16 18:20:41:DEBUG:root:Offset=[-0.3,9.7,-13.7]
2021-08-16 18:22:09:WARNING:root:Scan: pSearchSeam4_1=[0,20,50]
2021-08-16 18:22:34:WARNING:root:Scan: pSearchSeam4_1=[0,20,50]
2021-08-16 18:23:10:WARNING:root:Scan: pSearchSeam4_1=[0,20,50]
2021-08-16 18:23:28:WARNING:root:Found: pSeamFound4_1=[-7.21,-12.15,68.91]
2021-08-16 18:23:30:WARNING:root:Scan: pSearchSeam4_2=[0,-20,250]
2021-08-16 18:23:38:WARNING:root:Found: pSeamFound4_2=[-5.33,-10.86,231.16]
2021-08-16 18:24:00:WARNING:root:Scan: pSearchSeam4_1=[0,20,50]
2021-08-16 18:24:46:WARNING:root:Scan: pSearchSeam4_1=[0,20,50]
2021-08-16 18:24:52:WARNING:root:Found: pSeamFound4_1=[-7.26,-12.27,68.92]
2021-08-16 18:24:53:WARNING:root:Scan: pSearchSeam4_2=[0,-20,250]
2021-08-16 18:25:01:WARNING:root:Found: pSeamFound4_2=[-5.55,-10.75,231.09]
2021-08-16 18:25:01:DEBUG:root:pos0=[0,-20,10]
2021-08-16 18:25:01:DEBUG:root:pos1=[-7.3,-12.3,68.9], pos2=[-5.6,-10.8,231.1]
2021-08-16 18:25:01:DEBUG:root:DropFeet=[-7.9,-12.8,10], Advised=[-7.9,-12.8,10]
2021-08-16 18:25:01:DEBUG:root:Offset=[-7.9,7.2,0]
2021-08-16 18:25:01:DEBUG:root:pos0=[0,-20,100]
2021-08-16 18:25:01:DEBUG:root:pos1=[-7.3,-12.3,68.9], pos2=[-5.6,-10.8,231.1]
2021-08-16 18:25:01:DEBUG:root:DropFeet=[-6.9,-12,100], Advised=[-6.9,-12,100]
2021-08-16 18:25:01:DEBUG:root:Offset=[-6.9,8,0]
2021-08-16 18:25:01:DEBUG:root:pos0=[0,-20,380]
2021-08-16 18:25:01:DEBUG:root:pos1=[-7.3,-12.3,68.9], pos2=[-5.6,-10.8,231.1]
2021-08-16 18:25:01:DEBUG:root:DropFeet=[-4,-9.4,379.9], Advised=[-4,-9.4,379.9]
2021-08-16 18:25:01:DEBUG:root:Offset=[-4,10.6,-0.1]
2021-08-16 18:26:01:WARNING:root:Scan: pSearchSeam5_1=[161.5,-125,0]
2021-08-16 18:28:39:WARNING:root:Scan: pSearchSeam5_1=[161.5,-125.01,-0.01]
2021-08-16 18:28:40:WARNING:root:Found: pSeamFound5_1=[139.82,-138.68,-7.01]
2021-08-16 18:28:43:WARNING:root:Scan: pSearchSeam5_2=[161.5,-50,-0.01]
2021-08-16 18:28:45:WARNING:root:Found: pSeamFound5_2=[138.08,-63.67,-6.85]
2021-08-16 18:28:54:WARNING:root:Scan: pSearchSeam5_1=[161.5,-125.01,-0.01]
2021-08-16 18:28:56:WARNING:root:Found: pSeamFound5_1=[139.83,-138.68,-7.03]
2021-08-16 18:29:23:WARNING:root:Scan: pSearchSeam5_1=[161.5,-125.01,-0.01]
2021-08-16 18:29:24:WARNING:root:Found: pSeamFound5_1=[139.55,-137.83,-6.97]
2021-08-16 18:29:27:WARNING:root:Scan: pSearchSeam5_2=[161.5,-50,-0.01]
2021-08-16 18:29:29:WARNING:root:Found: pSeamFound5_2=[137.81,-62.81,-6.75]
2021-08-16 18:29:39:DEBUG:root:pos0=[161.5,-125,0]
2021-08-16 18:29:39:DEBUG:root:pos1=[139.6,-137.8,-7], pos2=[137.8,-62.8,-6.8]
2021-08-16 18:29:39:DEBUG:root:DropFeet=[139.3,-125.5,-6.9], Advised=[139.3,-125.5,-6.9]
2021-08-16 18:29:39:DEBUG:root:Offset=[-22.2,-0.5,-6.9]
2021-08-16 18:29:39:DEBUG:root:pos0=[161.5,-24,0]
2021-08-16 18:29:39:DEBUG:root:pos1=[139.6,-137.8,-7], pos2=[137.8,-62.8,-6.8]
2021-08-16 18:29:39:DEBUG:root:DropFeet=[136.9,-24.6,-6.6], Advised=[136.9,-24.6,-6.6]
2021-08-16 18:29:39:DEBUG:root:Offset=[-24.6,-0.6,-6.6]
2021-08-16 18:31:02:WARNING:root:Scan: pSearchSeam4_1=[0,20,50]
2021-08-16 18:31:11:WARNING:root:Found: pSeamFound4_1=[-7.34,-12.22,68.92]
2021-08-16 18:31:11:WARNING:root:Scan: pSearchSeam4_2=[0,-20,250]
2021-08-16 18:31:18:WARNING:root:Found: pSeamFound4_2=[-5.41,-10.67,231.1]
2021-08-16 18:31:18:DEBUG:root:pos0=[0,-20,10]
2021-08-16 18:31:18:DEBUG:root:pos1=[-7.3,-12.2,68.9], pos2=[-5.4,-10.7,231.1]
2021-08-16 18:31:18:DEBUG:root:DropFeet=[-8,-12.8,10], Advised=[-8,-12.8,10]
2021-08-16 18:31:18:DEBUG:root:Offset=[-8,7.2,0]
2021-08-16 18:31:18:DEBUG:root:pos0=[0,-20,100]
2021-08-16 18:31:18:DEBUG:root:pos1=[-7.3,-12.2,68.9], pos2=[-5.4,-10.7,231.1]
2021-08-16 18:31:18:DEBUG:root:DropFeet=[-7,-11.9,100], Advised=[-7,-11.9,100]
2021-08-16 18:31:18:DEBUG:root:Offset=[-7,8.1,0]
2021-08-16 18:31:18:DEBUG:root:pos0=[0,-20,380]
2021-08-16 18:31:18:DEBUG:root:pos1=[-7.3,-12.2,68.9], pos2=[-5.4,-10.7,231.1]
2021-08-16 18:31:18:DEBUG:root:DropFeet=[-3.6,-9.2,379.9], Advised=[-3.6,-9.2,379.9]
2021-08-16 18:31:18:DEBUG:root:Offset=[-3.6,10.8,-0.1]
2021-08-16 18:32:59:WARNING:root:Scan: pSearchSeam6_1=[0,-125,440]
2021-08-16 18:33:05:WARNING:root:Found: pSeamFound6_1=[0.27,-109.64,433.7]
2021-08-16 18:33:07:WARNING:root:Scan: pSearchSeam6_2=[0,125,440]
2021-08-16 18:33:10:WARNING:root:Found: pSeamFound6_2=[-5.34,140.53,430.7]
2021-08-16 18:33:15:DEBUG:root:pos0=[0,-155.5,440]
2021-08-16 18:33:15:DEBUG:root:pos1=[0.3,-109.6,433.7], pos2=[-5.3,140.5,430.7]
2021-08-16 18:33:15:DEBUG:root:DropFeet=[1.3,-155.5,434.3], Advised=[1.3,-155.5,434.3]
2021-08-16 18:33:15:DEBUG:root:Offset=[1.3,0,-5.7]
2021-08-16 18:33:15:DEBUG:root:pos0=[0,144.5,440]
2021-08-16 18:33:15:DEBUG:root:pos1=[0.3,-109.6,433.7], pos2=[-5.3,140.5,430.7]
2021-08-16 18:33:15:DEBUG:root:DropFeet=[-5.4,144.3,430.7], Advised=[-5.4,144.3,430.7]
2021-08-16 18:33:15:DEBUG:root:Offset=[-5.4,-0.2,-9.3]
2021-08-16 18:34:31:DEBUG:root:pos0=[0,-155.5,440]
2021-08-16 18:34:31:DEBUG:root:pos1=[0.3,-109.6,433.7], pos2=[-5.3,140.5,430.7]
2021-08-16 18:34:31:DEBUG:root:DropFeet=[1.3,-155.5,434.3], Advised=[1.3,-155.5,434.3]
2021-08-16 18:34:31:DEBUG:root:Offset=[1.3,0,-5.7]
2021-08-16 18:34:33:DEBUG:root:pos0=[0,144.5,440]
2021-08-16 18:34:33:DEBUG:root:pos1=[0.3,-109.6,433.7], pos2=[-5.3,140.5,430.7]
2021-08-16 18:34:33:DEBUG:root:DropFeet=[-5.4,144.3,430.7], Advised=[-5.4,144.3,430.7]
2021-08-16 18:34:33:DEBUG:root:Offset=[-5.4,-0.2,-9.3]
2021-08-16 18:35:25:WARNING:root:Scan: pSearchSeam7_1=[172.5,125,18]
2021-08-16 18:35:39:WARNING:root:Scan: pSearchSeam7_1=[172.5,125,18]
2021-08-16 18:36:46:WARNING:root:Scan: pSearchSeam7_1=[172.5,125,18]
2021-08-16 18:36:52:WARNING:root:Found: pSeamFound7_1=[135.82,131.21,-0.77]
2021-08-16 18:36:55:WARNING:root:Scan: pSearchSeam7_2=[172.5,25,18]
2021-08-16 18:36:57:WARNING:root:Found: pSeamFound7_2=[138.37,31.24,-1.12]
2021-08-16 18:37:03:DEBUG:root:pos0=[172.5,144.5,-6]
2021-08-16 18:37:03:DEBUG:root:pos1=[135.8,131.2,-0.8], pos2=[138.4,31.2,-1.1]
2021-08-16 18:37:03:DEBUG:root:DropFeet=[135.5,143.5,-0.7], Advised=[135.5,143.5,-0.7]
2021-08-16 18:37:03:DEBUG:root:Offset=[-37,-1,5.3]
2021-08-16 18:37:04:DEBUG:root:pos0=[172.5,13,-6]
2021-08-16 18:37:04:DEBUG:root:pos1=[135.8,131.2,-0.8], pos2=[138.4,31.2,-1.1]
2021-08-16 18:37:04:DEBUG:root:DropFeet=[138.9,12.1,-1.2], Advised=[138.9,12.1,-1.2]
2021-08-16 18:37:04:DEBUG:root:Offset=[-33.6,-0.9,4.8]
2021-08-16 18:38:22:WARNING:root:Scan: pSearchSeam6_1=[0,-125,440]
2021-08-16 18:38:48:WARNING:root:Scan: pSearchSeam6_1=[0,-125,440]
2021-08-16 18:38:53:WARNING:root:Found: pSeamFound6_1=[0.16,-109.64,433.96]
2021-08-16 18:38:53:WARNING:root:Scan: pSearchSeam6_2=[0,125,440]
2021-08-16 18:38:57:WARNING:root:Found: pSeamFound6_2=[-5.54,140.54,430.59]
2021-08-16 18:38:57:DEBUG:root:pos0=[0,-155.5,440]
2021-08-16 18:38:57:DEBUG:root:pos1=[0.2,-109.6,434], pos2=[-5.5,140.5,430.6]
2021-08-16 18:38:57:DEBUG:root:DropFeet=[1.2,-155.5,434.6], Advised=[1.2,-155.5,434.6]
2021-08-16 18:38:57:DEBUG:root:Offset=[1.2,0,-5.4]
2021-08-16 18:38:57:DEBUG:root:pos0=[0,144.5,440]
2021-08-16 18:38:57:DEBUG:root:pos1=[0.2,-109.6,434], pos2=[-5.5,140.5,430.6]
2021-08-16 18:38:57:DEBUG:root:DropFeet=[-5.6,144.2,430.5], Advised=[-5.6,144.2,430.5]
2021-08-16 18:38:57:DEBUG:root:Offset=[-5.6,-0.3,-9.5]
2021-08-16 18:41:32:WARNING:root:Scan: pSearchSeam7_1=[172.5,125,18]
2021-08-16 18:41:58:WARNING:root:Found: pSeamFound7_1=[135.92,131.28,-0.61]
2021-08-16 18:41:58:WARNING:root:Scan: pSearchSeam7_2=[172.5,25,18]
2021-08-16 18:42:00:WARNING:root:Found: pSeamFound7_2=[138.39,31.23,-1.15]
2021-08-16 18:42:00:DEBUG:root:pos0=[172.5,144.5,-6]
2021-08-16 18:42:00:DEBUG:root:pos1=[135.9,131.3,-0.6], pos2=[138.4,31.2,-1.1]
2021-08-16 18:42:00:DEBUG:root:DropFeet=[135.6,143.6,-0.5], Advised=[135.6,143.6,-0.5]
2021-08-16 18:42:00:DEBUG:root:Offset=[-36.9,-0.9,5.5]
2021-08-16 18:42:00:DEBUG:root:pos0=[172.5,13,-6]
2021-08-16 18:42:00:DEBUG:root:pos1=[135.9,131.3,-0.6], pos2=[138.4,31.2,-1.1]
2021-08-16 18:42:00:DEBUG:root:DropFeet=[138.9,12.1,-1.3], Advised=[138.9,12.1,-1.3]
2021-08-16 18:42:00:DEBUG:root:Offset=[-33.6,-0.9,4.7]
2021-08-16 18:42:31:WARNING:root:Template_1001 is done
2021-08-16 18:47:47:WARNING:root:Modules are saved
2021-08-16 18:47:47:WARNING:root:Job Weld: 1/1 - 1001
2021-08-16 18:47:47:WARNING:root:Pos: [-2165,-61,59]
2021-08-16 18:47:47:WARNING:root:Gantry: [-2165,-61,-59]
2021-08-16 18:47:47:WARNING:root:Start to run Template_1001...
2021-08-16 18:47:49:WARNING:root:Search oframe
2021-08-16 18:48:56:WARNING:root:Scan: pQ1_Y1=[0,75,0]
2021-08-16 18:49:05:WARNING:root:Found: pQ1_Y1_Found=[-24.2,85.58,-3.62]
2021-08-16 18:49:05:WARNING:root:Scan: pQ1_Y2=[0,200,0]
2021-08-16 18:49:07:WARNING:root:Found: pQ1_Y2_Found=[-28.75,209.69,-4.04]
2021-08-16 18:49:12:WARNING:root:Scan: pQ1_Z2=[0,0,250]
2021-08-16 18:49:19:WARNING:root:Found: pQ1_Z2_Found=[-22.54,-2.41,229.18]
2021-08-16 18:49:20:WARNING:root:poseFrame.trans:=[-20.9475,-3.13842,-3.31977]
2021-08-16 18:49:20:WARNING:root:poseFrame.rot:=[92.0996,0.193764,89.6144]
2021-08-16 18:49:20:WARNING:root:oframe.trans:=[-20.9475,-3.13842,-3.31977]
2021-08-16 18:49:20:WARNING:root:oframe.rot:=[0,0,0]
2021-08-16 18:49:24:WARNING:root:Scan: pSearchSeam1_1=[100,0,0]
2021-08-16 18:49:32:WARNING:root:Found: pSeamFound1_1=[114.61,0.47,-5.31]
2021-08-16 18:49:32:WARNING:root:Scan: pSearchSeam1_2=[25,0,0]
2021-08-16 18:49:34:WARNING:root:Found: pSeamFound1_2=[39.47,-0.72,-5.19]
2021-08-16 18:49:34:DEBUG:root:pos0=[133,0,0]
2021-08-16 18:49:34:DEBUG:root:pos1=[114.6,0.5,-5.3], pos2=[39.5,-0.7,-5.2]
2021-08-16 18:49:34:DEBUG:root:DropFeet=[132.9,0.8,-5.3], Advised=[132.9,0.8,-5.3]
2021-08-16 18:49:34:DEBUG:root:Offset=[0,0.8,-5.3]
2021-08-16 18:49:34:DEBUG:root:pos0=[0,0,0]
2021-08-16 18:49:34:DEBUG:root:pos1=[114.6,0.5,-5.3], pos2=[39.5,-0.7,-5.2]
2021-08-16 18:49:34:DEBUG:root:DropFeet=[0,-1.3,-5.1], Advised=[0,-1.3,-5.1]
2021-08-16 18:49:34:DEBUG:root:Offset=[0,-1.3,-5.1]
2021-08-16 18:51:40:WARNING:root:Scan: pSearchSeam2_1=[0,0,50]
2021-08-16 18:52:35:WARNING:root:Scan: pSearchSeam2_1=[0,0,50]
2021-08-16 18:52:41:WARNING:root:Found: pSeamFound2_1=[-0.45,-2.29,65.04]
2021-08-16 18:52:41:WARNING:root:Scan: pSearchSeam2_2=[0,0,250]
2021-08-16 18:52:47:WARNING:root:Found: pSeamFound2_2=[-1.46,0.24,233.96]
2021-08-16 18:52:47:DEBUG:root:pos0=[0,0,10]
2021-08-16 18:52:47:DEBUG:root:pos1=[-0.5,-2.3,65], pos2=[-1.5,0.2,234]
2021-08-16 18:52:47:DEBUG:root:DropFeet=[-0.1,-3.1,10], Advised=[-0.1,-3.1,10]
2021-08-16 18:52:47:DEBUG:root:Offset=[-0.1,-3.1,0]
2021-08-16 18:52:47:DEBUG:root:pos0=[0,0,100]
2021-08-16 18:52:47:DEBUG:root:pos1=[-0.5,-2.3,65], pos2=[-1.5,0.2,234]
2021-08-16 18:52:47:DEBUG:root:DropFeet=[-0.7,-1.8,100], Advised=[-0.7,-1.8,100]
2021-08-16 18:52:47:DEBUG:root:Offset=[-0.7,-1.8,0]
2021-08-16 18:52:47:DEBUG:root:pos0=[0,0,385]
2021-08-16 18:52:47:DEBUG:root:pos1=[-0.5,-2.3,65], pos2=[-1.5,0.2,234]
2021-08-16 18:52:47:DEBUG:root:DropFeet=[-2.4,2.5,384.9], Advised=[-2.4,2.5,384.9]
2021-08-16 18:52:47:DEBUG:root:Offset=[-2.4,2.5,-0.1]
2021-08-16 18:53:23:WARNING:root:Scan: pSearchSeam3_1=[100,-20,0]
2021-08-16 18:53:34:WARNING:root:Found: pSeamFound3_1=[112.21,-7.85,-7.61]
2021-08-16 18:53:34:WARNING:root:Scan: pSearchSeam3_2=[25,-20,0]
2021-08-16 18:53:35:WARNING:root:Found: pSeamFound3_2=[37.58,-9.48,-6.94]
2021-08-16 18:53:35:DEBUG:root:pos0=[133,-20,7]
2021-08-16 18:53:35:DEBUG:root:pos1=[112.2,-7.8,-7.6], pos2=[37.6,-9.5,-6.9]
2021-08-16 18:53:35:DEBUG:root:DropFeet=[132.6,-7.4,-7.8], Advised=[132.6,-7.4,-7.8]
2021-08-16 18:53:35:DEBUG:root:Offset=[-0.4,12.6,-14.8]
2021-08-16 18:53:35:DEBUG:root:pos0=[0,-20,7]
2021-08-16 18:53:36:DEBUG:root:pos1=[112.2,-7.8,-7.6], pos2=[37.6,-9.5,-6.9]
2021-08-16 18:53:36:DEBUG:root:DropFeet=[-0.3,-10.3,-6.6], Advised=[-0.3,-10.3,-6.6]
2021-08-16 18:53:36:DEBUG:root:Offset=[-0.3,9.7,-13.6]
2021-08-16 18:53:58:WARNING:root:Scan: pSearchSeam4_1=[0,20,50]
2021-08-16 18:54:08:WARNING:root:Found: pSeamFound4_1=[-6.57,-12.12,69.02]
2021-08-16 18:54:08:WARNING:root:Scan: pSearchSeam4_2=[0,-20,250]
2021-08-16 18:54:15:WARNING:root:Found: pSeamFound4_2=[-4.99,-10.68,231.2]
2021-08-16 18:54:15:DEBUG:root:pos0=[0,-20,10]
2021-08-16 18:54:15:DEBUG:root:pos1=[-6.6,-12.1,69], pos2=[-5,-10.7,231.2]
2021-08-16 18:54:15:DEBUG:root:DropFeet=[-7.1,-12.6,10], Advised=[-7.1,-12.6,10]
2021-08-16 18:54:15:DEBUG:root:Offset=[-7.1,7.4,0]
2021-08-16 18:54:15:DEBUG:root:pos0=[0,-20,100]
2021-08-16 18:54:15:DEBUG:root:pos1=[-6.6,-12.1,69], pos2=[-5,-10.7,231.2]
2021-08-16 18:54:15:DEBUG:root:DropFeet=[-6.3,-11.8,100], Advised=[-6.3,-11.8,100]
2021-08-16 18:54:15:DEBUG:root:Offset=[-6.3,8.2,0]
2021-08-16 18:54:15:DEBUG:root:pos0=[0,-20,380]
2021-08-16 18:54:15:DEBUG:root:pos1=[-6.6,-12.1,69], pos2=[-5,-10.7,231.2]
2021-08-16 18:54:15:DEBUG:root:DropFeet=[-3.5,-9.4,379.9], Advised=[-3.5,-9.4,379.9]
2021-08-16 18:54:15:DEBUG:root:Offset=[-3.5,10.6,-0.1]
2021-08-16 18:54:40:WARNING:root:Scan: pSearchSeam5_1=[161.5,-125.01,-0.01]
2021-08-16 18:54:49:WARNING:root:Found: pSeamFound5_1=[140.29,-137.86,-6.96]
2021-08-16 18:54:49:WARNING:root:Scan: pSearchSeam5_2=[161.5,-50,-0.01]
2021-08-16 18:54:51:WARNING:root:Found: pSeamFound5_2=[138.67,-62.87,-6.68]
2021-08-16 18:54:51:DEBUG:root:pos0=[161.5,-125,0]
2021-08-16 18:54:51:DEBUG:root:pos1=[140.3,-137.9,-7], pos2=[138.7,-62.9,-6.7]
2021-08-16 18:54:51:DEBUG:root:DropFeet=[140,-125.4,-6.9], Advised=[140,-125.4,-6.9]
2021-08-16 18:54:51:DEBUG:root:Offset=[-21.5,-0.4,-6.9]
2021-08-16 18:54:51:DEBUG:root:pos0=[161.5,-24,0]
2021-08-16 18:54:51:DEBUG:root:pos1=[140.3,-137.9,-7], pos2=[138.7,-62.9,-6.7]
2021-08-16 18:54:51:DEBUG:root:DropFeet=[137.8,-24.5,-6.5], Advised=[137.8,-24.5,-6.5]
2021-08-16 18:54:51:DEBUG:root:Offset=[-23.7,-0.5,-6.5]
2021-08-16 18:55:28:WARNING:root:Scan: pSearchSeam6_1=[0,-125,440]
2021-08-16 18:55:36:WARNING:root:Found: pSeamFound6_1=[0.9,-109.65,434.01]
2021-08-16 18:55:36:WARNING:root:Scan: pSearchSeam6_2=[0,125,440]
2021-08-16 18:55:40:WARNING:root:Found: pSeamFound6_2=[-4.63,140.54,430.68]
2021-08-16 18:55:40:DEBUG:root:pos0=[0,-155.5,440]
2021-08-16 18:55:40:DEBUG:root:pos1=[0.9,-109.7,434], pos2=[-4.6,140.5,430.7]
2021-08-16 18:55:40:DEBUG:root:DropFeet=[1.9,-155.5,434.6], Advised=[1.9,-155.5,434.6]
2021-08-16 18:55:40:DEBUG:root:Offset=[1.9,0,-5.4]
2021-08-16 18:55:40:DEBUG:root:pos0=[0,144.5,440]
2021-08-16 18:55:40:DEBUG:root:pos1=[0.9,-109.7,434], pos2=[-4.6,140.5,430.7]
2021-08-16 18:55:40:DEBUG:root:DropFeet=[-4.7,144.3,430.6], Advised=[-4.7,144.3,430.6]
2021-08-16 18:55:40:DEBUG:root:Offset=[-4.7,-0.2,-9.4]
2021-08-16 18:56:03:WARNING:root:Scan: pSearchSeam7_1=[172.5,125,18]
2021-08-16 18:56:14:WARNING:root:Found: pSeamFound7_1=[136.58,131.3,-0.66]
2021-08-16 18:56:14:WARNING:root:Scan: pSearchSeam7_2=[172.5,25,18]
2021-08-16 18:56:16:WARNING:root:Found: pSeamFound7_2=[138.85,31.29,-1.07]
2021-08-16 18:56:16:DEBUG:root:pos0=[172.5,144.5,-6]
2021-08-16 18:56:16:DEBUG:root:pos1=[136.6,131.3,-0.7], pos2=[138.9,31.3,-1.1]
2021-08-16 18:56:16:DEBUG:root:DropFeet=[136.3,143.7,-0.6], Advised=[136.3,143.7,-0.6]
2021-08-16 18:56:16:DEBUG:root:Offset=[-36.2,-0.8,5.4]
2021-08-16 18:56:16:DEBUG:root:pos0=[172.5,13,-6]
2021-08-16 18:56:16:DEBUG:root:pos1=[136.6,131.3,-0.7], pos2=[138.9,31.3,-1.1]
2021-08-16 18:56:16:DEBUG:root:DropFeet=[139.3,12.2,-1.1], Advised=[139.3,12.2,-1.1]
2021-08-16 18:56:16:DEBUG:root:Offset=[-33.2,-0.8,4.9]
2021-08-16 18:56:41:WARNING:root:Template_1001 is done
2021-08-16 19:33:58:WARNING:root:Modules are saved
2021-08-16 19:33:58:WARNING:root:Job Weld: 1/1 - 1001
2021-08-16 19:33:58:WARNING:root:Pos: [-2165,-61,59]
2021-08-16 19:33:58:WARNING:root:Gantry: [-2165,-61,-59]
2021-08-16 19:33:58:WARNING:root:Start to run Template_1001...
2021-08-16 19:34:00:WARNING:root:Search oframe
2021-08-16 19:34:07:WARNING:root:Scan: pQ1_Y1=[0,75,0]
2021-08-16 19:34:18:WARNING:root:Found: pQ1_Y1_Found=[-24.78,85.46,-3.71]
2021-08-16 19:34:18:WARNING:root:Scan: pQ1_Y2=[0,200,0]
2021-08-16 19:34:20:WARNING:root:Found: pQ1_Y2_Found=[-28.98,209.65,-4.04]
2021-08-16 19:34:25:WARNING:root:Scan: pQ1_Z2=[0,0,250]
2021-08-16 19:34:33:WARNING:root:Found: pQ1_Z2_Found=[-22.52,-2.45,229.19]
2021-08-16 19:34:34:WARNING:root:poseFrame.trans:=[-21.7869,-3.04345,-3.47483]
2021-08-16 19:34:34:WARNING:root:poseFrame.rot:=[91.937,0.152161,89.8245]
2021-08-16 19:34:34:WARNING:root:oframe.trans:=[-21.7869,-3.04345,-3.47483]
2021-08-16 19:34:34:WARNING:root:oframe.rot:=[0,0,0]
2021-08-16 19:34:38:WARNING:root:Scan: pSearchSeam1_1=[100,0,0]
2021-08-16 19:34:46:WARNING:root:Found: pSeamFound1_1=[114.62,0.38,-5.24]
2021-08-16 19:34:46:WARNING:root:Scan: pSearchSeam1_2=[25,0,0]
2021-08-16 19:34:49:WARNING:root:Found: pSeamFound1_2=[39.46,-0.81,-5.19]
2021-08-16 19:34:49:DEBUG:root:pos0=[133,0,0]
2021-08-16 19:34:49:DEBUG:root:pos1=[114.6,0.4,-5.2], pos2=[39.5,-0.8,-5.2]
2021-08-16 19:34:49:DEBUG:root:DropFeet=[132.9,0.7,-5.3], Advised=[132.9,0.7,-5.3]
2021-08-16 19:34:49:DEBUG:root:Offset=[0,0.7,-5.3]
2021-08-16 19:34:49:DEBUG:root:pos0=[0,0,0]
2021-08-16 19:34:49:DEBUG:root:pos1=[114.6,0.4,-5.2], pos2=[39.5,-0.8,-5.2]
2021-08-16 19:34:49:DEBUG:root:DropFeet=[0,-1.4,-5.2], Advised=[0,-1.4,-5.2]
2021-08-16 19:34:49:DEBUG:root:Offset=[0,-1.4,-5.2]
2021-08-16 19:35:36:WARNING:root:Scan: pSearchSeam2_1=[0,0,50]
2021-08-16 19:37:41:WARNING:root:Modules are saved
2021-08-16 19:37:41:WARNING:root:Job Weld: 1/1 - 1001
2021-08-16 19:37:41:WARNING:root:Pos: [-2165,-61,59]
2021-08-16 19:37:41:WARNING:root:Gantry: [-2165,-61,-59]
2021-08-16 19:37:41:WARNING:root:Start to run Template_1001...
2021-08-16 19:37:42:WARNING:root:Search oframe
2021-08-16 19:37:47:WARNING:root:Scan: pQ1_Y1=[0,75,0]
2021-08-16 19:37:58:WARNING:root:Found: pQ1_Y1_Found=[-24.54,85.49,-3.84]
2021-08-16 19:37:58:WARNING:root:Scan: pQ1_Y2=[0,200,0]
2021-08-16 19:38:00:WARNING:root:Found: pQ1_Y2_Found=[-29.03,209.62,-4.15]
2021-08-16 19:38:05:WARNING:root:Scan: pQ1_Z2=[0,0,250]
2021-08-16 19:38:12:WARNING:root:Found: pQ1_Z2_Found=[-22.4,-2.6,229.18]
2021-08-16 19:38:14:WARNING:root:poseFrame.trans:=[-21.334,-3.14283,-3.61865]
2021-08-16 19:38:14:WARNING:root:poseFrame.rot:=[92.0716,0.142994,89.7426]
2021-08-16 19:38:14:WARNING:root:oframe.trans:=[-21.334,-3.14283,-3.61865]
2021-08-16 19:38:14:WARNING:root:oframe.rot:=[0,0,0]
2021-08-16 19:38:18:WARNING:root:Scan: pSearchSeam1_1=[100,0,0]
2021-08-16 19:38:26:WARNING:root:Found: pSeamFound1_1=[114.65,0.59,-5.19]
2021-08-16 19:38:26:WARNING:root:Scan: pSearchSeam1_2=[25,0,0]
2021-08-16 19:38:29:WARNING:root:Found: pSeamFound1_2=[39.51,-0.8,-4.91]
2021-08-16 19:38:29:DEBUG:root:pos0=[133,0,0]
2021-08-16 19:38:29:DEBUG:root:pos1=[114.7,0.6,-5.2], pos2=[39.5,-0.8,-4.9]
2021-08-16 19:38:29:DEBUG:root:DropFeet=[132.9,0.9,-5.3], Advised=[132.9,0.9,-5.3]
2021-08-16 19:38:29:DEBUG:root:Offset=[0,0.9,-5.3]
2021-08-16 19:38:29:DEBUG:root:pos0=[0,0,0]
2021-08-16 19:38:29:DEBUG:root:pos1=[114.7,0.6,-5.2], pos2=[39.5,-0.8,-4.9]
2021-08-16 19:38:29:DEBUG:root:DropFeet=[0,-1.5,-4.8], Advised=[0,-1.5,-4.8]
2021-08-16 19:38:29:DEBUG:root:Offset=[0,-1.5,-4.8]
2021-08-16 19:40:07:WARNING:root:Scan: pSearchSeam2_1=[0,0,50]
2021-08-16 19:40:46:WARNING:root:Scan: pSearchSeam2_1=[0,0,50]
2021-08-16 19:40:57:WARNING:root:Found: pSeamFound2_1=[0.01,-2.2,65.1]
2021-08-16 19:40:57:WARNING:root:Scan: pSearchSeam2_2=[0,0,250]
2021-08-16 19:41:03:WARNING:root:Found: pSeamFound2_2=[-1.04,0.09,234.02]
2021-08-16 19:41:03:DEBUG:root:pos0=[0,0,10]
2021-08-16 19:41:03:DEBUG:root:pos1=[0,-2.2,65.1], pos2=[-1,0.1,234]
2021-08-16 19:41:03:DEBUG:root:DropFeet=[0.4,-2.9,10], Advised=[0.4,-2.9,10]
2021-08-16 19:41:03:DEBUG:root:Offset=[0.4,-2.9,0]
2021-08-16 19:41:03:DEBUG:root:pos0=[0,0,100]
2021-08-16 19:41:03:DEBUG:root:pos1=[0,-2.2,65.1], pos2=[-1,0.1,234]
2021-08-16 19:41:03:DEBUG:root:DropFeet=[-0.2,-1.7,100], Advised=[-0.2,-1.7,100]
2021-08-16 19:41:03:DEBUG:root:Offset=[-0.2,-1.7,0]
2021-08-16 19:41:03:DEBUG:root:pos0=[0,0,385]
2021-08-16 19:41:03:DEBUG:root:pos1=[0,-2.2,65.1], pos2=[-1,0.1,234]
2021-08-16 19:41:03:DEBUG:root:DropFeet=[-2,2.1,385], Advised=[-2,2.1,385]
2021-08-16 19:41:03:DEBUG:root:Offset=[-2,2.1,0]
2021-08-16 19:41:42:WARNING:root:Scan: pSearchSeam3_1=[100,-20,0]
2021-08-16 19:51:58:WARNING:root:Modules are saved
2021-08-16 19:51:58:WARNING:root:Job Weld: 1/2 - 1002
2021-08-16 19:51:58:WARNING:root:Pos: [-513,-36,67]
2021-08-16 19:51:58:WARNING:root:Gantry: [-513,-36,-67]
2021-08-16 19:51:58:WARNING:root:Start to run Template_1002...
2021-08-16 19:52:02:WARNING:root:Search oframe
2021-08-16 19:52:06:WARNING:root:Scan: pQ2_Y1=[-0.03,74.99,-0.03]
2021-08-16 19:54:09:WARNING:root:Modules are saved
2021-08-16 19:54:09:WARNING:root:Job Weld: 1/2 - 1002
2021-08-16 19:54:09:WARNING:root:Pos: [-513,-36,67]
2021-08-16 19:54:09:WARNING:root:Gantry: [-513,-36,-67]
2021-08-16 19:54:09:WARNING:root:Start to run Template_1002...
2021-08-16 19:54:10:WARNING:root:Search oframe
2021-08-16 19:54:14:WARNING:root:Scan: pQ2_Y1=[-0.03,74.99,-0.03]
2021-08-16 19:54:25:WARNING:root:Found: pQ2_Y1_Found=[17.52,89.96,-0.58]
2021-08-16 19:54:25:WARNING:root:Scan: pQ2_Y2=[-0.03,200,-0.03]
2021-08-16 19:54:27:WARNING:root:Found: pQ2_Y2_Found=[15.31,215.28,0.07]
2021-08-16 19:54:33:WARNING:root:Scan: pQ2_Z2=[0,0,250]
2021-08-16 19:54:43:WARNING:root:Found: pQ2_Z2_Found=[16,6.43,231.75]
2021-08-16 19:54:43:WARNING:root:poseFrame.trans:=[18.9708,7.68963,-1.00671]
2021-08-16 19:54:43:WARNING:root:poseFrame.rot:=[91.0103,-0.297129,89.2634]
2021-08-16 19:54:43:WARNING:root:oframe.trans:=[18.9708,7.68963,-1.00671]
2021-08-16 19:54:43:WARNING:root:oframe.rot:=[0,0,0]
2021-08-16 19:54:49:WARNING:root:Scan: pSearchSeam1_1=[-100,0,0]
2021-08-16 19:54:59:WARNING:root:Found: pSeamFound1_1=[-114.6,-5.86,1.03]
2021-08-16 19:54:59:WARNING:root:Scan: pSearchSeam1_2=[-25,0,0]
2021-08-16 19:55:01:WARNING:root:Found: pSeamFound1_2=[-39.98,-4.03,1.32]
2021-08-16 19:55:02:DEBUG:root:pos0=[-132,0,0]
2021-08-16 19:55:02:DEBUG:root:pos1=[-114.6,-5.9,1], pos2=[-40,-4,1.3]
2021-08-16 19:55:02:DEBUG:root:DropFeet=[-131.8,-6.3,1], Advised=[-131.8,-6.3,1]
2021-08-16 19:55:02:DEBUG:root:Offset=[0.2,-6.3,1]
2021-08-16 19:55:02:DEBUG:root:pos0=[-10,0,0]
2021-08-16 19:55:02:DEBUG:root:pos1=[-114.6,-5.9,1], pos2=[-40,-4,1.3]
2021-08-16 19:55:02:DEBUG:root:DropFeet=[-9.9,-3.3,1.4], Advised=[-9.9,-3.3,1.4]
2021-08-16 19:55:02:DEBUG:root:Offset=[0.1,-3.3,1.4]
2021-08-16 19:55:25:WARNING:root:Scan: pSearchSeam2_1=[0,0,50]
2021-08-16 19:55:40:WARNING:root:Found: pSeamFound2_1=[0.13,-0.19,65.48]
2021-08-16 19:55:40:WARNING:root:Scan: pSearchSeam2_2=[0,0,250]
2021-08-16 19:55:48:WARNING:root:Found: pSeamFound2_2=[-3.4,-1.25,234.75]
2021-08-16 19:55:48:DEBUG:root:pos0=[0,0,10]
2021-08-16 19:55:48:DEBUG:root:pos1=[0.1,-0.2,65.5], pos2=[-3.4,-1.3,234.8]
2021-08-16 19:55:48:DEBUG:root:DropFeet=[1.3,0.2,10], Advised=[1.3,0.2,10]
2021-08-16 19:55:48:DEBUG:root:Offset=[1.3,0.2,0]
2021-08-16 19:55:48:DEBUG:root:pos0=[0,0,100]
2021-08-16 19:55:48:DEBUG:root:pos1=[0.1,-0.2,65.5], pos2=[-3.4,-1.3,234.8]
2021-08-16 19:55:48:DEBUG:root:DropFeet=[-0.6,-0.4,100], Advised=[-0.6,-0.4,100]
2021-08-16 19:55:48:DEBUG:root:Offset=[-0.6,-0.4,0]
2021-08-16 19:55:48:DEBUG:root:pos0=[0,0,385]
2021-08-16 19:55:48:DEBUG:root:pos1=[0.1,-0.2,65.5], pos2=[-3.4,-1.3,234.8]
2021-08-16 19:55:48:DEBUG:root:DropFeet=[-6.5,-2.2,384.9], Advised=[-6.5,-2.2,384.9]
2021-08-16 19:55:48:DEBUG:root:Offset=[-6.5,-2.2,-0.1]
2021-08-16 19:56:40:WARNING:root:Scan: pSearchSeam3_1=[-100,-11,0]
2021-08-16 19:56:49:WARNING:root:Found: pSeamFound3_1=[-115.37,-14.42,-3.58]
2021-08-16 19:56:49:WARNING:root:Scan: pSearchSeam3_2=[-25,-11,0]
2021-08-16 19:56:51:WARNING:root:Found: pSeamFound3_2=[-40.06,-12.27,-3.57]
2021-08-16 19:56:51:DEBUG:root:pos0=[-132,-11,0]
2021-08-16 19:56:51:DEBUG:root:pos1=[-115.4,-14.4,-3.6], pos2=[-40.1,-12.3,-3.6]
2021-08-16 19:56:51:DEBUG:root:DropFeet=[-131.9,-14.9,-3.6], Advised=[-131.9,-14.9,-3.6]
2021-08-16 19:56:51:DEBUG:root:Offset=[0.1,-3.9,-3.6]
2021-08-16 19:56:51:DEBUG:root:pos0=[-10,-11,0]
2021-08-16 19:56:51:DEBUG:root:pos1=[-115.4,-14.4,-3.6], pos2=[-40.1,-12.3,-3.6]
2021-08-16 19:56:51:DEBUG:root:DropFeet=[-10,-11.4,-3.6], Advised=[-10,-11.4,-3.6]
2021-08-16 19:56:51:DEBUG:root:Offset=[0,-0.4,-3.6]
2021-08-16 19:57:15:WARNING:root:Scan: pSearchSeam4_1=[0,-11,50]
2021-08-16 19:57:23:WARNING:root:Found: pSeamFound4_1=[-5.8,-10.94,67.19]
2021-08-16 19:57:23:WARNING:root:Scan: pSearchSeam4_2=[0,-11,250]
2021-08-16 19:57:31:WARNING:root:Found: pSeamFound4_2=[-6.3,-12.51,235.8]
2021-08-16 19:57:33:DEBUG:root:pos0=[0,-11,10]
2021-08-16 19:57:33:DEBUG:root:pos1=[-5.8,-10.9,67.2], pos2=[-6.3,-12.5,235.8]
2021-08-16 19:57:33:DEBUG:root:DropFeet=[-5.6,-10.4,10], Advised=[-5.6,-10.4,10]
2021-08-16 19:57:33:DEBUG:root:Offset=[-5.6,0.6,0]
2021-08-16 19:57:33:DEBUG:root:pos0=[0,-11,99.9]
2021-08-16 19:57:33:DEBUG:root:pos1=[-5.8,-10.9,67.2], pos2=[-6.3,-12.5,235.8]
2021-08-16 19:57:33:DEBUG:root:DropFeet=[-5.9,-11.2,99.9], Advised=[-5.9,-11.2,99.9]
2021-08-16 19:57:33:DEBUG:root:Offset=[-5.9,-0.2,0]
2021-08-16 19:57:33:DEBUG:root:pos0=[0,-11,390]
2021-08-16 19:57:33:DEBUG:root:pos1=[-5.8,-10.9,67.2], pos2=[-6.3,-12.5,235.8]
2021-08-16 19:57:33:DEBUG:root:DropFeet=[-6.8,-13.9,390], Advised=[-6.8,-13.9,390]
2021-08-16 19:57:33:DEBUG:root:Offset=[-6.8,-2.9,0]
2021-08-16 19:58:06:WARNING:root:Scan: pSearchSeam5_1=[-143.5,-25,0]
2021-08-16 19:58:16:WARNING:root:Found: pSeamFound5_1=[-143.33,-39.88,-4.05]
2021-08-16 19:58:16:WARNING:root:Scan: pSearchSeam5_2=[-143.5,-125,0]
2021-08-16 19:58:18:WARNING:root:Found: pSeamFound5_2=[-140.58,-139.31,-4.51]
2021-08-16 19:58:20:DEBUG:root:pos0=[-143.5,-155.5,0]
2021-08-16 19:58:20:DEBUG:root:pos1=[-143.3,-39.9,-4.1], pos2=[-140.6,-139.3,-4.5]
2021-08-16 19:58:20:DEBUG:root:DropFeet=[-140.1,-155.4,-4.6], Advised=[-140.1,-155.4,-4.6]
2021-08-16 19:58:20:DEBUG:root:Offset=[3.4,0.1,-4.6]
2021-08-16 19:58:20:DEBUG:root:pos0=[-143.5,-21,0]
2021-08-16 19:58:20:DEBUG:root:pos1=[-143.3,-39.9,-4.1], pos2=[-140.6,-139.3,-4.5]
2021-08-16 19:58:20:DEBUG:root:DropFeet=[-143.9,-21,-4], Advised=[-143.9,-21,-4]
2021-08-16 19:58:20:DEBUG:root:Offset=[-0.4,0,-4]
2021-08-16 19:58:52:WARNING:root:Scan: pSearchSeam6_1=[0,-116.94,434.86]
2021-08-16 19:59:02:WARNING:root:Found: pSeamFound6_1=[-1.1,-129.77,446.78]
2021-08-16 19:59:02:WARNING:root:Scan: pSearchSeam6_2=[0,125,432.02]
2021-08-16 19:59:05:WARNING:root:Found: pSeamFound6_2=[-6.26,113.33,444.44]
2021-08-16 19:59:05:DEBUG:root:pos0=[0,-144.5,416]
2021-08-16 19:59:05:DEBUG:root:pos1=[-1.1,-129.8,446.8], pos2=[-6.3,113.3,444.4]
2021-08-16 19:59:05:DEBUG:root:DropFeet=[-0.8,-144.2,446.9], Advised=[-0.8,-144.2,446.9]
2021-08-16 19:59:05:DEBUG:root:Offset=[-0.8,0.3,30.9]
2021-08-16 19:59:05:DEBUG:root:pos0=[0,144.5,416]
2021-08-16 19:59:05:DEBUG:root:pos1=[-1.1,-129.8,446.8], pos2=[-6.3,113.3,444.4]
2021-08-16 19:59:05:DEBUG:root:DropFeet=[-6.9,144.6,444.1], Advised=[-6.9,144.6,444.1]
2021-08-16 19:59:05:DEBUG:root:Offset=[-6.9,0.1,28.1]
2021-08-16 19:59:25:WARNING:root:Scan: pSearchSeam7_1=[-156.56,23.99,-0.01]
2021-08-16 19:59:34:WARNING:root:Found: pSeamFound7_1=[-142.02,39.89,-0.23]
2021-08-16 19:59:34:WARNING:root:Scan: pSearchSeam7_2=[-156,100,0]
2021-08-16 19:59:36:WARNING:root:Found: pSeamFound7_2=[-143.56,116,-0.15]
2021-08-16 19:59:36:DEBUG:root:pos0=[-143.5,25,0]
2021-08-16 19:59:36:DEBUG:root:pos1=[-142,39.9,-0.2], pos2=[-143.6,116,-0.2]
2021-08-16 19:59:36:DEBUG:root:DropFeet=[-141.7,25,-0.2], Advised=[-141.7,25,-0.2]
2021-08-16 19:59:36:DEBUG:root:Offset=[1.8,0,-0.2]
2021-08-16 19:59:36:DEBUG:root:pos0=[-143.5,125,0]
2021-08-16 19:59:36:DEBUG:root:pos1=[-142,39.9,-0.2], pos2=[-143.6,116,-0.2]
2021-08-16 19:59:36:DEBUG:root:DropFeet=[-143.7,125,-0.1], Advised=[-143.7,125,-0.1]
2021-08-16 19:59:36:DEBUG:root:Offset=[-0.2,0,-0.1]
2021-08-16 20:00:04:WARNING:root:Template_1002 is done
2021-08-16 20:00:13:WARNING:root:Job Weld: 2/2 - 1001
2021-08-16 20:00:13:WARNING:root:Pos: [-2165,-61,59]
2021-08-16 20:00:13:WARNING:root:Gantry: [-2165,-61,-59]
2021-08-16 20:00:13:WARNING:root:Start to run Template_1001...
2021-08-16 20:00:14:WARNING:root:Search oframe
2021-08-16 20:00:22:WARNING:root:Scan: pQ1_Y1=[0,75,0]
2021-08-16 20:00:32:WARNING:root:Found: pQ1_Y1_Found=[-25.2,85.38,-3.74]
2021-08-16 20:00:32:WARNING:root:Scan: pQ1_Y2=[0,200,0]
2021-08-16 20:00:35:WARNING:root:Found: pQ1_Y2_Found=[-29.1,209.62,-4.05]
2021-08-16 20:00:39:WARNING:root:Scan: pQ1_Z2=[0,0,250]
2021-08-16 20:00:47:WARNING:root:Found: pQ1_Z2_Found=[-22.64,-2.44,229.17]
2021-08-16 20:00:48:WARNING:root:poseFrame.trans:=[-22.4252,-3.01386,-3.51944]
2021-08-16 20:00:48:WARNING:root:poseFrame.rot:=[91.798,0.142895,89.9516]
2021-08-16 20:00:48:WARNING:root:oframe.trans:=[-22.4252,-3.01386,-3.51944]
2021-08-16 20:00:48:WARNING:root:oframe.rot:=[0,0,0]
2021-08-16 20:00:52:WARNING:root:Scan: pSearchSeam1_1=[100,0,0]
2021-08-16 20:01:01:WARNING:root:Found: pSeamFound1_1=[114.48,-2.77,-3.45]
2021-08-16 20:01:01:WARNING:root:Scan: pSearchSeam1_2=[25,0,0]
2021-08-16 20:01:03:WARNING:root:Found: pSeamFound1_2=[39.55,-0.84,-4.62]
2021-08-16 20:01:03:DEBUG:root:pos0=[133,0,0]
2021-08-16 20:01:03:DEBUG:root:pos1=[114.5,-2.8,-3.5], pos2=[39.5,-0.8,-4.6]
2021-08-16 20:01:03:DEBUG:root:DropFeet=[132.9,-3.2,-3.2], Advised=[132.9,-3.2,-3.2]
2021-08-16 20:01:03:DEBUG:root:Offset=[0,-3.2,-3.2]
2021-08-16 20:01:03:DEBUG:root:pos0=[0,0,0]
2021-08-16 20:01:03:DEBUG:root:pos1=[114.5,-2.8,-3.5], pos2=[39.5,-0.8,-4.6]
2021-08-16 20:01:03:DEBUG:root:DropFeet=[0.1,0.2,-5.2], Advised=[0.1,0.2,-5.2]
2021-08-16 20:01:03:DEBUG:root:Offset=[0.1,0.2,-5.2]
2021-08-16 20:01:27:WARNING:root:Scan: pSearchSeam2_1=[0,0,50]
2021-08-16 20:01:37:WARNING:root:Found: pSeamFound2_1=[0.91,-2.15,65.26]
2021-08-16 20:01:37:WARNING:root:Scan: pSearchSeam2_2=[0,0,250]
2021-08-16 20:01:43:WARNING:root:Found: pSeamFound2_2=[0.1,0.08,234.24]
2021-08-16 20:01:43:DEBUG:root:pos0=[0,0,10]
2021-08-16 20:01:43:DEBUG:root:pos1=[0.9,-2.2,65.3], pos2=[0.1,0.1,234.2]
2021-08-16 20:01:43:DEBUG:root:DropFeet=[1.2,-2.9,10], Advised=[1.2,-2.9,10]
2021-08-16 20:01:43:DEBUG:root:Offset=[1.2,-2.9,0]
2021-08-16 20:01:43:DEBUG:root:pos0=[0,0,100]
2021-08-16 20:01:43:DEBUG:root:pos1=[0.9,-2.2,65.3], pos2=[0.1,0.1,234.2]
2021-08-16 20:01:43:DEBUG:root:DropFeet=[0.7,-1.7,100], Advised=[0.7,-1.7,100]
2021-08-16 20:01:43:DEBUG:root:Offset=[0.7,-1.7,0]
2021-08-16 20:01:43:DEBUG:root:pos0=[0,0,385]
2021-08-16 20:01:43:DEBUG:root:pos1=[0.9,-2.2,65.3], pos2=[0.1,0.1,234.2]
2021-08-16 20:01:43:DEBUG:root:DropFeet=[-0.6,2.1,385], Advised=[-0.6,2.1,385]
2021-08-16 20:01:43:DEBUG:root:Offset=[-0.6,2.1,0]
2021-08-16 20:02:22:WARNING:root:Scan: pSearchSeam3_1=[100,-20,0]
2021-08-16 20:02:33:WARNING:root:Found: pSeamFound3_1=[112.32,-8.05,-6.95]
2021-08-16 20:02:33:WARNING:root:Scan: pSearchSeam3_2=[25,-20,0]
2021-08-16 20:02:35:WARNING:root:Found: pSeamFound3_2=[37.69,-9.89,-6.81]
2021-08-16 20:02:35:DEBUG:root:pos0=[133,-20,7]
2021-08-16 20:02:35:DEBUG:root:pos1=[112.3,-8.1,-6.9], pos2=[37.7,-9.9,-6.8]
2021-08-16 20:02:35:DEBUG:root:DropFeet=[132.6,-7.5,-7], Advised=[132.6,-7.5,-7]
2021-08-16 20:02:35:DEBUG:root:Offset=[-0.3,12.5,-14]
2021-08-16 20:02:35:DEBUG:root:pos0=[0,-20,7]
2021-08-16 20:02:35:DEBUG:root:pos1=[112.3,-8.1,-6.9], pos2=[37.7,-9.9,-6.8]
2021-08-16 20:02:35:DEBUG:root:DropFeet=[-0.3,-10.8,-6.7], Advised=[-0.3,-10.8,-6.7]
2021-08-16 20:02:35:DEBUG:root:Offset=[-0.3,9.2,-13.7]
2021-08-16 20:02:59:WARNING:root:Scan: pSearchSeam4_1=[0,20,50]
2021-08-16 20:03:10:WARNING:root:Found: pSeamFound4_1=[-5.57,-12.27,69.25]
2021-08-16 20:03:10:WARNING:root:Scan: pSearchSeam4_2=[0,-20,250]
2021-08-16 20:03:18:WARNING:root:Found: pSeamFound4_2=[-3.35,-10.8,231.61]
2021-08-16 20:03:18:DEBUG:root:pos0=[0,-20,10]
2021-08-16 20:03:18:DEBUG:root:pos1=[-5.6,-12.3,69.3], pos2=[-3.3,-10.8,231.6]
2021-08-16 20:03:18:DEBUG:root:DropFeet=[-6.4,-12.8,10], Advised=[-6.4,-12.8,10]
2021-08-16 20:03:18:DEBUG:root:Offset=[-6.4,7.2,0]
2021-08-16 20:03:18:DEBUG:root:pos0=[0,-20,100]
2021-08-16 20:03:18:DEBUG:root:pos1=[-5.6,-12.3,69.3], pos2=[-3.3,-10.8,231.6]
2021-08-16 20:03:18:DEBUG:root:DropFeet=[-5.1,-12,100], Advised=[-5.1,-12,100]
2021-08-16 20:03:18:DEBUG:root:Offset=[-5.1,8,0]
2021-08-16 20:03:18:DEBUG:root:pos0=[0,-20,380]
2021-08-16 20:03:18:DEBUG:root:pos1=[-5.6,-12.3,69.3], pos2=[-3.3,-10.8,231.6]
2021-08-16 20:03:18:DEBUG:root:DropFeet=[-1.3,-9.5,379.9], Advised=[-1.3,-9.5,379.9]
2021-08-16 20:03:18:DEBUG:root:Offset=[-1.3,10.5,-0.1]
2021-08-16 20:03:45:WARNING:root:Scan: pSearchSeam5_1=[161.5,-125.01,-0.01]
2021-08-16 20:03:55:WARNING:root:Found: pSeamFound5_1=[141.71,-138,-6.7]
2021-08-16 20:03:55:WARNING:root:Scan: pSearchSeam5_2=[161.5,-50,-0.01]
2021-08-16 20:03:57:WARNING:root:Found: pSeamFound5_2=[139.99,-63,-6.43]
2021-08-16 20:03:57:DEBUG:root:pos0=[161.5,-125,0]
2021-08-16 20:03:57:DEBUG:root:pos1=[141.7,-138,-6.7], pos2=[140,-63,-6.4]
2021-08-16 20:03:57:DEBUG:root:DropFeet=[141.4,-125.4,-6.7], Advised=[141.4,-125.4,-6.7]
2021-08-16 20:03:57:DEBUG:root:Offset=[-20.1,-0.4,-6.7]
2021-08-16 20:03:57:DEBUG:root:pos0=[161.5,-24,0]
2021-08-16 20:03:57:DEBUG:root:pos1=[141.7,-138,-6.7], pos2=[140,-63,-6.4]
2021-08-16 20:03:57:DEBUG:root:DropFeet=[139.1,-24.5,-6.3], Advised=[139.1,-24.5,-6.3]
2021-08-16 20:03:57:DEBUG:root:Offset=[-22.4,-0.5,-6.3]
2021-08-16 20:04:33:WARNING:root:Scan: pSearchSeam6_1=[0,-125,440]
2021-08-16 20:04:43:WARNING:root:Found: pSeamFound6_1=[2.36,-109.65,434.08]
2021-08-16 20:04:43:WARNING:root:Scan: pSearchSeam6_2=[0,125,440]
2021-08-16 20:04:46:WARNING:root:Found: pSeamFound6_2=[-3.28,140.51,430.89]
2021-08-16 20:04:46:DEBUG:root:pos0=[0,-155.5,440]
2021-08-16 20:04:46:DEBUG:root:pos1=[2.4,-109.7,434.1], pos2=[-3.3,140.5,430.9]
2021-08-16 20:04:46:DEBUG:root:DropFeet=[3.4,-155.5,434.7], Advised=[3.4,-155.5,434.7]
2021-08-16 20:04:46:DEBUG:root:Offset=[3.4,0,-5.3]
2021-08-16 20:04:46:DEBUG:root:pos0=[0,144.5,440]
2021-08-16 20:04:46:DEBUG:root:pos1=[2.4,-109.7,434.1], pos2=[-3.3,140.5,430.9]
2021-08-16 20:04:46:DEBUG:root:DropFeet=[-3.4,144.3,430.8], Advised=[-3.4,144.3,430.8]
2021-08-16 20:04:46:DEBUG:root:Offset=[-3.4,-0.2,-9.2]
2021-08-16 20:05:10:WARNING:root:Scan: pSearchSeam7_1=[172.5,125,18]
2021-08-16 20:05:21:WARNING:root:Found: pSeamFound7_1=[137.98,131.49,-0.45]
2021-08-16 20:05:21:WARNING:root:Scan: pSearchSeam7_2=[172.5,25,18]
2021-08-16 20:05:24:WARNING:root:Found: pSeamFound7_2=[140.57,31.46,-0.97]
2021-08-16 20:05:24:DEBUG:root:pos0=[172.5,144.5,-6]
2021-08-16 20:05:24:DEBUG:root:pos1=[138,131.5,-0.5], pos2=[140.6,31.5,-1]
2021-08-16 20:05:24:DEBUG:root:DropFeet=[137.7,143.6,-0.4], Advised=[137.7,143.6,-0.4]
2021-08-16 20:05:24:DEBUG:root:Offset=[-34.8,-0.9,5.6]
2021-08-16 20:05:24:DEBUG:root:pos0=[172.5,13,-6]
2021-08-16 20:05:24:DEBUG:root:pos1=[138,131.5,-0.5], pos2=[140.6,31.5,-1]
2021-08-16 20:05:24:DEBUG:root:DropFeet=[141.1,12.2,-1.1], Advised=[141.1,12.2,-1.1]
2021-08-16 20:05:24:DEBUG:root:Offset=[-31.4,-0.8,4.9]
2021-08-16 20:05:48:WARNING:root:Template_1001 is done
2021-08-16 20:09:52:WARNING:root:Modules are saved
2021-08-16 20:09:52:WARNING:root:Job Weld: 2/2 - 1001
2021-08-16 20:09:52:WARNING:root:Pos: [-2165,-61,59]
2021-08-16 20:09:52:WARNING:root:Gantry: [-2165,-61,-59]
2021-08-16 20:09:52:WARNING:root:Start to run Template_1001...
2021-08-16 20:10:10:WARNING:root:Search oframe
2021-08-16 20:10:17:WARNING:root:Scan: pQ1_Y1=[0,75,0]
2021-08-16 20:10:28:WARNING:root:Found: pQ1_Y1_Found=[-24.47,85.53,-3.61]
2021-08-16 20:10:28:WARNING:root:Scan: pQ1_Y2=[0,200,0]
2021-08-16 20:10:30:WARNING:root:Found: pQ1_Y2_Found=[-29.12,209.65,-3.85]
2021-08-16 20:10:35:WARNING:root:Scan: pQ1_Z2=[0,0,250]
2021-08-16 20:10:43:WARNING:root:Found: pQ1_Z2_Found=[-22.61,-2.49,229.17]
2021-08-16 20:10:44:WARNING:root:poseFrame.trans:=[-21.1576,-2.88536,-3.43904]
2021-08-16 20:10:44:WARNING:root:poseFrame.rot:=[92.1455,0.110711,89.6462]
2021-08-16 20:10:44:WARNING:root:oframe.trans:=[-21.1576,-2.88536,-3.43904]
2021-08-16 20:10:44:WARNING:root:oframe.rot:=[0,0,0]
2021-08-16 20:10:48:WARNING:root:Scan: pSearchSeam1_1=[100,0,0]
2021-08-16 20:10:56:WARNING:root:Found: pSeamFound1_1=[114.45,-2.78,-3.68]
2021-08-16 20:10:56:WARNING:root:Scan: pSearchSeam1_2=[25,0,0]
2021-08-16 20:10:59:WARNING:root:Found: pSeamFound1_2=[39.39,-1.43,-5.01]
2021-08-16 20:10:59:DEBUG:root:pos0=[133,0,0]
2021-08-16 20:10:59:DEBUG:root:pos1=[114.4,-2.8,-3.7], pos2=[39.4,-1.4,-5]
2021-08-16 20:10:59:DEBUG:root:DropFeet=[133,-3.1,-3.4], Advised=[133,-3.1,-3.4]
2021-08-16 20:10:59:DEBUG:root:Offset=[0,-3.1,-3.4]
2021-08-16 20:10:59:DEBUG:root:pos0=[0,0,0]
2021-08-16 20:10:59:DEBUG:root:pos1=[114.4,-2.8,-3.7], pos2=[39.4,-1.4,-5]
2021-08-16 20:10:59:DEBUG:root:DropFeet=[0.1,-0.7,-5.7], Advised=[0.1,-0.7,-5.7]
2021-08-16 20:10:59:DEBUG:root:Offset=[0.1,-0.7,-5.7]
2021-08-16 20:11:53:DEBUG:root:pos0=[133,0,17.7]
2021-08-16 20:11:53:DEBUG:root:pos1=[114.4,-2.8,-3.7], pos2=[39.4,-1.4,-5]
2021-08-16 20:11:53:DEBUG:root:DropFeet=[133.3,-3.1,-3.3], Advised=[133.3,-3.1,-3.3]
2021-08-16 20:11:53:DEBUG:root:Offset=[0.3,-3.1,-21.1]
2021-08-16 20:11:54:DEBUG:root:pos0=[0,0,0]
2021-08-16 20:11:54:DEBUG:root:pos1=[114.4,-2.8,-3.7], pos2=[39.4,-1.4,-5]
2021-08-16 20:11:54:DEBUG:root:DropFeet=[0.1,-0.7,-5.7], Advised=[0.1,-0.7,-5.7]
2021-08-16 20:11:54:DEBUG:root:Offset=[0.1,-0.7,-5.7]
2021-08-16 20:14:39:WARNING:root:Scan: pSearchSeam2_1=[0,0,50]
2021-08-16 20:16:09:WARNING:root:Modules are saved
2021-08-16 20:16:09:WARNING:root:Job Weld: 2/2 - 1001
2021-08-16 20:16:09:WARNING:root:Pos: [-2165,-61,59]
2021-08-16 20:16:09:WARNING:root:Gantry: [-2165,-61,-59]
2021-08-16 20:16:09:WARNING:root:Start to run Template_1001...
2021-08-16 20:16:09:WARNING:root:Search oframe
2021-08-16 20:30:30:WARNING:root:toolWeldGun.trans=[-57.3545,7.08042,540.927]
2021-08-16 20:30:35:WARNING:root:toolWeldGun.rot=[0.981627,0,0.190809,0]
2021-08-16 20:30:36:WARNING:root:toolWeldGun.rot="[0,22,0]"
2021-08-16 20:34:44:WARNING:root:Modules are saved
2021-08-16 20:34:44:WARNING:root:Job Weld: 1/2 - 1002
2021-08-16 20:34:44:WARNING:root:Pos: [-513,-36,67]
2021-08-16 20:34:44:WARNING:root:Gantry: [-513,-36,-67]
2021-08-16 20:34:44:WARNING:root:Start to run Template_1002...
2021-08-16 20:34:47:WARNING:root:Search oframe
2021-08-16 20:34:51:WARNING:root:Scan: pQ2_Y1=[-0.03,74.99,-0.03]
2021-08-16 20:35:05:WARNING:root:Modules are saved
2021-08-16 20:35:05:WARNING:root:Job Weld: 1/2 - 1002
2021-08-16 20:35:05:WARNING:root:Pos: [-513,-36,67]
2021-08-16 20:35:05:WARNING:root:Gantry: [-513,-36,-67]
2021-08-16 20:35:05:WARNING:root:Start to run Template_1002...
2021-08-16 20:35:05:WARNING:root:Search oframe
2021-08-16 20:35:06:WARNING:root:Scan: pQ2_Y1=[-0.03,74.99,-0.03]
2021-08-16 20:35:18:WARNING:root:Found: pQ2_Y1_Found=[17.75,89.79,-1.08]
2021-08-16 20:35:18:WARNING:root:Scan: pQ2_Y2=[-0.03,200,-0.03]
2021-08-16 20:35:21:WARNING:root:Found: pQ2_Y2_Found=[15.19,215.17,-0.29]
2021-08-16 20:35:26:WARNING:root:Scan: pQ2_Z2=[0,0,250]
2021-08-16 20:35:36:WARNING:root:Found: pQ2_Z2_Found=[16,6.59,231.78]
2021-08-16 20:35:36:WARNING:root:poseFrame.trans:=[19.4173,8.13023,-1.59453]
2021-08-16 20:35:36:WARNING:root:poseFrame.rot:=[91.1697,-0.360932,89.1535]
2021-08-16 20:35:36:WARNING:root:oframe.trans:=[19.4173,8.13023,-1.59453]
2021-08-16 20:35:36:WARNING:root:oframe.rot:=[0,0,0]
2021-08-16 20:35:42:WARNING:root:Scan: pSearchSeam1_1=[-100,0,0]
2021-08-16 20:35:52:WARNING:root:Found: pSeamFound1_1=[-114.61,-6.37,1.72]
2021-08-16 20:35:52:WARNING:root:Scan: pSearchSeam1_2=[-25,0,0]
2021-08-16 20:35:54:WARNING:root:Found: pSeamFound1_2=[-40,-4.42,1.96]
2021-08-16 20:35:55:DEBUG:root:pos0=[-132,0,0]
2021-08-16 20:35:55:DEBUG:root:pos1=[-114.6,-6.4,1.7], pos2=[-40,-4.4,2]
2021-08-16 20:35:55:DEBUG:root:DropFeet=[-131.8,-6.8,1.7], Advised=[-131.8,-6.8,1.7]
2021-08-16 20:35:55:DEBUG:root:Offset=[0.2,-6.8,1.7]
2021-08-16 20:35:55:DEBUG:root:pos0=[-10,0,0]
2021-08-16 20:35:55:DEBUG:root:pos1=[-114.6,-6.4,1.7], pos2=[-40,-4.4,2]
2021-08-16 20:35:55:DEBUG:root:DropFeet=[-9.9,-3.6,2.1], Advised=[-9.9,-3.6,2.1]
2021-08-16 20:35:55:DEBUG:root:Offset=[0.1,-3.6,2.1]
2021-08-16 20:36:18:WARNING:root:Scan: pSearchSeam2_1=[0,0,50]
2021-08-16 20:36:34:WARNING:root:Found: pSeamFound2_1=[-0.53,-0.85,65.51]
2021-08-16 20:36:34:WARNING:root:Scan: pSearchSeam2_2=[0,0,250]
2021-08-16 20:36:42:WARNING:root:Found: pSeamFound2_2=[-3.76,-1.36,234.81]
2021-08-16 20:36:42:DEBUG:root:pos0=[0,0,10]
2021-08-16 20:36:42:DEBUG:root:pos1=[-0.5,-0.9,65.5], pos2=[-3.8,-1.4,234.8]
2021-08-16 20:36:42:DEBUG:root:DropFeet=[0.5,-0.7,10], Advised=[0.5,-0.7,10]
2021-08-16 20:36:42:DEBUG:root:Offset=[0.5,-0.7,0]
2021-08-16 20:36:42:DEBUG:root:pos0=[0,0,100]
2021-08-16 20:36:42:DEBUG:root:pos1=[-0.5,-0.9,65.5], pos2=[-3.8,-1.4,234.8]
2021-08-16 20:36:42:DEBUG:root:DropFeet=[-1.2,-1,100], Advised=[-1.2,-1,100]
2021-08-16 20:36:42:DEBUG:root:Offset=[-1.2,-1,0]
2021-08-16 20:36:42:DEBUG:root:pos0=[0,0,385]
2021-08-16 20:36:42:DEBUG:root:pos1=[-0.5,-0.9,65.5], pos2=[-3.8,-1.4,234.8]
2021-08-16 20:36:42:DEBUG:root:DropFeet=[-6.6,-1.8,384.9], Advised=[-6.6,-1.8,384.9]
2021-08-16 20:36:42:DEBUG:root:Offset=[-6.6,-1.8,-0.1]
2021-08-16 20:37:33:WARNING:root:Scan: pSearchSeam3_1=[-100,-11,0]
2021-08-16 20:37:43:WARNING:root:Found: pSeamFound3_1=[-115.57,-14.92,-2.83]
2021-08-16 20:37:43:WARNING:root:Scan: pSearchSeam3_2=[-25,-11,0]
2021-08-16 20:37:45:WARNING:root:Found: pSeamFound3_2=[-40.22,-12.64,-3.01]
2021-08-16 20:37:45:DEBUG:root:pos0=[-132,-11,0]
2021-08-16 20:37:45:DEBUG:root:pos1=[-115.6,-14.9,-2.8], pos2=[-40.2,-12.6,-3]
2021-08-16 20:37:45:DEBUG:root:DropFeet=[-131.9,-15.4,-2.8], Advised=[-131.9,-15.4,-2.8]
2021-08-16 20:37:45:DEBUG:root:Offset=[0.1,-4.4,-2.8]
2021-08-16 20:37:45:DEBUG:root:pos0=[-10,-11,0]
2021-08-16 20:37:45:DEBUG:root:pos1=[-115.6,-14.9,-2.8], pos2=[-40.2,-12.6,-3]
2021-08-16 20:37:45:DEBUG:root:DropFeet=[-10,-11.7,-3.1], Advised=[-10,-11.7,-3.1]
2021-08-16 20:37:45:DEBUG:root:Offset=[0,-0.7,-3.1]
2021-08-16 20:38:08:WARNING:root:Scan: pSearchSeam4_1=[0,-11,50]
2021-08-16 20:38:17:WARNING:root:Found: pSeamFound4_1=[-6.34,-11.47,67.44]
2021-08-16 20:38:17:WARNING:root:Scan: pSearchSeam4_2=[0,-11,250]
2021-08-16 20:38:24:WARNING:root:Found: pSeamFound4_2=[-7.07,-12.9,236.04]
2021-08-16 20:38:26:DEBUG:root:pos0=[0,-11,10]
2021-08-16 20:38:26:DEBUG:root:pos1=[-6.3,-11.5,67.4], pos2=[-7.1,-12.9,236]
2021-08-16 20:38:26:DEBUG:root:DropFeet=[-6.1,-11,10], Advised=[-6.1,-11,10]
2021-08-16 20:38:26:DEBUG:root:Offset=[-6.1,0,0]
2021-08-16 20:38:26:DEBUG:root:pos0=[0,-11,99.9]
2021-08-16 20:38:26:DEBUG:root:pos1=[-6.3,-11.5,67.4], pos2=[-7.1,-12.9,236]
2021-08-16 20:38:26:DEBUG:root:DropFeet=[-6.5,-11.7,99.9], Advised=[-6.5,-11.7,99.9]
2021-08-16 20:38:26:DEBUG:root:Offset=[-6.5,-0.7,0]
2021-08-16 20:38:26:DEBUG:root:pos0=[0,-11,390]
2021-08-16 20:38:26:DEBUG:root:pos1=[-6.3,-11.5,67.4], pos2=[-7.1,-12.9,236]
2021-08-16 20:38:26:DEBUG:root:DropFeet=[-7.7,-14.2,389.9], Advised=[-7.7,-14.2,389.9]
2021-08-16 20:38:26:DEBUG:root:Offset=[-7.7,-3.2,-0.1]
2021-08-16 20:39:00:WARNING:root:Scan: pSearchSeam5_1=[-143.5,-25,0]
2021-08-16 20:39:10:WARNING:root:Found: pSeamFound5_1=[-143.73,-40.22,-3.44]
2021-08-16 20:39:10:WARNING:root:Scan: pSearchSeam5_2=[-143.5,-125,0]
2021-08-16 20:39:12:WARNING:root:Found: pSeamFound5_2=[-141.05,-139.63,-3.99]
2021-08-16 20:39:13:DEBUG:root:pos0=[-143.5,-155.5,0]
2021-08-16 20:39:13:DEBUG:root:pos1=[-143.7,-40.2,-3.4], pos2=[-141.1,-139.6,-4]
2021-08-16 20:39:13:DEBUG:root:DropFeet=[-140.6,-155.4,-4.1], Advised=[-140.6,-155.4,-4.1]
2021-08-16 20:39:13:DEBUG:root:Offset=[2.9,0.1,-4.1]
2021-08-16 20:39:13:DEBUG:root:pos0=[-143.5,-21,0]
2021-08-16 20:39:13:DEBUG:root:pos1=[-143.7,-40.2,-3.4], pos2=[-141.1,-139.6,-4]
2021-08-16 20:39:13:DEBUG:root:DropFeet=[-144.2,-21,-3.3], Advised=[-144.2,-21,-3.3]
2021-08-16 20:39:13:DEBUG:root:Offset=[-0.7,0,-3.3]
2021-08-16 20:39:46:WARNING:root:Scan: pSearchSeam6_1=[0,-116.94,434.86]
2021-08-16 20:39:55:WARNING:root:Found: pSeamFound6_1=[-1.63,-129.49,447.51]
2021-08-16 20:39:55:WARNING:root:Scan: pSearchSeam6_2=[0,125,432.02]
2021-08-16 20:39:58:WARNING:root:Found: pSeamFound6_2=[-6.7,113.51,444.9]
2021-08-16 20:39:58:DEBUG:root:pos0=[0,-144.5,416]
2021-08-16 20:39:58:DEBUG:root:pos1=[-1.6,-129.5,447.5], pos2=[-6.7,113.5,444.9]
2021-08-16 20:39:58:DEBUG:root:DropFeet=[-1.3,-144.2,447.7], Advised=[-1.3,-144.2,447.7]
2021-08-16 20:39:58:DEBUG:root:Offset=[-1.3,0.3,31.7]
2021-08-16 20:39:58:DEBUG:root:pos0=[0,144.5,416]
2021-08-16 20:39:58:DEBUG:root:pos1=[-1.6,-129.5,447.5], pos2=[-6.7,113.5,444.9]
2021-08-16 20:39:58:DEBUG:root:DropFeet=[-7.3,144.7,444.6], Advised=[-7.3,144.7,444.6]
2021-08-16 20:39:58:DEBUG:root:Offset=[-7.3,0.2,28.6]
2021-08-16 20:40:13:WARNING:root:Scan: pSearchSeam7_1=[-156.56,23.99,-0.01]
2021-08-16 20:40:22:WARNING:root:Found: pSeamFound7_1=[-142.52,40.16,0.34]
2021-08-16 20:40:22:WARNING:root:Scan: pSearchSeam7_2=[-156,100,0]
2021-08-16 20:40:25:WARNING:root:Found: pSeamFound7_2=[-143.83,116.32,0.49]
2021-08-16 20:40:25:DEBUG:root:pos0=[-143.5,25,0]
2021-08-16 20:40:25:DEBUG:root:pos1=[-142.5,40.2,0.3], pos2=[-143.8,116.3,0.5]
2021-08-16 20:40:25:DEBUG:root:DropFeet=[-142.3,25,0.3], Advised=[-142.3,25,0.3]
2021-08-16 20:40:25:DEBUG:root:Offset=[1.2,0,0.3]
2021-08-16 20:40:25:DEBUG:root:pos0=[-143.5,125,0]
2021-08-16 20:40:25:DEBUG:root:pos1=[-142.5,40.2,0.3], pos2=[-143.8,116.3,0.5]
2021-08-16 20:40:25:DEBUG:root:DropFeet=[-144,125,0.5], Advised=[-144,125,0.5]
2021-08-16 20:40:25:DEBUG:root:Offset=[-0.5,0,0.5]
2021-08-16 20:40:53:WARNING:root:Template_1002 is done
2021-08-16 20:41:01:WARNING:root:Job Weld: 2/2 - 1001
2021-08-16 20:41:01:WARNING:root:Pos: [-2165,-61,59]
2021-08-16 20:41:01:WARNING:root:Gantry: [-2165,-61,-59]
2021-08-16 20:41:01:WARNING:root:Start to run Template_1001...
2021-08-16 20:41:02:WARNING:root:Search oframe
2021-08-16 20:41:10:WARNING:root:Scan: pQ1_Y1=[0,75,0]
2021-08-16 20:41:20:WARNING:root:Found: pQ1_Y1_Found=[-25,85.42,-3.71]
2021-08-16 20:41:20:WARNING:root:Scan: pQ1_Y2=[0,200,0]
2021-08-16 20:41:23:WARNING:root:Found: pQ1_Y2_Found=[-29.05,209.64,-4.04]
2021-08-16 20:41:27:WARNING:root:Scan: pQ1_Z2=[0,0,250]
2021-08-16 20:41:35:WARNING:root:Found: pQ1_Z2_Found=[-22.58,-2.47,229.16]
2021-08-16 20:41:36:WARNING:root:poseFrame.trans:=[-22.1148,-3.07285,-3.47491]
2021-08-16 20:41:36:WARNING:root:poseFrame.rot:=[91.8674,0.15213,89.8903]
2021-08-16 20:41:36:WARNING:root:oframe.trans:=[-22.1148,-3.07285,-3.47491]
2021-08-16 20:41:36:WARNING:root:oframe.rot:=[0,0,0]
2021-08-16 20:41:40:WARNING:root:Scan: pSearchSeam1_1=[100,0,0]
2021-08-16 20:41:49:WARNING:root:Found: pSeamFound1_1=[114.64,-0.06,-4.79]
2021-08-16 20:41:49:WARNING:root:Scan: pSearchSeam1_2=[25,0,0]
2021-08-16 20:41:51:WARNING:root:Found: pSeamFound1_2=[39.52,-0.86,-4.79]
2021-08-16 20:41:51:DEBUG:root:pos0=[133,0,0]
2021-08-16 20:41:51:DEBUG:root:pos1=[114.6,-0.1,-4.8], pos2=[39.5,-0.9,-4.8]
2021-08-16 20:41:51:DEBUG:root:DropFeet=[133,0.1,-4.8], Advised=[133,0.1,-4.8]
2021-08-16 20:41:51:DEBUG:root:Offset=[0,0.1,-4.8]
2021-08-16 20:41:51:DEBUG:root:pos0=[0,0,0]
2021-08-16 20:41:51:DEBUG:root:pos1=[114.6,-0.1,-4.8], pos2=[39.5,-0.9,-4.8]
2021-08-16 20:41:51:DEBUG:root:DropFeet=[0,-1.3,-4.8], Advised=[0,-1.3,-4.8]
2021-08-16 20:41:51:DEBUG:root:Offset=[0,-1.3,-4.8]
2021-08-16 20:42:15:WARNING:root:Scan: pSearchSeam2_1=[0,0,50]
2021-08-16 20:42:25:WARNING:root:Found: pSeamFound2_1=[0.65,-2.23,65.19]
2021-08-16 20:42:25:WARNING:root:Scan: pSearchSeam2_2=[0,0,250]
2021-08-16 20:42:32:WARNING:root:Found: pSeamFound2_2=[-0.26,0.36,234.24]
2021-08-16 20:42:32:DEBUG:root:pos0=[0,0,10]
2021-08-16 20:42:32:DEBUG:root:pos1=[0.7,-2.2,65.2], pos2=[-0.3,0.4,234.2]
2021-08-16 20:42:32:DEBUG:root:DropFeet=[0.9,-3.1,10.1], Advised=[0.9,-3.1,10.1]
2021-08-16 20:42:32:DEBUG:root:Offset=[0.9,-3.1,0.1]
2021-08-16 20:42:32:DEBUG:root:pos0=[0,0,100]
2021-08-16 20:42:32:DEBUG:root:pos1=[0.7,-2.2,65.2], pos2=[-0.3,0.4,234.2]
2021-08-16 20:42:32:DEBUG:root:DropFeet=[0.5,-1.7,100], Advised=[0.5,-1.7,100]
2021-08-16 20:42:32:DEBUG:root:Offset=[0.5,-1.7,0]
2021-08-16 20:42:32:DEBUG:root:pos0=[0,0,385]
2021-08-16 20:42:32:DEBUG:root:pos1=[0.7,-2.2,65.2], pos2=[-0.3,0.4,234.2]
2021-08-16 20:42:32:DEBUG:root:DropFeet=[-1.1,2.7,385], Advised=[-1.1,2.7,385]
2021-08-16 20:42:32:DEBUG:root:Offset=[-1.1,2.7,0]
2021-08-16 20:43:11:WARNING:root:Scan: pSearchSeam3_1=[100,-20,0]
2021-08-16 20:43:21:WARNING:root:Found: pSeamFound3_1=[112.29,-7.91,-6.95]
2021-08-16 20:43:21:WARNING:root:Scan: pSearchSeam3_2=[25,-20,0]
2021-08-16 20:43:24:WARNING:root:Found: pSeamFound3_2=[37.65,-9.71,-6.8]
2021-08-16 20:43:24:DEBUG:root:pos0=[133,-20,7]
2021-08-16 20:43:24:DEBUG:root:pos1=[112.3,-7.9,-6.9], pos2=[37.7,-9.7,-6.8]
2021-08-16 20:43:24:DEBUG:root:DropFeet=[132.6,-7.4,-7], Advised=[132.6,-7.4,-7]
2021-08-16 20:43:24:DEBUG:root:Offset=[-0.3,12.6,-14]
2021-08-16 20:43:24:DEBUG:root:pos0=[0,-20,7]
2021-08-16 20:43:24:DEBUG:root:pos1=[112.3,-7.9,-6.9], pos2=[37.7,-9.7,-6.8]
2021-08-16 20:43:24:DEBUG:root:DropFeet=[-0.3,-10.6,-6.7], Advised=[-0.3,-10.6,-6.7]
2021-08-16 20:43:24:DEBUG:root:Offset=[-0.3,9.4,-13.7]
2021-08-16 20:43:48:WARNING:root:Scan: pSearchSeam4_1=[0,20,50]
2021-08-16 20:43:58:WARNING:root:Found: pSeamFound4_1=[-5.8,-12.31,69.21]
2021-08-16 20:43:58:WARNING:root:Scan: pSearchSeam4_2=[0,-20,250]
2021-08-16 20:44:06:WARNING:root:Found: pSeamFound4_2=[-3.7,-10.8,231.53]
2021-08-16 20:44:06:DEBUG:root:pos0=[0,-20,10]
2021-08-16 20:44:06:DEBUG:root:pos1=[-5.8,-12.3,69.2], pos2=[-3.7,-10.8,231.5]
2021-08-16 20:44:06:DEBUG:root:DropFeet=[-6.6,-12.9,10], Advised=[-6.6,-12.9,10]
2021-08-16 20:44:06:DEBUG:root:Offset=[-6.6,7.1,0]
2021-08-16 20:44:06:DEBUG:root:pos0=[0,-20,100]
2021-08-16 20:44:06:DEBUG:root:pos1=[-5.8,-12.3,69.2], pos2=[-3.7,-10.8,231.5]
2021-08-16 20:44:06:DEBUG:root:DropFeet=[-5.4,-12,100], Advised=[-5.4,-12,100]
2021-08-16 20:44:06:DEBUG:root:Offset=[-5.4,8,0]
2021-08-16 20:44:06:DEBUG:root:pos0=[0,-20,380]
2021-08-16 20:44:06:DEBUG:root:pos1=[-5.8,-12.3,69.2], pos2=[-3.7,-10.8,231.5]
2021-08-16 20:44:06:DEBUG:root:DropFeet=[-1.8,-9.4,379.9], Advised=[-1.8,-9.4,379.9]
2021-08-16 20:44:06:DEBUG:root:Offset=[-1.8,10.6,-0.1]
2021-08-16 20:44:33:WARNING:root:Scan: pSearchSeam5_1=[161.5,-125.01,-0.01]
2021-08-16 20:44:43:WARNING:root:Found: pSeamFound5_1=[141.28,-137.96,-6.75]
2021-08-16 20:44:43:WARNING:root:Scan: pSearchSeam5_2=[161.5,-50,-0.01]
2021-08-16 20:44:45:WARNING:root:Found: pSeamFound5_2=[139.7,-62.98,-6.48]
2021-08-16 20:44:45:DEBUG:root:pos0=[161.5,-125,0]
2021-08-16 20:44:45:DEBUG:root:pos1=[141.3,-138,-6.8], pos2=[139.7,-63,-6.5]
2021-08-16 20:44:45:DEBUG:root:DropFeet=[141,-125.4,-6.7], Advised=[141,-125.4,-6.7]
2021-08-16 20:44:45:DEBUG:root:Offset=[-20.5,-0.4,-6.7]
2021-08-16 20:44:45:DEBUG:root:pos0=[161.5,-24,0]
2021-08-16 20:44:45:DEBUG:root:pos1=[141.3,-138,-6.8], pos2=[139.7,-63,-6.5]
2021-08-16 20:44:45:DEBUG:root:DropFeet=[138.9,-24.5,-6.3], Advised=[138.9,-24.5,-6.3]
2021-08-16 20:44:45:DEBUG:root:Offset=[-22.6,-0.5,-6.3]
2021-08-16 20:45:22:WARNING:root:Scan: pSearchSeam6_1=[0,-125,440]
2021-08-16 20:45:31:WARNING:root:Found: pSeamFound6_1=[1.92,-109.67,434.3]
2021-08-16 20:45:31:WARNING:root:Scan: pSearchSeam6_2=[0,125,440]
2021-08-16 20:45:35:WARNING:root:Found: pSeamFound6_2=[-3.52,140.52,430.81]
2021-08-16 20:45:35:DEBUG:root:pos0=[0,-155.5,440]
2021-08-16 20:45:35:DEBUG:root:pos1=[1.9,-109.7,434.3], pos2=[-3.5,140.5,430.8]
2021-08-16 20:45:35:DEBUG:root:DropFeet=[2.9,-155.5,434.9], Advised=[2.9,-155.5,434.9]
2021-08-16 20:45:35:DEBUG:root:Offset=[2.9,0,-5.1]
2021-08-16 20:45:35:DEBUG:root:pos0=[0,144.5,440]
2021-08-16 20:45:35:DEBUG:root:pos1=[1.9,-109.7,434.3], pos2=[-3.5,140.5,430.8]
2021-08-16 20:45:35:DEBUG:root:DropFeet=[-3.6,144.3,430.8], Advised=[-3.6,144.3,430.8]
2021-08-16 20:45:35:DEBUG:root:Offset=[-3.6,-0.2,-9.2]
2021-08-16 20:45:58:WARNING:root:Scan: pSearchSeam7_1=[172.5,125,18]
2021-08-16 20:46:10:WARNING:root:Found: pSeamFound7_1=[137.73,131.44,-0.55]
2021-08-16 20:46:10:WARNING:root:Scan: pSearchSeam7_2=[172.5,25,18]
2021-08-16 20:46:12:WARNING:root:Found: pSeamFound7_2=[140.28,31.46,-0.92]
2021-08-16 20:46:12:DEBUG:root:pos0=[172.5,144.5,-6]
2021-08-16 20:46:12:DEBUG:root:pos1=[137.7,131.4,-0.6], pos2=[140.3,31.5,-0.9]
2021-08-16 20:46:12:DEBUG:root:DropFeet=[137.4,143.6,-0.5], Advised=[137.4,143.6,-0.5]
2021-08-16 20:46:12:DEBUG:root:Offset=[-35.1,-0.9,5.5]
2021-08-16 20:46:12:DEBUG:root:pos0=[172.5,13,-6]
2021-08-16 20:46:12:DEBUG:root:pos1=[137.7,131.4,-0.6], pos2=[140.3,31.5,-0.9]
2021-08-16 20:46:12:DEBUG:root:DropFeet=[140.8,12.2,-1], Advised=[140.8,12.2,-1]
2021-08-16 20:46:12:DEBUG:root:Offset=[-31.7,-0.8,5]
2021-08-16 20:46:37:WARNING:root:Template_1001 is done
