2021-08-10 17:34:38:WARNING:root:Modules are saved
2021-08-10 17:34:38:WARNING:root:Job Weld: 1/1 - 1001
2021-08-10 17:34:38:WARNING:root:Pos: [-1500,0,24]
2021-08-10 17:34:38:WARNING:root:Gantry: [-1500,0,536]
2021-08-10 17:34:38:WARNING:root:Start to run Template_1001...
2021-08-10 17:42:06:WARNING:root:Modules are saved
2021-08-10 17:42:06:WARNING:root:Job Weld: 1/1 - 1001
2021-08-10 17:42:06:WARNING:root:Pos: [-1500,0,24]
2021-08-10 17:42:06:WARNING:root:Gantry: [-1500,0,536]
2021-08-10 17:42:06:WARNING:root:Start to run Template_1001...
2021-08-10 17:43:53:WARNING:root:Modules are saved
2021-08-10 17:43:53:WARNING:root:Job Weld: 1/1 - 1001
2021-08-10 17:43:53:WARNING:root:Pos: [-1500,0,24]
2021-08-10 17:43:53:WARNING:root:Gantry: [-1500,0,536]
2021-08-10 17:43:53:WARNING:root:Start to run Template_1001...
2021-08-10 17:44:04:WARNING:root:Start to run Template_1001...
2021-08-10 17:47:27:WARNING:root:Modules are saved
2021-08-10 17:47:27:WARNING:root:Job Weld: 1/1 - 1001
2021-08-10 17:47:27:WARNING:root:Pos: [-1500,0,24]
2021-08-10 17:47:27:WARNING:root:Gantry: [-1500,0,536]
2021-08-10 17:47:27:WARNING:root:Start to run Template_1001...
2021-08-10 18:49:25:WARNING:root:Modules are saved
2021-08-10 18:49:25:WARNING:root:Job Weld: 1/1 - 1001
2021-08-10 18:49:25:WARNING:root:Pos: [-1500,0,24]
2021-08-10 18:49:25:WARNING:root:Gantry: [-1500,0,536]
2021-08-10 18:49:25:WARNING:root:Start to run Template_1001...
2021-08-10 18:50:01:WARNING:root:Modules are saved
2021-08-10 18:50:01:WARNING:root:Job Weld: 1/1 - 1001
2021-08-10 18:50:01:WARNING:root:Pos: [-1500,0,24]
2021-08-10 18:50:01:WARNING:root:Gantry: [-1500,0,536]
2021-08-10 18:50:01:WARNING:root:Start to run Template_1001...
2021-08-10 18:50:52:WARNING:root:Modules are saved
2021-08-10 18:50:52:WARNING:root:Job Weld: 1/1 - 1001
2021-08-10 18:50:52:WARNING:root:Pos: [-1500,0,24]
2021-08-10 18:50:52:WARNING:root:Gantry: [-1500,0,536]
2021-08-10 18:50:52:WARNING:root:Start to run Template_1001...
2021-08-10 19:13:51:WARNING:root:Scan_1D_Laser for Wobj Origin
2021-08-10 19:14:07:WARNING:root:poseFrame.trans:=[-2165.21,-61.9333,59.0019]
2021-08-10 19:14:07:WARNING:root:poseFrame.rot:=[0.962672,-0.347172,1.14319]
2021-08-10 19:14:07:WARNING:root:uframe.trans:=[-2165.21,-61.9333,59.0019]
2021-08-10 19:14:07:WARNING:root:uframe.rot:=[0.962672,-0.347172,1.14319]
2021-08-10 19:19:36:WARNING:root:Select Quadrant1
2021-08-10 19:19:42:WARNING:root:Use Gantry Offset: [500,500,-1200]
2021-08-10 19:19:42:WARNING:root:BaseFramePosZ=1680
2021-08-10 19:19:42:WARNING:root:Move Gantry to [-1665.21,438.067,420.998]
2021-08-10 19:20:16:WARNING:root:Select Quadrant1
2021-08-10 19:20:19:WARNING:root:Use Gantry Offset: [500,500,-1200]
2021-08-10 19:20:19:WARNING:root:BaseFramePosZ=1680
2021-08-10 19:20:19:WARNING:root:Move Gantry to [-1665.21,438.067,420.998]
2021-08-10 19:21:52:WARNING:root:Select Quadrant1
2021-08-10 19:21:54:WARNING:root:Use Gantry Offset: [500,500,-1200]
2021-08-10 19:21:54:WARNING:root:BaseFramePosZ=1680
2021-08-10 19:21:54:WARNING:root:Move Gantry to [-1665.21,438.067,420.998]
2021-08-10 19:24:19:WARNING:root:Modules are saved
2021-08-10 19:24:19:WARNING:root:Job Weld: 1/1 - 1001
2021-08-10 19:24:19:WARNING:root:Pos: [-2165.21,-61.9333,59.0019]
2021-08-10 19:24:19:WARNING:root:Gantry: [-2165.21,-61.9333,500.998]
2021-08-10 19:24:19:WARNING:root:Start to run Template_1001...
2021-08-10 19:39:26:WARNING:root:Modules are saved
2021-08-10 19:39:26:WARNING:root:Job Weld: 1/1 - 1001
2021-08-10 19:39:26:WARNING:root:Pos: [-2165.21,-61.9333,59.0019]
2021-08-10 19:39:26:WARNING:root:Gantry: [-2165.21,-61.9333,500.998]
2021-08-10 19:39:26:WARNING:root:Start to run Template_1001...
2021-08-10 19:41:44:WARNING:root:Scan_1D_Laser for Wobj Origin
2021-08-10 19:42:07:WARNING:root:Scan_1D_Laser for Wobj Origin
2021-08-10 19:42:24:WARNING:root:poseFrame.trans:=[-2165.42,-61.74,58.5853]
2021-08-10 19:42:24:WARNING:root:poseFrame.rot:=[0.957412,-0.445359,1.22716]
2021-08-10 19:42:37:WARNING:root:Scan_1D_Laser for Wobj Origin
2021-08-10 19:42:54:WARNING:root:poseFrame.trans:=[-2165.56,-61.7432,58.4197]
2021-08-10 19:42:54:WARNING:root:poseFrame.rot:=[0.948647,-0.47692,1.23074]
2021-08-10 19:43:09:WARNING:root:Modules are saved
2021-08-10 19:43:09:WARNING:root:Job Weld: 1/1 - 1001
2021-08-10 19:43:09:WARNING:root:Pos: [-2165.21,-61.9333,59.0019]
2021-08-10 19:43:09:WARNING:root:Gantry: [-2165.21,-61.9333,500.998]
2021-08-10 19:43:09:WARNING:root:Start to run Template_1001...
2021-08-10 20:20:11:WARNING:root:Modules are saved
2021-08-10 20:20:11:WARNING:root:Job Weld: 1/1 - 1001
2021-08-10 20:20:11:WARNING:root:Pos: [-2165.21,-61.9333,59.0019]
2021-08-10 20:20:11:WARNING:root:Gantry: [-2165.21,-61.9333,500.998]
2021-08-10 20:20:11:WARNING:root:Start to run Template_1001...
2021-08-10 20:25:51:WARNING:root:Modules are saved
2021-08-10 20:25:51:WARNING:root:Job Weld: 1/1 - 1001
2021-08-10 20:25:51:WARNING:root:Pos: [-2165.21,-61.9333,59.0019]
2021-08-10 20:25:51:WARNING:root:Gantry: [-2165.21,-61.9333,500.998]
2021-08-10 20:25:51:WARNING:root:Start to run Template_1001...
2021-08-10 20:26:27:WARNING:root:Modules are saved
2021-08-10 20:26:27:WARNING:root:Job Weld: 1/1 - 1001
2021-08-10 20:26:27:WARNING:root:Pos: [-2165.21,-61.9333,59.0019]
2021-08-10 20:26:27:WARNING:root:Gantry: [-2165.21,-61.9333,500.998]
2021-08-10 20:26:27:WARNING:root:Start to run Template_1001...
2021-08-10 20:29:37:WARNING:root:Modules are saved
2021-08-10 20:29:37:WARNING:root:Job Weld: 1/1 - 1001
2021-08-10 20:29:37:WARNING:root:Pos: [-2165.21,-61.9333,59.0019]
2021-08-10 20:29:37:WARNING:root:Gantry: [-2165.21,-61.9333,500.998]
2021-08-10 20:29:37:WARNING:root:Start to run Template_1001...
2021-08-10 20:34:48:WARNING:root:Modules are saved
2021-08-10 20:34:48:WARNING:root:Job Weld: 1/1 - 1001
2021-08-10 20:34:48:WARNING:root:Pos: [-2165.21,-61.9333,59.0019]
2021-08-10 20:34:48:WARNING:root:Gantry: [-2165.21,-61.9333,500.998]
2021-08-10 20:34:48:WARNING:root:Start to run Template_1001...
2021-08-10 20:35:06:WARNING:root:Modules are saved
2021-08-10 20:35:06:WARNING:root:Job Weld: 1/1 - 1001
2021-08-10 20:35:06:WARNING:root:Pos: [-2165.21,-61.9333,59.0019]
2021-08-10 20:35:06:WARNING:root:Gantry: [-2165.21,-61.9333,500.998]
2021-08-10 20:35:06:WARNING:root:Start to run Template_1001...
2021-08-10 20:55:12:WARNING:root:Modules are saved
2021-08-10 20:55:12:WARNING:root:Job Weld: 1/1 - 1001
2021-08-10 20:55:12:WARNING:root:Pos: [-2165.21,-61.9333,59.0019]
2021-08-10 20:55:12:WARNING:root:Gantry: [-2165.21,-61.9333,500.998]
2021-08-10 20:55:12:WARNING:root:Start to run Template_1001...
2021-08-10 20:56:33:WARNING:root:Modules are saved
2021-08-10 20:56:33:WARNING:root:Job Weld: 1/1 - 1001
2021-08-10 20:56:33:WARNING:root:Pos: [-2165.21,-61.9333,59.0019]
2021-08-10 20:56:33:WARNING:root:Gantry: [-2165.21,-61.9333,500.998]
2021-08-10 20:56:33:WARNING:root:Start to run Template_1001...
2021-08-10 20:59:02:WARNING:root:Modules are saved
2021-08-10 20:59:02:WARNING:root:Job Weld: 1/1 - 1001
2021-08-10 20:59:02:WARNING:root:Pos: [-2165.21,-61.9333,59.0019]
2021-08-10 20:59:02:WARNING:root:Gantry: [-2165.21,-61.9333,500.998]
2021-08-10 20:59:02:WARNING:root:Start to run Template_1001...
2021-08-10 21:10:50:WARNING:root:Modules are saved
2021-08-10 21:10:50:WARNING:root:Job Weld: 1/1 - 1001
2021-08-10 21:10:50:WARNING:root:Pos: [-2165.21,-61.9333,59.0019]
2021-08-10 21:10:50:WARNING:root:Gantry: [-2165.21,-61.9333,500.998]
2021-08-10 21:10:50:WARNING:root:Start to run Template_1001...
2021-08-10 21:18:49:WARNING:root:Modules are saved
2021-08-10 21:18:49:WARNING:root:Job Weld: 1/1 - 1001
2021-08-10 21:18:49:WARNING:root:Pos: [-2165.21,-61.9333,59.0019]
2021-08-10 21:18:49:WARNING:root:Gantry: [-2165.21,-61.9333,500.998]
2021-08-10 21:18:49:WARNING:root:Start to run Template_1001...
2021-08-10 21:23:35:WARNING:root:Modules are saved
